#
# A fatal error has been detected by the Java Runtime Environment:
#
#  SIGSEGV (0xb) at pc=0x00007f4922433788, pid=20726, tid=0x00007f48c2296700
#
# JRE version: Java(TM) SE Runtime Environment (8.0_161-b12) (build 1.8.0_161-b12)
# Java VM: Java HotSpot(TM) 64-Bit Server VM (25.161-b12 mixed mode linux-amd64 compressed oops)
# Problematic frame:
# V  [libjvm.so+0x6d7788]  jni_invoke_nonstatic(JNIEnv_*, JavaValue*, _jobject*, JNICallType, _jmethodID*, JNI_ArgumentPusher*, Thread*)+0x38
#
# Failed to write core dump. Core dumps have been disabled. To enable core dumping, try "ulimit -c unlimited" before starting Java again
#
# If you would like to submit a bug report, please visit:
#   http://bugreport.java.com/bugreport/crash.jsp
#

---------------  T H R E A D  ---------------

Current thread (0x00007f491c277000):  JavaThread "JavaFX Application Thread" [_thread_in_vm, id=20752, stack(0x00007f48c2196000,0x00007f48c2297000)]

siginfo: si_signo: 11 (SIGSEGV), si_code: 1 (SEGV_MAPERR), si_addr: 0x0000000000000035

Registers:
RAX=0x00007f48c2295440, RBX=0x00007f48c2295350, RCX=0x0000000000000001, RDX=0x0000000000000035
RSP=0x00007f48c22951a0, RBP=0x00007f48c2295320, RSI=0x00007f48c22953b0, RDI=0x00007f491c2771f8
R8 =0x00007f491c1c8f88, R9 =0x00007f48c2295350, R10=0x00007f48b0000ae0, R11=0x00007f490d387ca0
R12=0x00007f491c277000, R13=0x00007f491c1c8f88, R14=0x0000000000000001, R15=0x00007f491c2771f8
RIP=0x00007f4922433788, EFLAGS=0x0000000000010206, CSGSFS=0x002b000000000033, ERR=0x0000000000000004
  TRAPNO=0x000000000000000e

Top of Stack: (sp=0x00007f48c22951a0)
0x00007f48c22951a0:   00007f48c22958a0 00007f48c22954c0
0x00007f48c22951b0:   00007f48c2295200 00007f48c2295280
0x00007f48c22951c0:   00007f48c2295350 00007f48c22953b0
0x00007f48c22951d0:   00007f491c2771f8 00007f4922453290
0x00007f48c22951e0:   00007f48d8009460 00007f48d8009470
0x00007f48c22951f0:   00007f48d8009848 00000000000003d8
0x00007f48c2295200:   0000000000000000 00000000ec5e2088
0x00007f48c2295210:   00007f490000006f 00007f490000000a
0x00007f48c2295220:   00000000ecf7e8a8 0000000000000000
0x00007f48c2295230:   0000000000000000 0000000000000000
0x00007f48c2295240:   00007f490c909c30 0000000100000100
0x00007f48c2295250:   0000000000000000 00007f48c2295208
0x00007f48c2295260:   00007f48c2295249 0000000800000005
0x00007f48c2295270:   0000000000000000 00007f491c246bb0
0x00007f48c2295280:   00007f4922cc6e70 00007f49237df720
0x00007f48c2295290:   000000001c2464d0 00007f491c277000
0x00007f48c22952a0:   0000000000000000 00007f4922433b5b
0x00007f48c22952b0:   00007f490c913d78 00007f491c277000
0x00007f48c22952c0:   00007f490c913d78 00007f491c277000
0x00007f48c22952d0:   00007f48c2295460 00007f490c913d78
0x00007f48c22952e0:   00007f490c913d78 00007f490c913d78
0x00007f48c22952f0:   00007f48d8009460 00007f48c2295350
0x00007f48c2295300:   00007f491c277000 00007f48c2295390
0x00007f48c2295310:   00007f491c1c8f88 00007f491c2771f8
0x00007f48c2295320:   00007f48c2295410 00007f4922437f2f
0x00007f48c2295330:   00007f491c277000 00007f490436c094
0x00007f48c2295340:   00007f48c2295428 0000000000000035
0x00007f48c2295350:   00007f4922cc7af0 00007f49237df720
0x00007f48c2295360:   00000000c22953d0 48cecfdc00000063
0x00007f48c2295370:   0000000000000000 0000003000000018
0x00007f48c2295380:   00007f48c2295500 00007f48c2295440
0x00007f48c2295390:   00007f491c277000 0000000000000000 

Instructions: (pc=0x00007f4922433788)
0x00007f4922433768:   00 00 48 85 d2 48 89 bd b0 fe ff ff 48 89 b5 a8
0x00007f4922433778:   fe ff ff 4c 89 8d a0 fe ff ff 0f 84 78 09 00 00
0x00007f4922433788:   4c 8b 22 4d 85 e4 0f 84 6c 09 00 00 48 8b 45 10
0x00007f4922433798:   48 8b 98 38 01 00 00 48 83 7b 18 f7 0f 87 16 07 

Register to memory mapping:

RAX=0x00007f48c2295440 is pointing into the stack for thread: 0x00007f491c277000
RBX=0x00007f48c2295350 is pointing into the stack for thread: 0x00007f491c277000
RCX=0x0000000000000001 is an unknown value
RDX=0x0000000000000035 is an unknown value
RSP=0x00007f48c22951a0 is pointing into the stack for thread: 0x00007f491c277000
RBP=0x00007f48c2295320 is pointing into the stack for thread: 0x00007f491c277000
RSI=0x00007f48c22953b0 is pointing into the stack for thread: 0x00007f491c277000
RDI=0x00007f491c2771f8 is an unknown value
R8 =0x00007f491c1c8f88 is an unknown value
R9 =0x00007f48c2295350 is pointing into the stack for thread: 0x00007f491c277000
R10=0x00007f48b0000ae0 is an unknown value
R11=0x00007f490d387ca0 is at entry_point+32 in (nmethod*)0x00007f490d387b10
R12=0x00007f491c277000 is a thread
R13=0x00007f491c1c8f88 is an unknown value
R14=0x0000000000000001 is an unknown value
R15=0x00007f491c2771f8 is an unknown value


Stack: [0x00007f48c2196000,0x00007f48c2297000],  sp=0x00007f48c22951a0,  free space=1020k
Native frames: (J=compiled Java code, j=interpreted, Vv=VM code, C=native code)
V  [libjvm.so+0x6d7788]  jni_invoke_nonstatic(JNIEnv_*, JavaValue*, _jobject*, JNICallType, _jmethodID*, JNI_ArgumentPusher*, Thread*)+0x38
V  [libjvm.so+0x6dbf2f]  jni_CallVoidMethodV+0x10f
C  [libglass.so+0x18641]  JNIEnv_::CallVoidMethod(_jobject*, _jmethodID*, ...)+0x81
C  [libglass.so+0x14f0f]  WindowContextBase::process_key(_GdkEventKey*)+0x20f
C  [libglass.so+0x19f60]  WindowContextBase::im_filter_keypress(_GdkEventKey*)+0x1c0
C  [libglass.so+0x1a91c]  process_events(_GdkEvent*, void*)+0x22c
C  [libgdk-x11-2.0.so.0+0x5ac8c]

Java frames: (J=compiled Java code, j=interpreted, Vv=VM code)
j  com.sun.glass.ui.gtk.GtkApplication._runLoop(Ljava/lang/Runnable;Z)V+0
j  com.sun.glass.ui.gtk.GtkApplication.lambda$null$48(Ljava/lang/Runnable;Z)V+7
j  com.sun.glass.ui.gtk.GtkApplication$$Lambda$41.run()V+12
j  java.lang.Thread.run()V+11
v  ~StubRoutines::call_stub

---------------  P R O C E S S  ---------------

Java Threads: ( => current thread )
  0x00007f48b01bd000 JavaThread "Prism Font Disposer" daemon [_thread_blocked, id=20754, stack(0x00007f48c157b000,0x00007f48c167c000)]
  0x00007f491c27a800 JavaThread "JavaFX-Launcher" [_thread_blocked, id=20753, stack(0x00007f48c2095000,0x00007f48c2196000)]
=>0x00007f491c277000 JavaThread "JavaFX Application Thread" [_thread_in_vm, id=20752, stack(0x00007f48c2196000,0x00007f48c2297000)]
  0x00007f491c243800 JavaThread "Thread-1" daemon [_thread_blocked, id=20751, stack(0x00007f48c2297000,0x00007f48c2398000)]
  0x00007f491c1b9800 JavaThread "QuantumRenderer-0" daemon [_thread_blocked, id=20747, stack(0x00007f490479a000,0x00007f490489b000)]
  0x00007f491c0cb000 JavaThread "Service Thread" daemon [_thread_blocked, id=20745, stack(0x00007f4904a32000,0x00007f4904b33000)]
  0x00007f491c0bd800 JavaThread "C1 CompilerThread2" daemon [_thread_in_native, id=20744, stack(0x00007f4904b33000,0x00007f4904c34000)]
  0x00007f491c0bc000 JavaThread "C2 CompilerThread1" daemon [_thread_in_native, id=20743, stack(0x00007f4904c34000,0x00007f4904d35000)]
  0x00007f491c0b9000 JavaThread "C2 CompilerThread0" daemon [_thread_in_native, id=20742, stack(0x00007f4904d35000,0x00007f4904e36000)]
  0x00007f491c0b7800 JavaThread "Signal Dispatcher" daemon [_thread_blocked, id=20741, stack(0x00007f4904e36000,0x00007f4904f37000)]
  0x00007f491c084800 JavaThread "Finalizer" daemon [_thread_blocked, id=20740, stack(0x00007f490520f000,0x00007f4905310000)]
  0x00007f491c080000 JavaThread "Reference Handler" daemon [_thread_blocked, id=20739, stack(0x00007f4905310000,0x00007f4905411000)]
  0x00007f491c00a800 JavaThread "main" [_thread_blocked, id=20731, stack(0x00007f492385c000,0x00007f492395d000)]

Other Threads:
  0x00007f491c078800 VMThread [stack: 0x00007f4905411000,0x00007f4905512000] [id=20738]
  0x00007f491c0cf800 WatcherThread [stack: 0x00007f4904931000,0x00007f4904a32000] [id=20746]

VM state:not at safepoint (normal execution)

VM Mutex/Monitor currently owned by a thread: None

Heap:
 PSYoungGen      total 17920K, used 8526K [0x00000000ec300000, 0x00000000ed700000, 0x0000000100000000)
  eden space 15360K, 38% used [0x00000000ec300000,0x00000000ec8d78e0,0x00000000ed200000)
  from space 2560K, 99% used [0x00000000ed480000,0x00000000ed6fc030,0x00000000ed700000)
  to   space 2560K, 0% used [0x00000000ed200000,0x00000000ed200000,0x00000000ed480000)
 ParOldGen       total 40960K, used 3412K [0x00000000c4800000, 0x00000000c7000000, 0x00000000ec300000)
  object space 40960K, 8% used [0x00000000c4800000,0x00000000c4b55308,0x00000000c7000000)
 Metaspace       used 17515K, capacity 18482K, committed 18688K, reserved 1064960K
  class space    used 2544K, capacity 2780K, committed 2816K, reserved 1048576K

Card table byte_map: [0x00007f4920417000,0x00007f49205f4000] byte_map_base: 0x00007f491fdf3000

Marking Bits: (ParMarkBitMap*) 0x00007f4922d2b920
 Begin Bits: [0x00007f4906240000, 0x00007f4907120000)
 End Bits:   [0x00007f4907120000, 0x00007f4908000000)

Polling page: 0x00007f492397e000

CodeCache: size=245760Kb used=5138Kb max_used=5142Kb free=240621Kb
 bounds [0x00007f490d000000, 0x00007f490d510000, 0x00007f491c000000]
 total_blobs=2294 nmethods=1655 adapters=552
 compilation: enabled

Compilation events (10 events):
Event: 7.413 Thread 0x00007f491c0bd800 nmethod 1655 0x00007f490d4fc8d0 code [0x00007f490d4fca40, 0x00007f490d4fcce8]
Event: 7.413 Thread 0x00007f491c0bd800 1654       3       javafx.beans.property.StringPropertyBase::get (5 bytes)
Event: 7.413 Thread 0x00007f491c0bd800 nmethod 1654 0x00007f490d4fcdd0 code [0x00007f490d4fcf40, 0x00007f490d4fd148]
Event: 7.413 Thread 0x00007f491c0bd800 1651       3       javafx.scene.layout.Region::getHeight (22 bytes)
Event: 7.413 Thread 0x00007f491c0bd800 nmethod 1651 0x00007f490d4fd1d0 code [0x00007f490d4fd360, 0x00007f490d4fd728]
Event: 7.413 Thread 0x00007f491c0bd800 1659       3       javafx.beans.property.ReadOnlyObjectWrapper$ReadOnlyPropertyImpl::get (8 bytes)
Event: 7.413 Thread 0x00007f491c0bd800 nmethod 1659 0x00007f490d4fd850 code [0x00007f490d4fd9c0, 0x00007f490d4fdd28]
Event: 7.413 Thread 0x00007f491c0bd800 1652       3       javafx.scene.Node::isDisabled (19 bytes)
Event: 7.414 Thread 0x00007f491c0bd800 nmethod 1652 0x00007f490d4fde50 code [0x00007f490d4fdfe0, 0x00007f490d4fe3a8]
Event: 7.414 Thread 0x00007f491c0bd800 1653       3       javafx.scene.text.Text::getTextLayout (176 bytes)

GC Heap History (4 events):
Event: 0.954 GC heap before
{Heap before GC invocations=1 (full 0):
 PSYoungGen      total 17920K, used 15360K [0x00000000ec300000, 0x00000000ed700000, 0x0000000100000000)
  eden space 15360K, 100% used [0x00000000ec300000,0x00000000ed200000,0x00000000ed200000)
  from space 2560K, 0% used [0x00000000ed480000,0x00000000ed480000,0x00000000ed700000)
  to   space 2560K, 0% used [0x00000000ed200000,0x00000000ed200000,0x00000000ed480000)
 ParOldGen       total 40960K, used 0K [0x00000000c4800000, 0x00000000c7000000, 0x00000000ec300000)
  object space 40960K, 0% used [0x00000000c4800000,0x00000000c4800000,0x00000000c7000000)
 Metaspace       used 9110K, capacity 9500K, committed 9600K, reserved 1056768K
  class space    used 1217K, capacity 1319K, committed 1408K, reserved 1048576K
Event: 0.960 GC heap after
Heap after GC invocations=1 (full 0):
 PSYoungGen      total 17920K, used 2528K [0x00000000ec300000, 0x00000000ed700000, 0x0000000100000000)
  eden space 15360K, 0% used [0x00000000ec300000,0x00000000ec300000,0x00000000ed200000)
  from space 2560K, 98% used [0x00000000ed200000,0x00000000ed478040,0x00000000ed480000)
  to   space 2560K, 0% used [0x00000000ed480000,0x00000000ed480000,0x00000000ed700000)
 ParOldGen       total 40960K, used 296K [0x00000000c4800000, 0x00000000c7000000, 0x00000000ec300000)
  object space 40960K, 0% used [0x00000000c4800000,0x00000000c484a000,0x00000000c7000000)
 Metaspace       used 9110K, capacity 9500K, committed 9600K, reserved 1056768K
  class space    used 1217K, capacity 1319K, committed 1408K, reserved 1048576K
}
Event: 7.126 GC heap before
{Heap before GC invocations=2 (full 0):
 PSYoungGen      total 17920K, used 17888K [0x00000000ec300000, 0x00000000ed700000, 0x0000000100000000)
  eden space 15360K, 100% used [0x00000000ec300000,0x00000000ed200000,0x00000000ed200000)
  from space 2560K, 98% used [0x00000000ed200000,0x00000000ed478040,0x00000000ed480000)
  to   space 2560K, 0% used [0x00000000ed480000,0x00000000ed480000,0x00000000ed700000)
 ParOldGen       total 40960K, used 296K [0x00000000c4800000, 0x00000000c7000000, 0x00000000ec300000)
  object space 40960K, 0% used [0x00000000c4800000,0x00000000c484a000,0x00000000c7000000)
 Metaspace       used 16221K, capacity 16836K, committed 17152K, reserved 1064960K
  class space    used 2322K, capacity 2471K, committed 2560K, reserved 1048576K
Event: 7.134 GC heap after
Heap after GC invocations=2 (full 0):
 PSYoungGen      total 17920K, used 2544K [0x00000000ec300000, 0x00000000ed700000, 0x0000000100000000)
  eden space 15360K, 0% used [0x00000000ec300000,0x00000000ec300000,0x00000000ed200000)
  from space 2560K, 99% used [0x00000000ed480000,0x00000000ed6fc030,0x00000000ed700000)
  to   space 2560K, 0% used [0x00000000ed200000,0x00000000ed200000,0x00000000ed480000)
 ParOldGen       total 40960K, used 3412K [0x00000000c4800000, 0x00000000c7000000, 0x00000000ec300000)
  object space 40960K, 8% used [0x00000000c4800000,0x00000000c4b55308,0x00000000c7000000)
 Metaspace       used 16221K, capacity 16836K, committed 17152K, reserved 1064960K
  class space    used 2322K, capacity 2471K, committed 2560K, reserved 1048576K
}

Deoptimization events (10 events):
Event: 1.082 Thread 0x00007f491c277000 Uncommon trap: reason=class_check action=maybe_recompile pc=0x00007f490d1151e0 method=java.lang.String.equals(Ljava/lang/Object;)Z @ 8
Event: 1.120 Thread 0x00007f491c277000 Uncommon trap: reason=class_check action=maybe_recompile pc=0x00007f490d1151e0 method=java.lang.String.equals(Ljava/lang/Object;)Z @ 8
Event: 1.209 Thread 0x00007f491c277000 Uncommon trap: reason=unstable_if action=reinterpret pc=0x00007f490d2b6ae8 method=sun.net.www.ParseUtil.encodePath(Ljava/lang/String;Z)Ljava/lang/String; @ 109
Event: 1.228 Thread 0x00007f491c277000 Uncommon trap: reason=unstable_if action=reinterpret pc=0x00007f490d3174ec method=sun.misc.MetaIndex.mayContain(Ljava/lang/String;)Z @ 38
Event: 1.448 Thread 0x00007f491c277000 Uncommon trap: reason=unstable_if action=reinterpret pc=0x00007f490d349ee4 method=jdk.internal.org.objectweb.asm.Type.getArgumentsAndReturnSizes(Ljava/lang/String;)I @ 47
Event: 4.471 Thread 0x00007f491c1b9800 Uncommon trap: reason=unstable_if action=reinterpret pc=0x00007f490d3693d4 method=java.lang.StrictMath.floorOrCeil(DDDD)D @ 115
Event: 5.434 Thread 0x00007f491c277000 Uncommon trap: reason=unstable_if action=reinterpret pc=0x00007f490d22e620 method=java.lang.CharacterData.of(I)Ljava/lang/CharacterData; @ 4
Event: 6.982 Thread 0x00007f491c277000 Uncommon trap: reason=unstable_if action=reinterpret pc=0x00007f490d4201cc method=java.lang.String.regionMatches(ZILjava/lang/String;II)Z @ 123
Event: 7.102 Thread 0x00007f491c277000 Uncommon trap: reason=unstable_if action=reinterpret pc=0x00007f490d2dbfa0 method=sun.misc.MetaIndex.mayContain(Ljava/lang/String;)Z @ 38
Event: 7.124 Thread 0x00007f491c277000 Uncommon trap: reason=unstable_if action=reinterpret pc=0x00007f490d1e028c method=java.lang.String.startsWith(Ljava/lang/String;I)Z @ 25

Classes redefined (0 events):
No events

Internal exceptions (10 events):
Event: 0.216 Thread 0x00007f491c00a800 Exception <a 'java/security/PrivilegedActionException'> (0x00000000ec54bf40) thrown at [/HUDSON/workspace/8-2-build-linux-amd64/jdk8u161/10277/hotspot/src/share/vm/prims/jvm.cpp, line 1390]
Event: 0.216 Thread 0x00007f491c00a800 Exception <a 'java/security/PrivilegedActionException'> (0x00000000ec54e3a8) thrown at [/HUDSON/workspace/8-2-build-linux-amd64/jdk8u161/10277/hotspot/src/share/vm/prims/jvm.cpp, line 1390]
Event: 0.216 Thread 0x00007f491c00a800 Exception <a 'java/security/PrivilegedActionException'> (0x00000000ec54e5b8) thrown at [/HUDSON/workspace/8-2-build-linux-amd64/jdk8u161/10277/hotspot/src/share/vm/prims/jvm.cpp, line 1390]
Event: 0.216 Thread 0x00007f491c00a800 Exception <a 'java/lang/NullPointerException'> (0x00000000ec54eb90) thrown at [/HUDSON/workspace/8-2-build-linux-amd64/jdk8u161/10277/hotspot/src/share/vm/interpreter/linkResolver.cpp, line 1185]
Event: 0.607 Thread 0x00007f491c277000 Exception <a 'java/lang/NullPointerException'> (0x00000000eccfcdf0) thrown at [/HUDSON/workspace/8-2-build-linux-amd64/jdk8u161/10277/hotspot/src/share/vm/interpreter/linkResolver.cpp, line 1185]
Event: 0.607 Thread 0x00007f491c277000 Exception <a 'java/lang/NullPointerException'> (0x00000000eccfcdf0) thrown at [/HUDSON/workspace/8-2-build-linux-amd64/jdk8u161/10277/hotspot/src/share/vm/prims/jvm.cpp, line 1394]
Event: 0.984 Thread 0x00007f491c277000 Implicit null exception at 0x00007f490d25f6f5 to 0x00007f490d25f8d9
Event: 7.108 Thread 0x00007f491c277000 Exception <a 'java/lang/ArrayIndexOutOfBoundsException': 58> (0x00000000ed1be3c0) thrown at [/HUDSON/workspace/8-2-build-linux-amd64/jdk8u161/10277/hotspot/src/share/vm/interpreter/interpreterRuntime.cpp, line 366]
Event: 7.110 Thread 0x00007f491c277000 Exception <a 'java/lang/ArrayIndexOutOfBoundsException': 18> (0x00000000ed1bf430) thrown at [/HUDSON/workspace/8-2-build-linux-amd64/jdk8u161/10277/hotspot/src/share/vm/interpreter/interpreterRuntime.cpp, line 366]
Event: 7.111 Thread 0x00007f491c277000 Exception <a 'java/lang/ArrayIndexOutOfBoundsException': 86> (0x00000000ed1c09c0) thrown at [/HUDSON/workspace/8-2-build-linux-amd64/jdk8u161/10277/hotspot/src/share/vm/interpreter/interpreterRuntime.cpp, line 366]

Events (10 events):
Event: 7.338 loading class com/sun/javafx/scene/control/behavior/ListCellBehavior
Event: 7.338 loading class com/sun/javafx/scene/control/behavior/ListCellBehavior done
Event: 7.338 loading class com/sun/javafx/scene/control/behavior/CellBehaviorBase
Event: 7.338 loading class com/sun/javafx/scene/control/behavior/CellBehaviorBase done
Event: 7.338 loading class javafx/scene/image/ImageView
Event: 7.338 loading class javafx/scene/image/ImageView done
Event: 7.342 loading class com/sun/javafx/scene/control/skin/CellSkinBase$StyleableProperties
Event: 7.342 loading class com/sun/javafx/scene/control/skin/CellSkinBase$StyleableProperties done
Event: 7.343 loading class com/sun/javafx/scene/control/skin/CellSkinBase$StyleableProperties$1
Event: 7.343 loading class com/sun/javafx/scene/control/skin/CellSkinBase$StyleableProperties$1 done


Dynamic libraries:
00400000-00401000 r-xp 00000000 08:02 29231693                           /usr/lib/jvm/java-8-oracle/bin/java
00600000-00601000 rw-p 00000000 08:02 29231693                           /usr/lib/jvm/java-8-oracle/bin/java
02552000-02573000 rw-p 00000000 00:00 0                                  [heap]
c4800000-c7000000 rw-p 00000000 00:00 0 
c7000000-ec300000 ---p 00000000 00:00 0 
ec300000-ed700000 rw-p 00000000 00:00 0 
ed700000-100000000 ---p 00000000 00:00 0 
100000000-1002c0000 rw-p 00000000 00:00 0 
1002c0000-140000000 ---p 00000000 00:00 0 
7f48a0fff000-7f48a4000000 rw-p 00000000 00:00 0 
7f48a4000000-7f48a4021000 rw-p 00000000 00:00 0 
7f48a4021000-7f48a8000000 ---p 00000000 00:00 0 
7f48a8000000-7f48a8021000 rw-p 00000000 00:00 0 
7f48a8021000-7f48ac000000 ---p 00000000 00:00 0 
7f48ac000000-7f48ac021000 rw-p 00000000 00:00 0 
7f48ac021000-7f48b0000000 ---p 00000000 00:00 0 
7f48b0000000-7f48b058e000 rw-p 00000000 00:00 0 
7f48b058e000-7f48b4000000 ---p 00000000 00:00 0 
7f48b4000000-7f48b4021000 rw-p 00000000 00:00 0 
7f48b4021000-7f48b8000000 ---p 00000000 00:00 0 
7f48b8000000-7f48b8022000 rw-p 00000000 00:00 0 
7f48b8022000-7f48bc000000 ---p 00000000 00:00 0 
7f48bc000000-7f48bc021000 rw-p 00000000 00:00 0 
7f48bc021000-7f48c0000000 ---p 00000000 00:00 0 
7f48c069c000-7f48c081c000 rw-p 00000000 00:00 0 
7f48c081c000-7f48c089c000 ---p 00000000 00:00 0 
7f48c089c000-7f48c08b2000 r-xp 00000000 08:02 29886885                   /usr/lib/jvm/java-8-oracle/jre/lib/amd64/libnet.so
7f48c08b2000-7f48c0ab2000 ---p 00016000 08:02 29886885                   /usr/lib/jvm/java-8-oracle/jre/lib/amd64/libnet.so
7f48c0ab2000-7f48c0ab3000 rw-p 00016000 08:02 29886885                   /usr/lib/jvm/java-8-oracle/jre/lib/amd64/libnet.so
7f48c0ab3000-7f48c0cb3000 rw-p 00000000 00:00 0 
7f48c0cb3000-7f48c0cbb000 rw-s 00000000 00:19 795                        /i915 (deleted)
7f48c0de0000-7f48c0e7b000 r--p 00000000 08:02 30283703                   /usr/share/fonts/truetype/dejavu/DejaVuSans-Oblique.ttf
7f48c0e7b000-7f48c0e8b000 rw-s 00000000 00:19 343                        /i915 (deleted)
7f48c0e8b000-7f48c0eeb000 rw-s 00000000 00:19 781                        /i915 (deleted)
7f48c0eeb000-7f48c0ef9000 rw-s 00000000 00:19 775                        /i915 (deleted)
7f48c0ef9000-7f48c0efb000 rw-s 00000000 00:19 785                        /i915 (deleted)
7f48c0efb000-7f48c10bb000 rw-s 100615000 00:06 327                       /dev/dri/card0
7f48c10bb000-7f48c127b000 rw-s 00000000 00:19 736                        /i915 (deleted)
7f48c127b000-7f48c128b000 rw-s 00000000 00:19 750                        /i915 (deleted)
7f48c128b000-7f48c1293000 rw-s 00000000 00:19 741                        /i915 (deleted)
7f48c1293000-7f48c12a3000 rw-s 00000000 00:19 740                        /i915 (deleted)
7f48c12a3000-7f48c12af000 rw-s 00000000 00:19 578                        /i915 (deleted)
7f48c12af000-7f48c12c2000 r--s 00345000 08:02 29757617                   /usr/lib/jvm/java-8-oracle/jre/lib/resources.jar
7f48c12c2000-7f48c14c2000 rw-p 00000000 00:00 0 
7f48c14c2000-7f48c157b000 r--p 00000000 08:02 30279325                   /usr/share/fonts/truetype/dejavu/DejaVuSans.ttf
7f48c157b000-7f48c157e000 ---p 00000000 00:00 0 
7f48c157e000-7f48c167c000 rw-p 00000000 00:00 0 
7f48c167c000-7f48c1728000 r--p 00000000 08:02 30279324                   /usr/share/fonts/truetype/dejavu/DejaVuSans-Bold.ttf
7f48c1728000-7f48c1928000 rw-p 00000000 00:00 0 
7f48c1928000-7f48c1962000 r--p 00000000 08:02 29756169                   /usr/lib/jvm/java-8-oracle/jre/lib/fonts/LucidaTypewriterBold.ttf
7f48c1962000-7f48c19b7000 r--p 00000000 08:02 29756164                   /usr/lib/jvm/java-8-oracle/jre/lib/fonts/LucidaBrightRegular.ttf
7f48c19b7000-7f48c19cb000 r--p 00000000 08:02 29756162                   /usr/lib/jvm/java-8-oracle/jre/lib/fonts/LucidaBrightItalic.ttf
7f48c19cb000-7f48c19de000 r--p 00000000 08:02 29756167                   /usr/lib/jvm/java-8-oracle/jre/lib/fonts/LucidaBrightDemiItalic.ttf
7f48c19de000-7f48c1a89000 r--p 00000000 08:02 29756163                   /usr/lib/jvm/java-8-oracle/jre/lib/fonts/LucidaSansRegular.ttf
7f48c1a89000-7f48c1a8d000 r-xp 00000000 08:02 29884754                   /usr/lib/jvm/java-8-oracle/jre/lib/amd64/libjavafx_font_pango.so
7f48c1a8d000-7f48c1c8c000 ---p 00004000 08:02 29884754                   /usr/lib/jvm/java-8-oracle/jre/lib/amd64/libjavafx_font_pango.so
7f48c1c8c000-7f48c1c8d000 rw-p 00003000 08:02 29884754                   /usr/lib/jvm/java-8-oracle/jre/lib/amd64/libjavafx_font_pango.so
7f48c1c8d000-7f48c1c92000 r-xp 00000000 08:02 29884882                   /usr/lib/jvm/java-8-oracle/jre/lib/amd64/libjavafx_font_freetype.so
7f48c1c92000-7f48c1e91000 ---p 00005000 08:02 29884882                   /usr/lib/jvm/java-8-oracle/jre/lib/amd64/libjavafx_font_freetype.so
7f48c1e91000-7f48c1e92000 rw-p 00004000 08:02 29884882                   /usr/lib/jvm/java-8-oracle/jre/lib/amd64/libjavafx_font_freetype.so
7f48c1e92000-7f48c1e95000 r-xp 00000000 08:02 29886886                   /usr/lib/jvm/java-8-oracle/jre/lib/amd64/libjavafx_font.so
7f48c1e95000-7f48c2094000 ---p 00003000 08:02 29886886                   /usr/lib/jvm/java-8-oracle/jre/lib/amd64/libjavafx_font.so
7f48c2094000-7f48c2095000 rw-p 00002000 08:02 29886886                   /usr/lib/jvm/java-8-oracle/jre/lib/amd64/libjavafx_font.so
7f48c2095000-7f48c2098000 ---p 00000000 00:00 0 
7f48c2098000-7f48c2196000 rw-p 00000000 00:00 0 
7f48c2196000-7f48c2199000 ---p 00000000 00:00 0 
7f48c2199000-7f48c2297000 rw-p 00000000 00:00 0 
7f48c2297000-7f48c229a000 ---p 00000000 00:00 0 
7f48c229a000-7f48c2398000 rw-p 00000000 00:00 0 
7f48c2398000-7f48c2399000 ---p 00000000 00:00 0 
7f48c2399000-7f48c2b99000 rw-p 00000000 00:00 0 
7f48c2b99000-7f48c2b9a000 ---p 00000000 00:00 0 
7f48c2b9a000-7f48c339a000 rw-p 00000000 00:00 0 
7f48c339a000-7f48c339b000 ---p 00000000 00:00 0 
7f48c339b000-7f48c3b9b000 rw-p 00000000 00:00 0 
7f48c3b9b000-7f48c3ba6000 r-xp 00000000 08:02 29491916                   /usr/lib/x86_64-linux-gnu/gio/modules/libdconfsettings.so
7f48c3ba6000-7f48c3da6000 ---p 0000b000 08:02 29491916                   /usr/lib/x86_64-linux-gnu/gio/modules/libdconfsettings.so
7f48c3da6000-7f48c3da7000 r--p 0000b000 08:02 29491916                   /usr/lib/x86_64-linux-gnu/gio/modules/libdconfsettings.so
7f48c3da7000-7f48c3da8000 rw-p 0000c000 08:02 29491916                   /usr/lib/x86_64-linux-gnu/gio/modules/libdconfsettings.so
7f48c3da8000-7f48c3daf000 r-xp 00000000 08:02 29106811                   /usr/lib/x86_64-linux-gnu/libogg.so.0.8.2
7f48c3daf000-7f48c3faf000 ---p 00007000 08:02 29106811                   /usr/lib/x86_64-linux-gnu/libogg.so.0.8.2
7f48c3faf000-7f48c3fb0000 r--p 00007000 08:02 29106811                   /usr/lib/x86_64-linux-gnu/libogg.so.0.8.2
7f48c3fb0000-7f48c3fb1000 rw-p 00008000 08:02 29106811                   /usr/lib/x86_64-linux-gnu/libogg.so.0.8.2
7f48c3fb1000-7f48c3fdb000 r-xp 00000000 08:02 29101804                   /usr/lib/x86_64-linux-gnu/libvorbis.so.0.4.8
7f48c3fdb000-7f48c41da000 ---p 0002a000 08:02 29101804                   /usr/lib/x86_64-linux-gnu/libvorbis.so.0.4.8
7f48c41da000-7f48c41db000 r--p 00029000 08:02 29101804                   /usr/lib/x86_64-linux-gnu/libvorbis.so.0.4.8
7f48c41db000-7f48c41dc000 rw-p 0002a000 08:02 29101804                   /usr/lib/x86_64-linux-gnu/libvorbis.so.0.4.8
7f48c41dc000-7f48c41e5000 r-xp 00000000 08:02 29106672                   /usr/lib/x86_64-linux-gnu/libltdl.so.7.3.1
7f48c41e5000-7f48c43e4000 ---p 00009000 08:02 29106672                   /usr/lib/x86_64-linux-gnu/libltdl.so.7.3.1
7f48c43e4000-7f48c43e5000 r--p 00008000 08:02 29106672                   /usr/lib/x86_64-linux-gnu/libltdl.so.7.3.1
7f48c43e5000-7f48c43e6000 rw-p 00009000 08:02 29106672                   /usr/lib/x86_64-linux-gnu/libltdl.so.7.3.1
7f48c43e6000-7f48c43fa000 r-xp 00000000 08:02 29107060                   /usr/lib/x86_64-linux-gnu/libtdb.so.1.3.8
7f48c43fa000-7f48c45f9000 ---p 00014000 08:02 29107060                   /usr/lib/x86_64-linux-gnu/libtdb.so.1.3.8
7f48c45f9000-7f48c45fa000 r--p 00013000 08:02 29107060                   /usr/lib/x86_64-linux-gnu/libtdb.so.1.3.8
7f48c45fa000-7f48c45fb000 rw-p 00014000 08:02 29107060                   /usr/lib/x86_64-linux-gnu/libtdb.so.1.3.8
7f48c45fb000-7f48c4602000 r-xp 00000000 08:02 29101797                   /usr/lib/x86_64-linux-gnu/libvorbisfile.so.3.3.7
7f48c4602000-7f48c4802000 ---p 00007000 08:02 29101797                   /usr/lib/x86_64-linux-gnu/libvorbisfile.so.3.3.7
7f48c4802000-7f48c4803000 r--p 00007000 08:02 29101797                   /usr/lib/x86_64-linux-gnu/libvorbisfile.so.3.3.7
7f48c4803000-7f48c4804000 rw-p 00008000 08:02 29101797                   /usr/lib/x86_64-linux-gnu/libvorbisfile.so.3.3.7
7f48c4804000-7f48c4814000 r-xp 00000000 08:02 29106053                   /usr/lib/x86_64-linux-gnu/libcanberra.so.0.2.5
7f48c4814000-7f48c4a13000 ---p 00010000 08:02 29106053                   /usr/lib/x86_64-linux-gnu/libcanberra.so.0.2.5
7f48c4a13000-7f48c4a14000 r--p 0000f000 08:02 29106053                   /usr/lib/x86_64-linux-gnu/libcanberra.so.0.2.5
7f48c4a14000-7f48c4a15000 rw-p 00010000 08:02 29106053                   /usr/lib/x86_64-linux-gnu/libcanberra.so.0.2.5
7f48c4a15000-7f48c4a19000 r-xp 00000000 08:02 29106049                   /usr/lib/x86_64-linux-gnu/libcanberra-gtk.so.0.1.9
7f48c4a19000-7f48c4c18000 ---p 00004000 08:02 29106049                   /usr/lib/x86_64-linux-gnu/libcanberra-gtk.so.0.1.9
7f48c4c18000-7f48c4c19000 r--p 00003000 08:02 29106049                   /usr/lib/x86_64-linux-gnu/libcanberra-gtk.so.0.1.9
7f48c4c19000-7f48c4c1a000 rw-p 00004000 08:02 29106049                   /usr/lib/x86_64-linux-gnu/libcanberra-gtk.so.0.1.9
7f48c4c1a000-7f48c4c1f000 r-xp 00000000 08:02 29491949                   /usr/lib/x86_64-linux-gnu/gtk-2.0/modules/libcanberra-gtk-module.so
7f48c4c1f000-7f48c4e1e000 ---p 00005000 08:02 29491949                   /usr/lib/x86_64-linux-gnu/gtk-2.0/modules/libcanberra-gtk-module.so
7f48c4e1e000-7f48c4e1f000 r--p 00004000 08:02 29491949                   /usr/lib/x86_64-linux-gnu/gtk-2.0/modules/libcanberra-gtk-module.so
7f48c4e1f000-7f48c4e20000 rw-p 00005000 08:02 29491949                   /usr/lib/x86_64-linux-gnu/gtk-2.0/modules/libcanberra-gtk-module.so
7f48c4e20000-7f48c4e50000 r-xp 00000000 08:02 29491931                   /usr/lib/x86_64-linux-gnu/gtk-2.0/2.10.0/engines/libmurrine.so
7f48c4e50000-7f48c5050000 ---p 00030000 08:02 29491931                   /usr/lib/x86_64-linux-gnu/gtk-2.0/2.10.0/engines/libmurrine.so
7f48c5050000-7f48c5051000 r--p 00030000 08:02 29491931                   /usr/lib/x86_64-linux-gnu/gtk-2.0/2.10.0/engines/libmurrine.so
7f48c5051000-7f48c5052000 rw-p 00031000 08:02 29491931                   /usr/lib/x86_64-linux-gnu/gtk-2.0/2.10.0/engines/libmurrine.so
7f48c5052000-7f48c5062000 r-xp 00000000 08:02 29107118                   /usr/lib/x86_64-linux-gnu/libunity-gtk2-parser.so.0.0.0
7f48c5062000-7f48c5262000 ---p 00010000 08:02 29107118                   /usr/lib/x86_64-linux-gnu/libunity-gtk2-parser.so.0.0.0
7f48c5262000-7f48c5263000 r--p 00010000 08:02 29107118                   /usr/lib/x86_64-linux-gnu/libunity-gtk2-parser.so.0.0.0
7f48c5263000-7f48c5264000 rw-p 00011000 08:02 29107118                   /usr/lib/x86_64-linux-gnu/libunity-gtk2-parser.so.0.0.0
7f48c5264000-7f48c5269000 r-xp 00000000 08:02 29491953                   /usr/lib/x86_64-linux-gnu/gtk-2.0/modules/libunity-gtk-module.so
7f48c5269000-7f48c5468000 ---p 00005000 08:02 29491953                   /usr/lib/x86_64-linux-gnu/gtk-2.0/modules/libunity-gtk-module.so
7f48c5468000-7f48c5469000 r--p 00004000 08:02 29491953                   /usr/lib/x86_64-linux-gnu/gtk-2.0/modules/libunity-gtk-module.so
7f48c5469000-7f48c546a000 rw-p 00005000 08:02 29491953                   /usr/lib/x86_64-linux-gnu/gtk-2.0/modules/libunity-gtk-module.so
7f48c546a000-7f48c547c000 r-xp 00000000 08:02 48239070                   /lib/x86_64-linux-gnu/libgpg-error.so.0.17.0
7f48c547c000-7f48c567c000 ---p 00012000 08:02 48239070                   /lib/x86_64-linux-gnu/libgpg-error.so.0.17.0
7f48c567c000-7f48c567d000 r--p 00012000 08:02 48239070                   /lib/x86_64-linux-gnu/libgpg-error.so.0.17.0
7f48c567d000-7f48c567e000 rw-p 00013000 08:02 48239070                   /lib/x86_64-linux-gnu/libgpg-error.so.0.17.0
7f48c567e000-7f48c5755000 r-xp 00000000 08:02 48234964                   /lib/x86_64-linux-gnu/libgcrypt.so.20.0.5
7f48c5755000-7f48c5955000 ---p 000d7000 08:02 48234964                   /lib/x86_64-linux-gnu/libgcrypt.so.20.0.5
7f48c5955000-7f48c5956000 r--p 000d7000 08:02 48234964                   /lib/x86_64-linux-gnu/libgcrypt.so.20.0.5
7f48c5956000-7f48c595e000 rw-p 000d8000 08:02 48234964                   /lib/x86_64-linux-gnu/libgcrypt.so.20.0.5
7f48c595e000-7f48c595f000 rw-p 00000000 00:00 0 
7f48c595f000-7f48c5980000 r-xp 00000000 08:02 48239093                   /lib/x86_64-linux-gnu/liblzma.so.5.0.0
7f48c5980000-7f48c5b7f000 ---p 00021000 08:02 48239093                   /lib/x86_64-linux-gnu/liblzma.so.5.0.0
7f48c5b7f000-7f48c5b80000 r--p 00020000 08:02 48239093                   /lib/x86_64-linux-gnu/liblzma.so.5.0.0
7f48c5b80000-7f48c5b81000 rw-p 00021000 08:02 48239093                   /lib/x86_64-linux-gnu/liblzma.so.5.0.0
7f48c5b81000-7f48c5bcb000 r-xp 00000000 08:02 48234698                   /lib/x86_64-linux-gnu/libdbus-1.so.3.14.6
7f48c5bcb000-7f48c5dcb000 ---p 0004a000 08:02 48234698                   /lib/x86_64-linux-gnu/libdbus-1.so.3.14.6
7f48c5dcb000-7f48c5dcc000 r--p 0004a000 08:02 48234698                   /lib/x86_64-linux-gnu/libdbus-1.so.3.14.6
7f48c5dcc000-7f48c5dcd000 rw-p 0004b000 08:02 48234698                   /lib/x86_64-linux-gnu/libdbus-1.so.3.14.6
7f48c5dcd000-7f48c5df9000 r-xp 00000000 08:02 29105992                   /usr/lib/x86_64-linux-gnu/libatspi.so.0.0.1
7f48c5df9000-7f48c5ff8000 ---p 0002c000 08:02 29105992                   /usr/lib/x86_64-linux-gnu/libatspi.so.0.0.1
7f48c5ff8000-7f48c5ffb000 r--p 0002b000 08:02 29105992                   /usr/lib/x86_64-linux-gnu/libatspi.so.0.0.1
7f48c5ffb000-7f48c5ffc000 rw-p 0002e000 08:02 29105992                   /usr/lib/x86_64-linux-gnu/libatspi.so.0.0.1
7f48c5ffc000-7f48c6029000 r-xp 00000000 08:02 29105986                   /usr/lib/x86_64-linux-gnu/libatk-bridge-2.0.so.0.0.0
7f48c6029000-7f48c6228000 ---p 0002d000 08:02 29105986                   /usr/lib/x86_64-linux-gnu/libatk-bridge-2.0.so.0.0.0
7f48c6228000-7f48c6229000 r--p 0002c000 08:02 29105986                   /usr/lib/x86_64-linux-gnu/libatk-bridge-2.0.so.0.0.0
7f48c6229000-7f48c622b000 rw-p 0002d000 08:02 29105986                   /usr/lib/x86_64-linux-gnu/libatk-bridge-2.0.so.0.0.0
7f48c622b000-7f48c622c000 r-xp 00000000 08:02 29491948                   /usr/lib/x86_64-linux-gnu/gtk-2.0/modules/libatk-bridge.so
7f48c622c000-7f48c642b000 ---p 00001000 08:02 29491948                   /usr/lib/x86_64-linux-gnu/gtk-2.0/modules/libatk-bridge.so
7f48c642b000-7f48c642c000 r--p 00000000 08:02 29491948                   /usr/lib/x86_64-linux-gnu/gtk-2.0/modules/libatk-bridge.so
7f48c642c000-7f48c642d000 rw-p 00001000 08:02 29491948                   /usr/lib/x86_64-linux-gnu/gtk-2.0/modules/libatk-bridge.so
7f48c642d000-7f48c6434000 r-xp 00000000 08:02 29098522                   /usr/lib/x86_64-linux-gnu/libgailutil.so.18.0.1
7f48c6434000-7f48c6633000 ---p 00007000 08:02 29098522                   /usr/lib/x86_64-linux-gnu/libgailutil.so.18.0.1
7f48c6633000-7f48c6634000 r--p 00006000 08:02 29098522                   /usr/lib/x86_64-linux-gnu/libgailutil.so.18.0.1
7f48c6634000-7f48c6635000 rw-p 00007000 08:02 29098522                   /usr/lib/x86_64-linux-gnu/libgailutil.so.18.0.1
7f48c6635000-7f48c6683000 r-xp 00000000 08:02 29493128                   /usr/lib/x86_64-linux-gnu/gtk-2.0/modules/libgail.so
7f48c6683000-7f48c6882000 ---p 0004e000 08:02 29493128                   /usr/lib/x86_64-linux-gnu/gtk-2.0/modules/libgail.so
7f48c6882000-7f48c6883000 r--p 0004d000 08:02 29493128                   /usr/lib/x86_64-linux-gnu/gtk-2.0/modules/libgail.so
7f48c6883000-7f48c6885000 rw-p 0004e000 08:02 29493128                   /usr/lib/x86_64-linux-gnu/gtk-2.0/modules/libgail.so
7f48c6885000-7f48c6896000 r-xp 00000000 08:02 29491952                   /usr/lib/x86_64-linux-gnu/gtk-2.0/modules/liboverlay-scrollbar.so
7f48c6896000-7f48c6a96000 ---p 00011000 08:02 29491952                   /usr/lib/x86_64-linux-gnu/gtk-2.0/modules/liboverlay-scrollbar.so
7f48c6a96000-7f48c6a97000 r--p 00011000 08:02 29491952                   /usr/lib/x86_64-linux-gnu/gtk-2.0/modules/liboverlay-scrollbar.so
7f48c6a97000-7f48c6a98000 rw-p 00012000 08:02 29491952                   /usr/lib/x86_64-linux-gnu/gtk-2.0/modules/liboverlay-scrollbar.so
7f48c6a98000-7f48c6ac1000 r-xp 00000000 08:02 29886496                   /usr/lib/jvm/java-8-oracle/jre/lib/amd64/libglass.so
7f48c6ac1000-7f48c6cc0000 ---p 00029000 08:02 29886496                   /usr/lib/jvm/java-8-oracle/jre/lib/amd64/libglass.so
7f48c6cc0000-7f48c6cc3000 rw-p 00028000 08:02 29886496                   /usr/lib/jvm/java-8-oracle/jre/lib/amd64/libglass.so
7f48c6cc3000-7f48c6cfa000 r-xp 00000000 08:02 29107097                   /usr/lib/x86_64-linux-gnu/libtxc_dxtn_s2tc.so.0.0.0
7f48c6cfa000-7f48c6ef9000 ---p 00037000 08:02 29107097                   /usr/lib/x86_64-linux-gnu/libtxc_dxtn_s2tc.so.0.0.0
7f48c6ef9000-7f48c6efa000 r--p 00036000 08:02 29107097                   /usr/lib/x86_64-linux-gnu/libtxc_dxtn_s2tc.so.0.0.0
7f48c6efa000-7f48c6efb000 rw-p 00037000 08:02 29107097                   /usr/lib/x86_64-linux-gnu/libtxc_dxtn_s2tc.so.0.0.0
7f48c6efb000-7f48c6f03000 r-xp 00000000 08:02 29106853                   /usr/lib/x86_64-linux-gnu/libpciaccess.so.0.11.1
7f48c6f03000-7f48c7103000 ---p 00008000 08:02 29106853                   /usr/lib/x86_64-linux-gnu/libpciaccess.so.0.11.1
7f48c7103000-7f48c7104000 r--p 00008000 08:02 29106853                   /usr/lib/x86_64-linux-gnu/libpciaccess.so.0.11.1
7f48c7104000-7f48c7105000 rw-p 00009000 08:02 29106853                   /usr/lib/x86_64-linux-gnu/libpciaccess.so.0.11.1
7f48c7105000-7f48c7110000 r-xp 00000000 08:02 29100851                   /usr/lib/x86_64-linux-gnu/libdrm_radeon.so.1.0.1
7f48c7110000-7f48c730f000 ---p 0000b000 08:02 29100851                   /usr/lib/x86_64-linux-gnu/libdrm_radeon.so.1.0.1
7f48c730f000-7f48c7310000 r--p 0000a000 08:02 29100851                   /usr/lib/x86_64-linux-gnu/libdrm_radeon.so.1.0.1
7f48c7310000-7f48c7311000 rw-p 0000b000 08:02 29100851                   /usr/lib/x86_64-linux-gnu/libdrm_radeon.so.1.0.1
7f48c7311000-7f48c7318000 r-xp 00000000 08:02 29100849                   /usr/lib/x86_64-linux-gnu/libdrm_nouveau.so.2.0.0
7f48c7318000-7f48c7517000 ---p 00007000 08:02 29100849                   /usr/lib/x86_64-linux-gnu/libdrm_nouveau.so.2.0.0
7f48c7517000-7f48c7518000 r--p 00006000 08:02 29100849                   /usr/lib/x86_64-linux-gnu/libdrm_nouveau.so.2.0.0
7f48c7518000-7f48c7519000 rw-p 00007000 08:02 29100849                   /usr/lib/x86_64-linux-gnu/libdrm_nouveau.so.2.0.0
7f48c7519000-7f48c7d40000 r-xp 00000000 08:02 29362050                   /usr/lib/x86_64-linux-gnu/dri/i965_dri.so
7f48c7d40000-7f48c7f40000 ---p 00827000 08:02 29362050                   /usr/lib/x86_64-linux-gnu/dri/i965_dri.so
7f48c7f40000-7f48c7f90000 r--p 00827000 08:02 29362050                   /usr/lib/x86_64-linux-gnu/dri/i965_dri.so
7f48c7f90000-7f48c7f99000 rw-p 00877000 08:02 29362050                   /usr/lib/x86_64-linux-gnu/dri/i965_dri.so
7f48c7f99000-7f48c8000000 rw-p 00000000 00:00 0 
7f48c8000000-7f48c9f48000 rw-p 00000000 00:00 0 
7f48c9f48000-7f48cc000000 ---p 00000000 00:00 0 
7f48cc000000-7f48cc04e000 r--p 00000000 08:02 29756165                   /usr/lib/jvm/java-8-oracle/jre/lib/fonts/LucidaSansDemiBold.ttf
7f48cc04e000-7f48cc08a000 r--p 00000000 08:02 29756168                   /usr/lib/jvm/java-8-oracle/jre/lib/fonts/LucidaTypewriterRegular.ttf
7f48cc08a000-7f48cc09d000 r--p 00000000 08:02 29756170                   /usr/lib/jvm/java-8-oracle/jre/lib/fonts/LucidaBrightDemiBold.ttf
7f48cc09d000-7f48cc0a8000 r--s 00000000 08:02 14942302                   /var/cache/fontconfig/945677eb7aeaf62f1d50efc3fb3ec7d8-le64.cache-6
7f48cc0a8000-7f48cc0bd000 r--s 00000000 08:02 14942278                   /var/cache/fontconfig/04aabc0a78ac019cf9454389977116d2-le64.cache-6
7f48cc0bd000-7f48cc0df000 r-xp 00000000 08:02 29100847                   /usr/lib/x86_64-linux-gnu/libdrm_intel.so.1.0.0
7f48cc0df000-7f48cc2df000 ---p 00022000 08:02 29100847                   /usr/lib/x86_64-linux-gnu/libdrm_intel.so.1.0.0
7f48cc2df000-7f48cc2e0000 r--p 00022000 08:02 29100847                   /usr/lib/x86_64-linux-gnu/libdrm_intel.so.1.0.0
7f48cc2e0000-7f48cc2e1000 rw-p 00023000 08:02 29100847                   /usr/lib/x86_64-linux-gnu/libdrm_intel.so.1.0.0
7f48cc2e1000-7f48cc2e7000 r-xp 00000000 08:02 29106139                   /usr/lib/x86_64-linux-gnu/libdatrie.so.1.3.3
7f48cc2e7000-7f48cc4e7000 ---p 00006000 08:02 29106139                   /usr/lib/x86_64-linux-gnu/libdatrie.so.1.3.3
7f48cc4e7000-7f48cc4e8000 r--p 00006000 08:02 29106139                   /usr/lib/x86_64-linux-gnu/libdatrie.so.1.3.3
7f48cc4e8000-7f48cc4e9000 rw-p 00007000 08:02 29106139                   /usr/lib/x86_64-linux-gnu/libdatrie.so.1.3.3
7f48cc4e9000-7f48cc4ee000 r-xp 00000000 08:02 29105889                   /usr/lib/x86_64-linux-gnu/libXdmcp.so.6.0.0
7f48cc4ee000-7f48cc6ed000 ---p 00005000 08:02 29105889                   /usr/lib/x86_64-linux-gnu/libXdmcp.so.6.0.0
7f48cc6ed000-7f48cc6ee000 r--p 00004000 08:02 29105889                   /usr/lib/x86_64-linux-gnu/libXdmcp.so.6.0.0
7f48cc6ee000-7f48cc6ef000 rw-p 00005000 08:02 29105889                   /usr/lib/x86_64-linux-gnu/libXdmcp.so.6.0.0
7f48cc6ef000-7f48cc6f1000 r-xp 00000000 08:02 29105878                   /usr/lib/x86_64-linux-gnu/libXau.so.6.0.0
7f48cc6f1000-7f48cc8f1000 ---p 00002000 08:02 29105878                   /usr/lib/x86_64-linux-gnu/libXau.so.6.0.0
7f48cc8f1000-7f48cc8f2000 r--p 00002000 08:02 29105878                   /usr/lib/x86_64-linux-gnu/libXau.so.6.0.0
7f48cc8f2000-7f48cc8f3000 rw-p 00003000 08:02 29105878                   /usr/lib/x86_64-linux-gnu/libXau.so.6.0.0
7f48cc8f3000-7f48cc917000 r-xp 00000000 08:02 29103616                   /usr/lib/x86_64-linux-gnu/libgraphite2.so.3.0.1
7f48cc917000-7f48ccb16000 ---p 00024000 08:02 29103616                   /usr/lib/x86_64-linux-gnu/libgraphite2.so.3.0.1
7f48ccb16000-7f48ccb18000 r--p 00023000 08:02 29103616                   /usr/lib/x86_64-linux-gnu/libgraphite2.so.3.0.1
7f48ccb18000-7f48ccb19000 rw-p 00025000 08:02 29103616                   /usr/lib/x86_64-linux-gnu/libgraphite2.so.3.0.1
7f48ccb19000-7f48ccb29000 r-xp 00000000 08:02 29106795                   /usr/lib/x86_64-linux-gnu/libdrm.so.2.4.0
7f48ccb29000-7f48ccd29000 ---p 00010000 08:02 29106795                   /usr/lib/x86_64-linux-gnu/libdrm.so.2.4.0
7f48ccd29000-7f48ccd2a000 r--p 00010000 08:02 29106795                   /usr/lib/x86_64-linux-gnu/libdrm.so.2.4.0
7f48ccd2a000-7f48ccd2b000 rw-p 00011000 08:02 29106795                   /usr/lib/x86_64-linux-gnu/libdrm.so.2.4.0
7f48ccd2b000-7f48ccd2f000 r-xp 00000000 08:02 29107264                   /usr/lib/x86_64-linux-gnu/libxcb-dri2.so.0.0.0
7f48ccd2f000-7f48ccf2e000 ---p 00004000 08:02 29107264                   /usr/lib/x86_64-linux-gnu/libxcb-dri2.so.0.0.0
7f48ccf2e000-7f48ccf2f000 r--p 00003000 08:02 29107264                   /usr/lib/x86_64-linux-gnu/libxcb-dri2.so.0.0.0
7f48ccf2f000-7f48ccf30000 rw-p 00004000 08:02 29107264                   /usr/lib/x86_64-linux-gnu/libxcb-dri2.so.0.0.0
7f48ccf30000-7f48ccf47000 r-xp 00000000 08:02 29107268                   /usr/lib/x86_64-linux-gnu/libxcb-glx.so.0.0.0
7f48ccf47000-7f48cd146000 ---p 00017000 08:02 29107268                   /usr/lib/x86_64-linux-gnu/libxcb-glx.so.0.0.0
7f48cd146000-7f48cd148000 r--p 00016000 08:02 29107268                   /usr/lib/x86_64-linux-gnu/libxcb-glx.so.0.0.0
7f48cd148000-7f48cd149000 rw-p 00018000 08:02 29107268                   /usr/lib/x86_64-linux-gnu/libxcb-glx.so.0.0.0
7f48cd149000-7f48cd14a000 r-xp 00000000 08:02 29105873                   /usr/lib/x86_64-linux-gnu/libX11-xcb.so.1.0.0
7f48cd14a000-7f48cd349000 ---p 00001000 08:02 29105873                   /usr/lib/x86_64-linux-gnu/libX11-xcb.so.1.0.0
7f48cd349000-7f48cd34a000 r--p 00000000 08:02 29105873                   /usr/lib/x86_64-linux-gnu/libX11-xcb.so.1.0.0
7f48cd34a000-7f48cd34b000 rw-p 00001000 08:02 29105873                   /usr/lib/x86_64-linux-gnu/libX11-xcb.so.1.0.0
7f48cd34b000-7f48cd377000 r-xp 00000000 08:02 29112262                   /usr/lib/x86_64-linux-gnu/libglapi.so.0.0.0
7f48cd377000-7f48cd576000 ---p 0002c000 08:02 29112262                   /usr/lib/x86_64-linux-gnu/libglapi.so.0.0.0
7f48cd576000-7f48cd57a000 r--p 0002b000 08:02 29112262                   /usr/lib/x86_64-linux-gnu/libglapi.so.0.0.0
7f48cd57a000-7f48cd57b000 rw-p 0002f000 08:02 29112262                   /usr/lib/x86_64-linux-gnu/libglapi.so.0.0.0
7f48cd57b000-7f48cd57c000 rw-p 00000000 00:00 0 
7f48cd57c000-7f48cd57d000 r-xp 00000000 08:02 29107308                   /usr/lib/x86_64-linux-gnu/libxshmfence.so.1.0.0
7f48cd57d000-7f48cd77d000 ---p 00001000 08:02 29107308                   /usr/lib/x86_64-linux-gnu/libxshmfence.so.1.0.0
7f48cd77d000-7f48cd77e000 r--p 00001000 08:02 29107308                   /usr/lib/x86_64-linux-gnu/libxshmfence.so.1.0.0
7f48cd77e000-7f48cd77f000 rw-p 00002000 08:02 29107308                   /usr/lib/x86_64-linux-gnu/libxshmfence.so.1.0.0
7f48cd77f000-7f48cd784000 r-xp 00000000 08:02 29107288                   /usr/lib/x86_64-linux-gnu/libxcb-sync.so.1.0.0
7f48cd784000-7f48cd984000 ---p 00005000 08:02 29107288                   /usr/lib/x86_64-linux-gnu/libxcb-sync.so.1.0.0
7f48cd984000-7f48cd985000 r--p 00005000 08:02 29107288                   /usr/lib/x86_64-linux-gnu/libxcb-sync.so.1.0.0
7f48cd985000-7f48cd986000 rw-p 00006000 08:02 29107288                   /usr/lib/x86_64-linux-gnu/libxcb-sync.so.1.0.0
7f48cd986000-7f48cd988000 r-xp 00000000 08:02 29107276                   /usr/lib/x86_64-linux-gnu/libxcb-present.so.0.0.0
7f48cd988000-7f48cdb87000 ---p 00002000 08:02 29107276                   /usr/lib/x86_64-linux-gnu/libxcb-present.so.0.0.0
7f48cdb87000-7f48cdb88000 r--p 00001000 08:02 29107276                   /usr/lib/x86_64-linux-gnu/libxcb-present.so.0.0.0
7f48cdb88000-7f48cdb89000 rw-p 00002000 08:02 29107276                   /usr/lib/x86_64-linux-gnu/libxcb-present.so.0.0.0
7f48cdb89000-7f48cdb8b000 r-xp 00000000 08:02 29107266                   /usr/lib/x86_64-linux-gnu/libxcb-dri3.so.0.0.0
7f48cdb8b000-7f48cdd8a000 ---p 00002000 08:02 29107266                   /usr/lib/x86_64-linux-gnu/libxcb-dri3.so.0.0.0
7f48cdd8a000-7f48cdd8b000 r--p 00001000 08:02 29107266                   /usr/lib/x86_64-linux-gnu/libxcb-dri3.so.0.0.0
7f48cdd8b000-7f48cdd8c000 rw-p 00002000 08:02 29107266                   /usr/lib/x86_64-linux-gnu/libxcb-dri3.so.0.0.0
7f48cdd8c000-7f48cddfa000 r-xp 00000000 08:02 48239155                   /lib/x86_64-linux-gnu/libpcre.so.3.13.2
7f48cddfa000-7f48cdffa000 ---p 0006e000 08:02 48239155                   /lib/x86_64-linux-gnu/libpcre.so.3.13.2
7f48cdffa000-7f48cdffb000 r--p 0006e000 08:02 48239155                   /lib/x86_64-linux-gnu/libpcre.so.3.13.2
7f48cdffb000-7f48cdffc000 rw-p 0006f000 08:02 48239155                   /lib/x86_64-linux-gnu/libpcre.so.3.13.2
7f48cdffc000-7f48ce003000 r-xp 00000000 08:02 29106268                   /usr/lib/x86_64-linux-gnu/libffi.so.6.0.4
7f48ce003000-7f48ce202000 ---p 00007000 08:02 29106268                   /usr/lib/x86_64-linux-gnu/libffi.so.6.0.4
7f48ce202000-7f48ce203000 r--p 00006000 08:02 29106268                   /usr/lib/x86_64-linux-gnu/libffi.so.6.0.4
7f48ce203000-7f48ce204000 rw-p 00007000 08:02 29106268                   /usr/lib/x86_64-linux-gnu/libffi.so.6.0.4
7f48ce204000-7f48ce22a000 r-xp 00000000 08:02 48234855                   /lib/x86_64-linux-gnu/libexpat.so.1.6.0
7f48ce22a000-7f48ce42a000 ---p 00026000 08:02 48234855                   /lib/x86_64-linux-gnu/libexpat.so.1.6.0
7f48ce42a000-7f48ce42c000 r--p 00026000 08:02 48234855                   /lib/x86_64-linux-gnu/libexpat.so.1.6.0
7f48ce42c000-7f48ce42d000 rw-p 00028000 08:02 48234855                   /lib/x86_64-linux-gnu/libexpat.so.1.6.0
7f48ce42d000-7f48ce435000 r-xp 00000000 08:02 29107068                   /usr/lib/x86_64-linux-gnu/libthai.so.0.2.4
7f48ce435000-7f48ce634000 ---p 00008000 08:02 29107068                   /usr/lib/x86_64-linux-gnu/libthai.so.0.2.4
7f48ce634000-7f48ce635000 r--p 00007000 08:02 29107068                   /usr/lib/x86_64-linux-gnu/libthai.so.0.2.4
7f48ce635000-7f48ce636000 rw-p 00008000 08:02 29107068                   /usr/lib/x86_64-linux-gnu/libthai.so.0.2.4
7f48ce636000-7f48ce657000 r-xp 00000000 08:02 29107296                   /usr/lib/x86_64-linux-gnu/libxcb.so.1.1.0
7f48ce657000-7f48ce856000 ---p 00021000 08:02 29107296                   /usr/lib/x86_64-linux-gnu/libxcb.so.1.1.0
7f48ce856000-7f48ce857000 r--p 00020000 08:02 29107296                   /usr/lib/x86_64-linux-gnu/libxcb.so.1.1.0
7f48ce857000-7f48ce858000 rw-p 00021000 08:02 29107296                   /usr/lib/x86_64-linux-gnu/libxcb.so.1.1.0
7f48ce858000-7f48ce860000 r-xp 00000000 08:02 29107282                   /usr/lib/x86_64-linux-gnu/libxcb-render.so.0.0.0
7f48ce860000-7f48cea60000 ---p 00008000 08:02 29107282                   /usr/lib/x86_64-linux-gnu/libxcb-render.so.0.0.0
7f48cea60000-7f48cea61000 r--p 00008000 08:02 29107282                   /usr/lib/x86_64-linux-gnu/libxcb-render.so.0.0.0
7f48cea61000-7f48cea62000 rw-p 00009000 08:02 29107282                   /usr/lib/x86_64-linux-gnu/libxcb-render.so.0.0.0
7f48cea62000-7f48cea64000 r-xp 00000000 08:02 29107286                   /usr/lib/x86_64-linux-gnu/libxcb-shm.so.0.0.0
7f48cea64000-7f48cec64000 ---p 00002000 08:02 29107286                   /usr/lib/x86_64-linux-gnu/libxcb-shm.so.0.0.0
7f48cec64000-7f48cec65000 r--p 00002000 08:02 29107286                   /usr/lib/x86_64-linux-gnu/libxcb-shm.so.0.0.0
7f48cec65000-7f48cec66000 rw-p 00003000 08:02 29107286                   /usr/lib/x86_64-linux-gnu/libxcb-shm.so.0.0.0
7f48cec66000-7f48cec8a000 r-xp 00000000 08:02 48235426                   /lib/x86_64-linux-gnu/libpng12.so.0.54.0
7f48cec8a000-7f48cee89000 ---p 00024000 08:02 48235426                   /lib/x86_64-linux-gnu/libpng12.so.0.54.0
7f48cee89000-7f48cee8a000 r--p 00023000 08:02 48235426                   /lib/x86_64-linux-gnu/libpng12.so.0.54.0
7f48cee8a000-7f48cee8b000 rw-p 00024000 08:02 48235426                   /lib/x86_64-linux-gnu/libpng12.so.0.54.0
7f48cee8b000-7f48cef2a000 r-xp 00000000 08:02 29106867                   /usr/lib/x86_64-linux-gnu/libpixman-1.so.0.33.6
7f48cef2a000-7f48cf12a000 ---p 0009f000 08:02 29106867                   /usr/lib/x86_64-linux-gnu/libpixman-1.so.0.33.6
7f48cf12a000-7f48cf132000 r--p 0009f000 08:02 29106867                   /usr/lib/x86_64-linux-gnu/libpixman-1.so.0.33.6
7f48cf132000-7f48cf133000 rw-p 000a7000 08:02 29106867                   /usr/lib/x86_64-linux-gnu/libpixman-1.so.0.33.6
7f48cf133000-7f48cf18f000 r-xp 00000000 08:02 29106531                   /usr/lib/x86_64-linux-gnu/libharfbuzz.so.0.10000.1
7f48cf18f000-7f48cf38f000 ---p 0005c000 08:02 29106531                   /usr/lib/x86_64-linux-gnu/libharfbuzz.so.0.10000.1
7f48cf38f000-7f48cf390000 r--p 0005c000 08:02 29106531                   /usr/lib/x86_64-linux-gnu/libharfbuzz.so.0.10000.1
7f48cf390000-7f48cf391000 rw-p 0005d000 08:02 29106531                   /usr/lib/x86_64-linux-gnu/libharfbuzz.so.0.10000.1
7f48cf391000-7f48cf3a8000 r-xp 00000000 08:02 48235695                   /lib/x86_64-linux-gnu/libresolv-2.23.so
7f48cf3a8000-7f48cf5a8000 ---p 00017000 08:02 48235695                   /lib/x86_64-linux-gnu/libresolv-2.23.so
7f48cf5a8000-7f48cf5a9000 r--p 00017000 08:02 48235695                   /lib/x86_64-linux-gnu/libresolv-2.23.so
7f48cf5a9000-7f48cf5aa000 rw-p 00018000 08:02 48235695                   /lib/x86_64-linux-gnu/libresolv-2.23.so
7f48cf5aa000-7f48cf5ac000 rw-p 00000000 00:00 0 
7f48cf5ac000-7f48cf5cb000 r-xp 00000000 08:02 48239184                   /lib/x86_64-linux-gnu/libselinux.so.1
7f48cf5cb000-7f48cf7ca000 ---p 0001f000 08:02 48239184                   /lib/x86_64-linux-gnu/libselinux.so.1
7f48cf7ca000-7f48cf7cb000 r--p 0001e000 08:02 48239184                   /lib/x86_64-linux-gnu/libselinux.so.1
7f48cf7cb000-7f48cf7cc000 rw-p 0001f000 08:02 48239184                   /lib/x86_64-linux-gnu/libselinux.so.1
7f48cf7cc000-7f48cf7ce000 rw-p 00000000 00:00 0 
7f48cf7ce000-7f48cf7e7000 r-xp 00000000 08:02 48239217                   /lib/x86_64-linux-gnu/libz.so.1.2.8
7f48cf7e7000-7f48cf9e6000 ---p 00019000 08:02 48239217                   /lib/x86_64-linux-gnu/libz.so.1.2.8
7f48cf9e6000-7f48cf9e7000 r--p 00018000 08:02 48239217                   /lib/x86_64-linux-gnu/libz.so.1.2.8
7f48cf9e7000-7f48cf9e8000 rw-p 00019000 08:02 48239217                   /lib/x86_64-linux-gnu/libz.so.1.2.8
7f48cf9e8000-7f48cf9f9000 r-xp 00000000 08:02 29105891                   /usr/lib/x86_64-linux-gnu/libXext.so.6.4.0
7f48cf9f9000-7f48cfbf8000 ---p 00011000 08:02 29105891                   /usr/lib/x86_64-linux-gnu/libXext.so.6.4.0
7f48cfbf8000-7f48cfbf9000 r--p 00010000 08:02 29105891                   /usr/lib/x86_64-linux-gnu/libXext.so.6.4.0
7f48cfbf9000-7f48cfbfa000 rw-p 00011000 08:02 29105891                   /usr/lib/x86_64-linux-gnu/libXext.so.6.4.0
7f48cfbfa000-7f48cfbfc000 r-xp 00000000 08:02 29105887                   /usr/lib/x86_64-linux-gnu/libXdamage.so.1.1.0
7f48cfbfc000-7f48cfdfb000 ---p 00002000 08:02 29105887                   /usr/lib/x86_64-linux-gnu/libXdamage.so.1.1.0
7f48cfdfb000-7f48cfdfc000 r--p 00001000 08:02 29105887                   /usr/lib/x86_64-linux-gnu/libXdamage.so.1.1.0
7f48cfdfc000-7f48cfdfd000 rw-p 00002000 08:02 29105887                   /usr/lib/x86_64-linux-gnu/libXdamage.so.1.1.0
7f48cfdfd000-7f48cfdff000 r-xp 00000000 08:02 29105883                   /usr/lib/x86_64-linux-gnu/libXcomposite.so.1.0.0
7f48cfdff000-7f48cfffe000 ---p 00002000 08:02 29105883                   /usr/lib/x86_64-linux-gnu/libXcomposite.so.1.0.0
7f48cfffe000-7f48cffff000 r--p 00001000 08:02 29105883                   /usr/lib/x86_64-linux-gnu/libXcomposite.so.1.0.0
7f48cffff000-7f48d0000000 rw-p 00002000 08:02 29105883                   /usr/lib/x86_64-linux-gnu/libXcomposite.so.1.0.0
7f48d0000000-7f48d0021000 rw-p 00000000 00:00 0 
7f48d0021000-7f48d4000000 ---p 00000000 00:00 0 
7f48d4000000-7f48d4021000 rw-p 00000000 00:00 0 
7f48d4021000-7f48d8000000 ---p 00000000 00:00 0 
7f48d8000000-7f48d8216000 rw-p 00000000 00:00 0 
7f48d8216000-7f48dc000000 ---p 00000000 00:00 0 
7f48dc000000-7f48dc5c1000 rw-p 00000000 00:00 0 
7f48dc5c1000-7f48e0000000 ---p 00000000 00:00 0 
7f48e0000000-7f48e0021000 rw-p 00000000 00:00 0 
7f48e0021000-7f48e4000000 ---p 00000000 00:00 0 
7f48e4000000-7f48e439c000 rw-p 00000000 00:00 0 
7f48e439c000-7f48e8000000 ---p 00000000 00:00 0 
7f48e8000000-7f48e8021000 rw-p 00000000 00:00 0 
7f48e8021000-7f48ec000000 ---p 00000000 00:00 0 
7f48ec000000-7f48ec021000 rw-p 00000000 00:00 0 
7f48ec021000-7f48f0000000 ---p 00000000 00:00 0 
7f48f0000000-7f48f0021000 rw-p 00000000 00:00 0 
7f48f0021000-7f48f4000000 ---p 00000000 00:00 0 
7f48f4000000-7f48f4021000 rw-p 00000000 00:00 0 
7f48f4021000-7f48f8000000 ---p 00000000 00:00 0 
7f48f8000000-7f48f8021000 rw-p 00000000 00:00 0 
7f48f8021000-7f48fc000000 ---p 00000000 00:00 0 
7f48fc000000-7f48fc001000 rw-s 00000000 00:19 526                        /i915 (deleted)
7f48fc002000-7f48fc007000 r--s 00084000 08:02 29756150                   /usr/lib/jvm/java-8-oracle/jre/lib/jfr.jar
7f48fc007000-7f48fc00d000 r--s 00000000 08:02 14942284                   /var/cache/fontconfig/2cd17615ca594fa2959ae173292e504c-le64.cache-6
7f48fc00d000-7f48fc00e000 r--s 00000000 08:02 14942281                   /var/cache/fontconfig/0d8c3b2ac0904cb8a57a757ad11a4a08-le64.cache-6
7f48fc00e000-7f48fc00f000 r--s 00000000 08:02 14942283                   /var/cache/fontconfig/1ac9eb803944fde146138c791f5cc56a-le64.cache-6
7f48fc00f000-7f48fc013000 r--s 00000000 08:02 14942288                   /var/cache/fontconfig/385c0604a188198f04d133e54aba7fe7-le64.cache-6
7f48fc013000-7f48fc014000 r--s 00000000 08:02 14942315                   /var/cache/fontconfig/dc05db6664285cc2f12bf69c139ae4c3-le64.cache-6
7f48fc014000-7f48fc017000 r--s 00000000 08:02 14942298                   /var/cache/fontconfig/767a8244fc0220cfb567a839d0392e0b-le64.cache-6
7f48fc017000-7f48fc018000 r--s 00000000 08:02 14947237                   /var/cache/fontconfig/4794a0821666d79190d59a36cb4f44b5-le64.cache-6
7f48fc018000-7f48fc01d000 r--s 00000000 08:02 14942301                   /var/cache/fontconfig/8801497958630a81b71ace7c5f9b32a8-le64.cache-6
7f48fc01d000-7f48fc01e000 r--s 00000000 08:02 14942308                   /var/cache/fontconfig/bab58bb527bb656aaa9f116d68a48d89-le64.cache-6
7f48fc01e000-7f48fc026000 r--s 00000000 08:02 14945872                   /var/cache/fontconfig/bf3b770c553c462765856025a94f1ce6-le64.cache-6
7f48fc026000-7f48fc039000 r--s 00000000 08:02 14942312                   /var/cache/fontconfig/d52a8644073d54c13679302ca1180695-le64.cache-6
7f48fc039000-7f48fc044000 r--s 00000000 08:02 14947967                   /var/cache/fontconfig/d589a48862398ed80a3d6066f4f56f4c-le64.cache-6
7f48fc044000-7f48fc04f000 r--s 00000000 08:02 14942300                   /var/cache/fontconfig/83bf95040141907cd45bb53cf7c1c148-le64.cache-6
7f48fc04f000-7f48fc061000 r--s 00000000 08:02 14942304                   /var/cache/fontconfig/9b89f8e3dae116d678bbf48e5f21f69b-le64.cache-6
7f48fc061000-7f48fc0a7000 r--p 00000000 08:02 30282256                   /usr/share/glib-2.0/schemas/gschemas.compiled
7f48fc0a7000-7f48fc0b0000 r-xp 00000000 08:02 29100061                   /usr/lib/x86_64-linux-gnu/libXcursor.so.1.0.2
7f48fc0b0000-7f48fc2af000 ---p 00009000 08:02 29100061                   /usr/lib/x86_64-linux-gnu/libXcursor.so.1.0.2
7f48fc2af000-7f48fc2b0000 r--p 00008000 08:02 29100061                   /usr/lib/x86_64-linux-gnu/libXcursor.so.1.0.2
7f48fc2b0000-7f48fc2b1000 rw-p 00009000 08:02 29100061                   /usr/lib/x86_64-linux-gnu/libXcursor.so.1.0.2
7f48fc2b1000-7f48fc2bb000 r-xp 00000000 08:02 29105911                   /usr/lib/x86_64-linux-gnu/libXrandr.so.2.2.0
7f48fc2bb000-7f48fc4ba000 ---p 0000a000 08:02 29105911                   /usr/lib/x86_64-linux-gnu/libXrandr.so.2.2.0
7f48fc4ba000-7f48fc4bb000 r--p 00009000 08:02 29105911                   /usr/lib/x86_64-linux-gnu/libXrandr.so.2.2.0
7f48fc4bb000-7f48fc4bc000 rw-p 0000a000 08:02 29105911                   /usr/lib/x86_64-linux-gnu/libXrandr.so.2.2.0
7f48fc4bc000-7f48fc4cb000 r-xp 00000000 08:02 29105901                   /usr/lib/x86_64-linux-gnu/libXi.so.6.1.0
7f48fc4cb000-7f48fc6ca000 ---p 0000f000 08:02 29105901                   /usr/lib/x86_64-linux-gnu/libXi.so.6.1.0
7f48fc6ca000-7f48fc6cb000 r--p 0000e000 08:02 29105901                   /usr/lib/x86_64-linux-gnu/libXi.so.6.1.0
7f48fc6cb000-7f48fc6cc000 rw-p 0000f000 08:02 29105901                   /usr/lib/x86_64-linux-gnu/libXi.so.6.1.0
7f48fc6cc000-7f48fc6ce000 r-xp 00000000 08:02 29105903                   /usr/lib/x86_64-linux-gnu/libXinerama.so.1.0.0
7f48fc6ce000-7f48fc8cd000 ---p 00002000 08:02 29105903                   /usr/lib/x86_64-linux-gnu/libXinerama.so.1.0.0
7f48fc8cd000-7f48fc8ce000 r--p 00001000 08:02 29105903                   /usr/lib/x86_64-linux-gnu/libXinerama.so.1.0.0
7f48fc8ce000-7f48fc8cf000 rw-p 00002000 08:02 29105903                   /usr/lib/x86_64-linux-gnu/libXinerama.so.1.0.0
7f48fc8cf000-7f48fc8d8000 r-xp 00000000 08:02 29105913                   /usr/lib/x86_64-linux-gnu/libXrender.so.1.3.0
7f48fc8d8000-7f48fcad7000 ---p 00009000 08:02 29105913                   /usr/lib/x86_64-linux-gnu/libXrender.so.1.3.0
7f48fcad7000-7f48fcad8000 r--p 00008000 08:02 29105913                   /usr/lib/x86_64-linux-gnu/libXrender.so.1.3.0
7f48fcad8000-7f48fcad9000 rw-p 00009000 08:02 29105913                   /usr/lib/x86_64-linux-gnu/libXrender.so.1.3.0
7f48fcad9000-7f48fcade000 r-xp 00000000 08:02 29105893                   /usr/lib/x86_64-linux-gnu/libXfixes.so.3.1.0
7f48fcade000-7f48fccdd000 ---p 00005000 08:02 29105893                   /usr/lib/x86_64-linux-gnu/libXfixes.so.3.1.0
7f48fccdd000-7f48fccde000 r--p 00004000 08:02 29105893                   /usr/lib/x86_64-linux-gnu/libXfixes.so.3.1.0
7f48fccde000-7f48fccdf000 rw-p 00005000 08:02 29105893                   /usr/lib/x86_64-linux-gnu/libXfixes.so.3.1.0
7f48fccdf000-7f48fccf5000 r-xp 00000000 08:02 48239064                   /lib/x86_64-linux-gnu/libgcc_s.so.1
7f48fccf5000-7f48fcef4000 ---p 00016000 08:02 48239064                   /lib/x86_64-linux-gnu/libgcc_s.so.1
7f48fcef4000-7f48fcef5000 rw-p 00015000 08:02 48239064                   /lib/x86_64-linux-gnu/libgcc_s.so.1
7f48fcef5000-7f48fd067000 r-xp 00000000 08:02 29098884                   /usr/lib/x86_64-linux-gnu/libstdc++.so.6.0.21
7f48fd067000-7f48fd267000 ---p 00172000 08:02 29098884                   /usr/lib/x86_64-linux-gnu/libstdc++.so.6.0.21
7f48fd267000-7f48fd271000 r--p 00172000 08:02 29098884                   /usr/lib/x86_64-linux-gnu/libstdc++.so.6.0.21
7f48fd271000-7f48fd273000 rw-p 0017c000 08:02 29098884                   /usr/lib/x86_64-linux-gnu/libstdc++.so.6.0.21
7f48fd273000-7f48fd277000 rw-p 00000000 00:00 0 
7f48fd277000-7f48fd2e7000 r-xp 00000000 08:02 29365871                   /usr/lib/x86_64-linux-gnu/mesa/libGL.so.1.2.0
7f48fd2e7000-7f48fd4e6000 ---p 00070000 08:02 29365871                   /usr/lib/x86_64-linux-gnu/mesa/libGL.so.1.2.0
7f48fd4e6000-7f48fd4e9000 r--p 0006f000 08:02 29365871                   /usr/lib/x86_64-linux-gnu/mesa/libGL.so.1.2.0
7f48fd4e9000-7f48fd4ea000 rw-p 00072000 08:02 29365871                   /usr/lib/x86_64-linux-gnu/mesa/libGL.so.1.2.0
7f48fd4ea000-7f48fd4eb000 rw-p 00000000 00:00 0 
7f48fd4eb000-7f48fd4f0000 r-xp 00000000 08:02 29105929                   /usr/lib/x86_64-linux-gnu/libXxf86vm.so.1.0.0
7f48fd4f0000-7f48fd6ef000 ---p 00005000 08:02 29105929                   /usr/lib/x86_64-linux-gnu/libXxf86vm.so.1.0.0
7f48fd6ef000-7f48fd6f0000 r--p 00004000 08:02 29105929                   /usr/lib/x86_64-linux-gnu/libXxf86vm.so.1.0.0
7f48fd6f0000-7f48fd6f1000 rw-p 00005000 08:02 29105929                   /usr/lib/x86_64-linux-gnu/libXxf86vm.so.1.0.0
7f48fd6f1000-7f48fd826000 r-xp 00000000 08:02 29106677                   /usr/lib/x86_64-linux-gnu/libX11.so.6.3.0
7f48fd826000-7f48fda26000 ---p 00135000 08:02 29106677                   /usr/lib/x86_64-linux-gnu/libX11.so.6.3.0
7f48fda26000-7f48fda27000 r--p 00135000 08:02 29106677                   /usr/lib/x86_64-linux-gnu/libX11.so.6.3.0
7f48fda27000-7f48fda2b000 rw-p 00136000 08:02 29106677                   /usr/lib/x86_64-linux-gnu/libX11.so.6.3.0
7f48fda2b000-7f48fda30000 r-xp 00000000 08:02 29105919                   /usr/lib/x86_64-linux-gnu/libXtst.so.6.1.0
7f48fda30000-7f48fdc2f000 ---p 00005000 08:02 29105919                   /usr/lib/x86_64-linux-gnu/libXtst.so.6.1.0
7f48fdc2f000-7f48fdc30000 r--p 00004000 08:02 29105919                   /usr/lib/x86_64-linux-gnu/libXtst.so.6.1.0
7f48fdc30000-7f48fdc31000 rw-p 00005000 08:02 29105919                   /usr/lib/x86_64-linux-gnu/libXtst.so.6.1.0
7f48fdc31000-7f48fdd40000 r-xp 00000000 08:02 48234827                   /lib/x86_64-linux-gnu/libglib-2.0.so.0.4800.2
7f48fdd40000-7f48fdf3f000 ---p 0010f000 08:02 48234827                   /lib/x86_64-linux-gnu/libglib-2.0.so.0.4800.2
7f48fdf3f000-7f48fdf40000 r--p 0010e000 08:02 48234827                   /lib/x86_64-linux-gnu/libglib-2.0.so.0.4800.2
7f48fdf40000-7f48fdf41000 rw-p 0010f000 08:02 48234827                   /lib/x86_64-linux-gnu/libglib-2.0.so.0.4800.2
7f48fdf41000-7f48fdf42000 rw-p 00000000 00:00 0 
7f48fdf42000-7f48fdf43000 r-xp 00000000 08:02 29100880                   /usr/lib/x86_64-linux-gnu/libgthread-2.0.so.0.4800.2
7f48fdf43000-7f48fe142000 ---p 00001000 08:02 29100880                   /usr/lib/x86_64-linux-gnu/libgthread-2.0.so.0.4800.2
7f48fe142000-7f48fe143000 r--p 00000000 08:02 29100880                   /usr/lib/x86_64-linux-gnu/libgthread-2.0.so.0.4800.2
7f48fe143000-7f48fe144000 rw-p 00001000 08:02 29100880                   /usr/lib/x86_64-linux-gnu/libgthread-2.0.so.0.4800.2
7f48fe144000-7f48fe147000 r-xp 00000000 08:02 29100877                   /usr/lib/x86_64-linux-gnu/libgmodule-2.0.so.0.4800.2
7f48fe147000-7f48fe346000 ---p 00003000 08:02 29100877                   /usr/lib/x86_64-linux-gnu/libgmodule-2.0.so.0.4800.2
7f48fe346000-7f48fe347000 r--p 00002000 08:02 29100877                   /usr/lib/x86_64-linux-gnu/libgmodule-2.0.so.0.4800.2
7f48fe347000-7f48fe348000 rw-p 00003000 08:02 29100877                   /usr/lib/x86_64-linux-gnu/libgmodule-2.0.so.0.4800.2
7f48fe348000-7f48fe39a000 r-xp 00000000 08:02 29100874                   /usr/lib/x86_64-linux-gnu/libgobject-2.0.so.0.4800.2
7f48fe39a000-7f48fe599000 ---p 00052000 08:02 29100874                   /usr/lib/x86_64-linux-gnu/libgobject-2.0.so.0.4800.2
7f48fe599000-7f48fe59a000 r--p 00051000 08:02 29100874                   /usr/lib/x86_64-linux-gnu/libgobject-2.0.so.0.4800.2
7f48fe59a000-7f48fe59b000 rw-p 00052000 08:02 29100874                   /usr/lib/x86_64-linux-gnu/libgobject-2.0.so.0.4800.2
7f48fe59b000-7f48fe5d8000 r-xp 00000000 08:02 29106282                   /usr/lib/x86_64-linux-gnu/libfontconfig.so.1.9.0
7f48fe5d8000-7f48fe7d7000 ---p 0003d000 08:02 29106282                   /usr/lib/x86_64-linux-gnu/libfontconfig.so.1.9.0
7f48fe7d7000-7f48fe7d9000 r--p 0003c000 08:02 29106282                   /usr/lib/x86_64-linux-gnu/libfontconfig.so.1.9.0
7f48fe7d9000-7f48fe7de000 rw-p 0003e000 08:02 29106282                   /usr/lib/x86_64-linux-gnu/libfontconfig.so.1.9.0
7f48fe7de000-7f48fe882000 r-xp 00000000 08:02 29098888                   /usr/lib/x86_64-linux-gnu/libfreetype.so.6.12.1
7f48fe882000-7f48fea81000 ---p 000a4000 08:02 29098888                   /usr/lib/x86_64-linux-gnu/libfreetype.so.6.12.1
7f48fea81000-7f48fea87000 r--p 000a3000 08:02 29098888                   /usr/lib/x86_64-linux-gnu/libfreetype.so.6.12.1
7f48fea87000-7f48fea88000 rw-p 000a9000 08:02 29098888                   /usr/lib/x86_64-linux-gnu/libfreetype.so.6.12.1
7f48fea88000-7f48fead1000 r-xp 00000000 08:02 29106837                   /usr/lib/x86_64-linux-gnu/libpango-1.0.so.0.3800.1
7f48fead1000-7f48fecd1000 ---p 00049000 08:02 29106837                   /usr/lib/x86_64-linux-gnu/libpango-1.0.so.0.3800.1
7f48fecd1000-7f48fecd3000 r--p 00049000 08:02 29106837                   /usr/lib/x86_64-linux-gnu/libpango-1.0.so.0.3800.1
7f48fecd3000-7f48fecd4000 rw-p 0004b000 08:02 29106837                   /usr/lib/x86_64-linux-gnu/libpango-1.0.so.0.3800.1
7f48fecd4000-7f48fede2000 r-xp 00000000 08:02 29106041                   /usr/lib/x86_64-linux-gnu/libcairo.so.2.11400.6
7f48fede2000-7f48fefe2000 ---p 0010e000 08:02 29106041                   /usr/lib/x86_64-linux-gnu/libcairo.so.2.11400.6
7f48fefe2000-7f48fefe5000 r--p 0010e000 08:02 29106041                   /usr/lib/x86_64-linux-gnu/libcairo.so.2.11400.6
7f48fefe5000-7f48fefe6000 rw-p 00111000 08:02 29106041                   /usr/lib/x86_64-linux-gnu/libcairo.so.2.11400.6
7f48fefe6000-7f48fefe8000 rw-p 00000000 00:00 0 
7f48fefe8000-7f48feff4000 r-xp 00000000 08:02 29106839                   /usr/lib/x86_64-linux-gnu/libpangocairo-1.0.so.0.3800.1
7f48feff4000-7f48ff1f3000 ---p 0000c000 08:02 29106839                   /usr/lib/x86_64-linux-gnu/libpangocairo-1.0.so.0.3800.1
7f48ff1f3000-7f48ff1f4000 r--p 0000b000 08:02 29106839                   /usr/lib/x86_64-linux-gnu/libpangocairo-1.0.so.0.3800.1
7f48ff1f4000-7f48ff1f5000 rw-p 0000c000 08:02 29106839                   /usr/lib/x86_64-linux-gnu/libpangocairo-1.0.so.0.3800.1
7f48ff1f5000-7f48ff216000 r-xp 00000000 08:02 29103655                   /usr/lib/x86_64-linux-gnu/libgdk_pixbuf-2.0.so.0.3200.2
7f48ff216000-7f48ff415000 ---p 00021000 08:02 29103655                   /usr/lib/x86_64-linux-gnu/libgdk_pixbuf-2.0.so.0.3200.2
7f48ff415000-7f48ff416000 r--p 00020000 08:02 29103655                   /usr/lib/x86_64-linux-gnu/libgdk_pixbuf-2.0.so.0.3200.2
7f48ff416000-7f48ff417000 rw-p 00021000 08:02 29103655                   /usr/lib/x86_64-linux-gnu/libgdk_pixbuf-2.0.so.0.3200.2
7f48ff417000-7f48ff42b000 r-xp 00000000 08:02 29106841                   /usr/lib/x86_64-linux-gnu/libpangoft2-1.0.so.0.3800.1
7f48ff42b000-7f48ff62b000 ---p 00014000 08:02 29106841                   /usr/lib/x86_64-linux-gnu/libpangoft2-1.0.so.0.3800.1
7f48ff62b000-7f48ff62c000 r--p 00014000 08:02 29106841                   /usr/lib/x86_64-linux-gnu/libpangoft2-1.0.so.0.3800.1
7f48ff62c000-7f48ff62d000 rw-p 00015000 08:02 29106841                   /usr/lib/x86_64-linux-gnu/libpangoft2-1.0.so.0.3800.1
7f48ff62d000-7f48ff7ad000 r-xp 00000000 08:02 29100879                   /usr/lib/x86_64-linux-gnu/libgio-2.0.so.0.4800.2
7f48ff7ad000-7f48ff9ad000 ---p 00180000 08:02 29100879                   /usr/lib/x86_64-linux-gnu/libgio-2.0.so.0.4800.2
7f48ff9ad000-7f48ff9b1000 r--p 00180000 08:02 29100879                   /usr/lib/x86_64-linux-gnu/libgio-2.0.so.0.4800.2
7f48ff9b1000-7f48ff9b3000 rw-p 00184000 08:02 29100879                   /usr/lib/x86_64-linux-gnu/libgio-2.0.so.0.4800.2
7f48ff9b3000-7f48ff9b5000 rw-p 00000000 00:00 0 
7f48ff9b5000-7f48ffdf3000 r-xp 00000000 08:02 29101406                   /usr/lib/x86_64-linux-gnu/libgtk-x11-2.0.so.0.2400.30
7f48ffdf3000-7f48ffff2000 ---p 0043e000 08:02 29101406                   /usr/lib/x86_64-linux-gnu/libgtk-x11-2.0.so.0.2400.30
7f48ffff2000-7f48ffff9000 r--p 0043d000 08:02 29101406                   /usr/lib/x86_64-linux-gnu/libgtk-x11-2.0.so.0.2400.30
7f48ffff9000-7f48ffffd000 rw-p 00444000 08:02 29101406                   /usr/lib/x86_64-linux-gnu/libgtk-x11-2.0.so.0.2400.30
7f48ffffd000-7f4900000000 rw-p 00000000 00:00 0 
7f4900000000-7f4900021000 rw-p 00000000 00:00 0 
7f4900021000-7f4904000000 ---p 00000000 00:00 0 
7f4904000000-7f4904007000 r--s 00000000 08:02 14942285                   /var/cache/fontconfig/3047814df9a2f067bd2d96a2b9c36e5a-le64.cache-6
7f4904007000-7f4904008000 r--s 00000000 08:02 14942292                   /var/cache/fontconfig/56cf4f4769d0f4abc89a4895d7bd3ae1-le64.cache-6
7f4904008000-7f4904009000 r--s 00000000 08:02 14942307                   /var/cache/fontconfig/b9d506c9ac06c20b433354fa67a72993-le64.cache-6
7f4904009000-7f4904012000 r--s 00000000 08:02 14947514                   /var/cache/fontconfig/d0972c3d32f097851eb916381fc38920-le64.cache-6
7f4904012000-7f4904092000 r-xp 00000000 08:02 48234592                   /lib/x86_64-linux-gnu/libsystemd.so.0.14.0
7f4904092000-7f4904095000 r--p 0007f000 08:02 48234592                   /lib/x86_64-linux-gnu/libsystemd.so.0.14.0
7f4904095000-7f4904096000 rw-p 00082000 08:02 48234592                   /lib/x86_64-linux-gnu/libsystemd.so.0.14.0
7f4904096000-7f4904097000 rw-p 00000000 00:00 0 
7f4904097000-7f490409d000 r--s 00000000 08:02 14942306                   /var/cache/fontconfig/b47c4e1ecd0709278f4910c18777a504-le64.cache-6
7f490409d000-7f490409e000 r--s 00000000 08:02 14942291                   /var/cache/fontconfig/551ecf3b0e8b0bca0f25c0944f561853-le64.cache-6
7f490409e000-7f490409f000 r--s 00000000 08:02 14942286                   /var/cache/fontconfig/30829fa25452a46451e813d634d7f916-le64.cache-6
7f490409f000-7f49040ac000 r--s 00000000 08:02 14942316                   /var/cache/fontconfig/e13b20fdb08344e0e664864cc2ede53d-le64.cache-6
7f49040ac000-7f49040b4000 rw-s 00000000 00:19 571                        /i915 (deleted)
7f49040b4000-7f49040d6000 r-xp 00000000 08:02 29105984                   /usr/lib/x86_64-linux-gnu/libatk-1.0.so.0.21809.1
7f49040d6000-7f49042d5000 ---p 00022000 08:02 29105984                   /usr/lib/x86_64-linux-gnu/libatk-1.0.so.0.21809.1
7f49042d5000-7f49042d8000 r--p 00021000 08:02 29105984                   /usr/lib/x86_64-linux-gnu/libatk-1.0.so.0.21809.1
7f49042d8000-7f49042d9000 rw-p 00024000 08:02 29105984                   /usr/lib/x86_64-linux-gnu/libatk-1.0.so.0.21809.1
7f49042d9000-7f4904389000 r-xp 00000000 08:02 29101405                   /usr/lib/x86_64-linux-gnu/libgdk-x11-2.0.so.0.2400.30
7f4904389000-7f4904588000 ---p 000b0000 08:02 29101405                   /usr/lib/x86_64-linux-gnu/libgdk-x11-2.0.so.0.2400.30
7f4904588000-7f490458c000 r--p 000af000 08:02 29101405                   /usr/lib/x86_64-linux-gnu/libgdk-x11-2.0.so.0.2400.30
7f490458c000-7f490458e000 rw-p 000b3000 08:02 29101405                   /usr/lib/x86_64-linux-gnu/libgdk-x11-2.0.so.0.2400.30
7f490458e000-7f490459a000 r-xp 00000000 08:02 29886889                   /usr/lib/jvm/java-8-oracle/jre/lib/amd64/libprism_es2.so
7f490459a000-7f4904799000 ---p 0000c000 08:02 29886889                   /usr/lib/jvm/java-8-oracle/jre/lib/amd64/libprism_es2.so
7f4904799000-7f490479a000 rw-p 0000b000 08:02 29886889                   /usr/lib/jvm/java-8-oracle/jre/lib/amd64/libprism_es2.so
7f490479a000-7f490479d000 ---p 00000000 00:00 0 
7f490479d000-7f490489b000 rw-p 00000000 00:00 0 
7f490489b000-7f4904931000 r--s 0110a000 08:02 29757641                   /usr/lib/jvm/java-8-oracle/jre/lib/ext/jfxrt.jar
7f4904931000-7f4904932000 ---p 00000000 00:00 0 
7f4904932000-7f4904a32000 rw-p 00000000 00:00 0 
7f4904a32000-7f4904a35000 ---p 00000000 00:00 0 
7f4904a35000-7f4904b33000 rw-p 00000000 00:00 0 
7f4904b33000-7f4904b36000 ---p 00000000 00:00 0 
7f4904b36000-7f4904c34000 rw-p 00000000 00:00 0 
7f4904c34000-7f4904c37000 ---p 00000000 00:00 0 
7f4904c37000-7f4904d35000 rw-p 00000000 00:00 0 
7f4904d35000-7f4904d38000 ---p 00000000 00:00 0 
7f4904d38000-7f4904e36000 rw-p 00000000 00:00 0 
7f4904e36000-7f4904e39000 ---p 00000000 00:00 0 
7f4904e39000-7f4904f37000 rw-p 00000000 00:00 0 
7f4904f37000-7f490520f000 r--p 00000000 08:02 29098385                   /usr/lib/locale/locale-archive
7f490520f000-7f4905212000 ---p 00000000 00:00 0 
7f4905212000-7f4905310000 rw-p 00000000 00:00 0 
7f4905310000-7f4905313000 ---p 00000000 00:00 0 
7f4905313000-7f4905411000 rw-p 00000000 00:00 0 
7f4905411000-7f4905412000 ---p 00000000 00:00 0 
7f4905412000-7f4908000000 rw-p 00000000 00:00 0 
7f4908000000-7f4908021000 rw-p 00000000 00:00 0 
7f4908021000-7f490c000000 ---p 00000000 00:00 0 
7f490c000000-7f490c001000 r--s 00000000 08:02 14942280                   /var/cache/fontconfig/0c9eb80ebd1c36541ebe2852d3bb0c49-le64.cache-6
7f490c001000-7f490c005000 r--s 00000000 08:02 14945919                   /var/cache/fontconfig/7ef2298fde41cc6eeb7af42e48b7d293-le64.cache-6
7f490c005000-7f490c249000 rw-p 00000000 00:00 0 
7f490c249000-7f490c422000 r--s 03d64000 08:02 29756892                   /usr/lib/jvm/java-8-oracle/jre/lib/rt.jar
7f490c422000-7f490cdfe000 rw-p 00000000 00:00 0 
7f490cdfe000-7f490cdff000 ---p 00000000 00:00 0 
7f490cdff000-7f490ceff000 rw-p 00000000 00:00 0 
7f490ceff000-7f490cf00000 ---p 00000000 00:00 0 
7f490cf00000-7f490d000000 rw-p 00000000 00:00 0 
7f490d000000-7f490d510000 rwxp 00000000 00:00 0 
7f490d510000-7f491c000000 ---p 00000000 00:00 0 
7f491c000000-7f491c408000 rw-p 00000000 00:00 0 
7f491c408000-7f4920000000 ---p 00000000 00:00 0 
7f4920000000-7f4920003000 r--s 00000000 08:02 14942297                   /var/cache/fontconfig/75114ca45c98e8a441da0ff356701271-le64.cache-6
7f4920003000-7f4920004000 r--s 00003000 08:02 58599470                   /home/kavya/Documents/Sem7/ProjSE/json-simple-1.1.jar
7f4920005000-7f4920006000 rw-s 00000000 00:19 457                        /i915 (deleted)
7f4920006000-7f492000e000 rw-s 00000000 00:19 374                        /i915 (deleted)
7f492000e000-7f4920016000 r--p 00000000 08:02 48497114                   /home/kavya/.config/dconf/user
7f4920016000-7f492001e000 rw-s 00000000 00:19 555                        /i915 (deleted)
7f492001e000-7f492001f000 r--s 00000000 00:31 35                         /run/user/1000/dconf/user
7f492001f000-7f49200d7000 rw-p 00000000 00:00 0 
7f49200d7000-7f49200d8000 ---p 00000000 00:00 0 
7f49200d8000-7f49201d8000 rw-p 00000000 00:00 0 
7f49201d8000-7f49201d9000 ---p 00000000 00:00 0 
7f49201d9000-7f49202ed000 rw-p 00000000 00:00 0 
7f49202ed000-7f4920417000 ---p 00000000 00:00 0 
7f4920417000-7f492042b000 rw-p 00000000 00:00 0 
7f492042b000-7f4920554000 ---p 00000000 00:00 0 
7f4920554000-7f492055f000 rw-p 00000000 00:00 0 
7f492055f000-7f49205f3000 ---p 00000000 00:00 0 
7f49205f3000-7f4920609000 rw-p 00000000 00:00 0 
7f4920609000-7f49209b4000 ---p 00000000 00:00 0 
7f49209b4000-7f49209cf000 r-xp 00000000 08:02 29886881                   /usr/lib/jvm/java-8-oracle/jre/lib/amd64/libzip.so
7f49209cf000-7f4920bcf000 ---p 0001b000 08:02 29886881                   /usr/lib/jvm/java-8-oracle/jre/lib/amd64/libzip.so
7f4920bcf000-7f4920bd0000 rw-p 0001b000 08:02 29886881                   /usr/lib/jvm/java-8-oracle/jre/lib/amd64/libzip.so
7f4920bd0000-7f4920bdb000 r-xp 00000000 08:02 48235699                   /lib/x86_64-linux-gnu/libnss_files-2.23.so
7f4920bdb000-7f4920dda000 ---p 0000b000 08:02 48235699                   /lib/x86_64-linux-gnu/libnss_files-2.23.so
7f4920dda000-7f4920ddb000 r--p 0000a000 08:02 48235699                   /lib/x86_64-linux-gnu/libnss_files-2.23.so
7f4920ddb000-7f4920ddc000 rw-p 0000b000 08:02 48235699                   /lib/x86_64-linux-gnu/libnss_files-2.23.so
7f4920ddc000-7f4920de2000 rw-p 00000000 00:00 0 
7f4920de2000-7f4920ded000 r-xp 00000000 08:02 48235692                   /lib/x86_64-linux-gnu/libnss_nis-2.23.so
7f4920ded000-7f4920fec000 ---p 0000b000 08:02 48235692                   /lib/x86_64-linux-gnu/libnss_nis-2.23.so
7f4920fec000-7f4920fed000 r--p 0000a000 08:02 48235692                   /lib/x86_64-linux-gnu/libnss_nis-2.23.so
7f4920fed000-7f4920fee000 rw-p 0000b000 08:02 48235692                   /lib/x86_64-linux-gnu/libnss_nis-2.23.so
7f4920fee000-7f4921004000 r-xp 00000000 08:02 48235697                   /lib/x86_64-linux-gnu/libnsl-2.23.so
7f4921004000-7f4921203000 ---p 00016000 08:02 48235697                   /lib/x86_64-linux-gnu/libnsl-2.23.so
7f4921203000-7f4921204000 r--p 00015000 08:02 48235697                   /lib/x86_64-linux-gnu/libnsl-2.23.so
7f4921204000-7f4921205000 rw-p 00016000 08:02 48235697                   /lib/x86_64-linux-gnu/libnsl-2.23.so
7f4921205000-7f4921207000 rw-p 00000000 00:00 0 
7f4921207000-7f492120f000 r-xp 00000000 08:02 48235703                   /lib/x86_64-linux-gnu/libnss_compat-2.23.so
7f492120f000-7f492140e000 ---p 00008000 08:02 48235703                   /lib/x86_64-linux-gnu/libnss_compat-2.23.so
7f492140e000-7f492140f000 r--p 00007000 08:02 48235703                   /lib/x86_64-linux-gnu/libnss_compat-2.23.so
7f492140f000-7f4921410000 rw-p 00008000 08:02 48235703                   /lib/x86_64-linux-gnu/libnss_compat-2.23.so
7f4921410000-7f492143b000 r-xp 00000000 08:02 29886875                   /usr/lib/jvm/java-8-oracle/jre/lib/amd64/libjava.so
7f492143b000-7f492163a000 ---p 0002b000 08:02 29886875                   /usr/lib/jvm/java-8-oracle/jre/lib/amd64/libjava.so
7f492163a000-7f492163c000 rw-p 0002a000 08:02 29886875                   /usr/lib/jvm/java-8-oracle/jre/lib/amd64/libjava.so
7f492163c000-7f4921649000 r-xp 00000000 08:02 29886880                   /usr/lib/jvm/java-8-oracle/jre/lib/amd64/libverify.so
7f4921649000-7f4921849000 ---p 0000d000 08:02 29886880                   /usr/lib/jvm/java-8-oracle/jre/lib/amd64/libverify.so
7f4921849000-7f492184b000 rw-p 0000d000 08:02 29886880                   /usr/lib/jvm/java-8-oracle/jre/lib/amd64/libverify.so
7f492184b000-7f4921852000 r-xp 00000000 08:02 48235679                   /lib/x86_64-linux-gnu/librt-2.23.so
7f4921852000-7f4921a51000 ---p 00007000 08:02 48235679                   /lib/x86_64-linux-gnu/librt-2.23.so
7f4921a51000-7f4921a52000 r--p 00006000 08:02 48235679                   /lib/x86_64-linux-gnu/librt-2.23.so
7f4921a52000-7f4921a53000 rw-p 00007000 08:02 48235679                   /lib/x86_64-linux-gnu/librt-2.23.so
7f4921a53000-7f4921b5b000 r-xp 00000000 08:02 48235705                   /lib/x86_64-linux-gnu/libm-2.23.so
7f4921b5b000-7f4921d5a000 ---p 00108000 08:02 48235705                   /lib/x86_64-linux-gnu/libm-2.23.so
7f4921d5a000-7f4921d5b000 r--p 00107000 08:02 48235705                   /lib/x86_64-linux-gnu/libm-2.23.so
7f4921d5b000-7f4921d5c000 rw-p 00108000 08:02 48235705                   /lib/x86_64-linux-gnu/libm-2.23.so
7f4921d5c000-7f4922a35000 r-xp 00000000 08:02 29886493                   /usr/lib/jvm/java-8-oracle/jre/lib/amd64/server/libjvm.so
7f4922a35000-7f4922c34000 ---p 00cd9000 08:02 29886493                   /usr/lib/jvm/java-8-oracle/jre/lib/amd64/server/libjvm.so
7f4922c34000-7f4922d0d000 rw-p 00cd8000 08:02 29886493                   /usr/lib/jvm/java-8-oracle/jre/lib/amd64/server/libjvm.so
7f4922d0d000-7f4922d59000 rw-p 00000000 00:00 0 
7f4922d59000-7f4922f19000 r-xp 00000000 08:02 48235702                   /lib/x86_64-linux-gnu/libc-2.23.so
7f4922f19000-7f4923119000 ---p 001c0000 08:02 48235702                   /lib/x86_64-linux-gnu/libc-2.23.so
7f4923119000-7f492311d000 r--p 001c0000 08:02 48235702                   /lib/x86_64-linux-gnu/libc-2.23.so
7f492311d000-7f492311f000 rw-p 001c4000 08:02 48235702                   /lib/x86_64-linux-gnu/libc-2.23.so
7f492311f000-7f4923123000 rw-p 00000000 00:00 0 
7f4923123000-7f4923126000 r-xp 00000000 08:02 48235687                   /lib/x86_64-linux-gnu/libdl-2.23.so
7f4923126000-7f4923325000 ---p 00003000 08:02 48235687                   /lib/x86_64-linux-gnu/libdl-2.23.so
7f4923325000-7f4923326000 r--p 00002000 08:02 48235687                   /lib/x86_64-linux-gnu/libdl-2.23.so
7f4923326000-7f4923327000 rw-p 00003000 08:02 48235687                   /lib/x86_64-linux-gnu/libdl-2.23.so
7f4923327000-7f492333d000 r-xp 00000000 08:02 29632159                   /usr/lib/jvm/java-8-oracle/lib/amd64/jli/libjli.so
7f492333d000-7f492353c000 ---p 00016000 08:02 29632159                   /usr/lib/jvm/java-8-oracle/lib/amd64/jli/libjli.so
7f492353c000-7f492353d000 rw-p 00015000 08:02 29632159                   /usr/lib/jvm/java-8-oracle/lib/amd64/jli/libjli.so
7f492353d000-7f4923555000 r-xp 00000000 08:02 48235689                   /lib/x86_64-linux-gnu/libpthread-2.23.so
7f4923555000-7f4923754000 ---p 00018000 08:02 48235689                   /lib/x86_64-linux-gnu/libpthread-2.23.so
7f4923754000-7f4923755000 r--p 00017000 08:02 48235689                   /lib/x86_64-linux-gnu/libpthread-2.23.so
7f4923755000-7f4923756000 rw-p 00018000 08:02 48235689                   /lib/x86_64-linux-gnu/libpthread-2.23.so
7f4923756000-7f492375a000 rw-p 00000000 00:00 0 
7f492375a000-7f4923780000 r-xp 00000000 08:02 48235688                   /lib/x86_64-linux-gnu/ld-2.23.so
7f4923780000-7f4923781000 rw-s 00000000 00:19 535                        /i915 (deleted)
7f4923781000-7f4923789000 rw-s 00000000 00:19 473                        /i915 (deleted)
7f4923789000-7f492378a000 rwxp 00000000 00:00 0 
7f492378a000-7f492385c000 rw-p 00000000 00:00 0 
7f492385c000-7f492385f000 ---p 00000000 00:00 0 
7f492385f000-7f4923975000 rw-p 00000000 00:00 0 
7f4923975000-7f492397d000 rw-s 00000000 08:02 3936219                    /tmp/hsperfdata_kavya/20726
7f492397d000-7f492397e000 rw-p 00000000 00:00 0 
7f492397e000-7f492397f000 r--p 00000000 00:00 0 
7f492397f000-7f4923980000 r--p 00025000 08:02 48235688                   /lib/x86_64-linux-gnu/ld-2.23.so
7f4923980000-7f4923981000 rw-p 00026000 08:02 48235688                   /lib/x86_64-linux-gnu/ld-2.23.so
7f4923981000-7f4923982000 rw-p 00000000 00:00 0 
7fff99c2a000-7fff99c4b000 rw-p 00000000 00:00 0                          [stack]
7fff99c8a000-7fff99c8d000 r--p 00000000 00:00 0                          [vvar]
7fff99c8d000-7fff99c8f000 r-xp 00000000 00:00 0                          [vdso]
ffffffffff600000-ffffffffff601000 r-xp 00000000 00:00 0                  [vsyscall]

VM Arguments:
jvm_args: -Dfile.encoding=UTF-8 
java_command: LoginFormApplication
java_class_path (initial): /home/kavya/Documents/Sem7/ProjSE/codeEnv/bin:/home/kavya/Documents/Sem7/ProjSE/json-simple-1.1.jar
Launcher Type: SUN_STANDARD

Environment Variables:
JAVA_HOME=/usr/lib/jvm/java-8-oracle
PATH=/home/kavya/anaconda3/bin:/home/kavya/bin:/home/kavya/.local/bin:/usr/local/sbin:/usr/local/bin:/usr/sbin:/usr/bin:/sbin:/bin:/usr/games:/usr/local/games:/snap/bin:/usr/lib/jvm/java-8-oracle/bin:/usr/lib/jvm/java-8-oracle/db/bin:/usr/lib/jvm/java-8-oracle/jre/bin
SHELL=/bin/bash
DISPLAY=:0

Signal Handlers:
SIGSEGV: [libjvm.so+0xad01e0], sa_mask[0]=11111111011111111101111111111110, sa_flags=SA_RESTART|SA_SIGINFO
SIGBUS: [libjvm.so+0xad01e0], sa_mask[0]=11111111011111111101111111111110, sa_flags=SA_RESTART|SA_SIGINFO
SIGFPE: [libjvm.so+0x927fb0], sa_mask[0]=11111111011111111101111111111110, sa_flags=SA_RESTART|SA_SIGINFO
SIGPIPE: SIG_IGN, sa_mask[0]=00000000000010000000000000000000, sa_flags=SA_RESTART
SIGXFSZ: [libjvm.so+0x927fb0], sa_mask[0]=11111111011111111101111111111110, sa_flags=SA_RESTART|SA_SIGINFO
SIGILL: [libjvm.so+0x927fb0], sa_mask[0]=11111111011111111101111111111110, sa_flags=SA_RESTART|SA_SIGINFO
SIGUSR1: SIG_DFL, sa_mask[0]=00000000000000000000000000000000, sa_flags=none
SIGUSR2: [libjvm.so+0x9297f0], sa_mask[0]=00100000000000000000000000000000, sa_flags=SA_RESTART|SA_SIGINFO
SIGHUP: [libjvm.so+0x92abf0], sa_mask[0]=11111111011111111101111111111110, sa_flags=SA_RESTART|SA_SIGINFO
SIGINT: [libjvm.so+0x92abf0], sa_mask[0]=11111111011111111101111111111110, sa_flags=SA_RESTART|SA_SIGINFO
SIGTERM: [libjvm.so+0x92abf0], sa_mask[0]=11111111011111111101111111111110, sa_flags=SA_RESTART|SA_SIGINFO
SIGQUIT: [libjvm.so+0x92abf0], sa_mask[0]=11111111011111111101111111111110, sa_flags=SA_RESTART|SA_SIGINFO


---------------  S Y S T E M  ---------------

OS:DISTRIB_ID=Ubuntu
DISTRIB_RELEASE=16.04
DISTRIB_CODENAME=xenial
DISTRIB_DESCRIPTION="Ubuntu 16.04.6 LTS"

uname:Linux 4.15.0-54-generic #58~16.04.1-Ubuntu SMP Mon Jun 24 13:21:41 UTC 2019 x86_64
libc:glibc 2.23 NPTL 2.23 
rlimit: STACK 8192k, CORE 0k, NPROC 14711, NOFILE 1048576, AS infinity
load average:1.01 0.87 0.98

/proc/meminfo:
MemTotal:        3894376 kB
MemFree:          344516 kB
MemAvailable:    1130928 kB
Buffers:          137544 kB
Cached:          1118160 kB
SwapCached:         6528 kB
Active:          2398852 kB
Inactive:         865528 kB
Active(anon):    1739004 kB
Inactive(anon):   567808 kB
Active(file):     659848 kB
Inactive(file):   297720 kB
Unevictable:         112 kB
Mlocked:             112 kB
SwapTotal:       4048892 kB
SwapFree:        4039356 kB
Dirty:               164 kB
Writeback:             0 kB
AnonPages:       2002572 kB
Mapped:           554036 kB
Shmem:            298136 kB
Slab:             167152 kB
SReclaimable:      72644 kB
SUnreclaim:        94508 kB
KernelStack:       13776 kB
PageTables:        48912 kB
NFS_Unstable:          0 kB
Bounce:                0 kB
WritebackTmp:          0 kB
CommitLimit:     5996080 kB
Committed_AS:    8776732 kB
VmallocTotal:   34359738367 kB
VmallocUsed:           0 kB
VmallocChunk:          0 kB
HardwareCorrupted:     0 kB
AnonHugePages:      2048 kB
ShmemHugePages:        0 kB
ShmemPmdMapped:        0 kB
CmaTotal:              0 kB
CmaFree:               0 kB
HugePages_Total:       0
HugePages_Free:        0
HugePages_Rsvd:        0
HugePages_Surp:        0
Hugepagesize:       2048 kB
DirectMap4k:      260892 kB
DirectMap2M:     3788800 kB
DirectMap1G:           0 kB


CPU:total 4 (initial active 4) (2 cores per cpu, 2 threads per core) family 6 model 142 stepping 9, cmov, cx8, fxsr, mmx, sse, sse2, sse3, ssse3, sse4.1, sse4.2, popcnt, avx, avx2, aes, clmul, erms, 3dnowpref, lzcnt, ht, tsc, tscinvbit, bmi1, bmi2, adx

/proc/cpuinfo:
processor	: 0
vendor_id	: GenuineIntel
cpu family	: 6
model		: 142
model name	: Intel(R) Core(TM) i3-7100U CPU @ 2.40GHz
stepping	: 9
microcode	: 0xb4
cpu MHz		: 2399.999
cache size	: 3072 KB
physical id	: 0
siblings	: 4
core id		: 0
cpu cores	: 2
apicid		: 0
initial apicid	: 0
fpu		: yes
fpu_exception	: yes
cpuid level	: 22
wp		: yes
flags		: fpu vme de pse tsc msr pae mce cx8 apic sep mtrr pge mca cmov pat pse36 clflush dts acpi mmx fxsr sse sse2 ss ht tm pbe syscall nx pdpe1gb rdtscp lm constant_tsc art arch_perfmon pebs bts rep_good nopl xtopology nonstop_tsc cpuid aperfmperf tsc_known_freq pni pclmulqdq dtes64 monitor ds_cpl vmx est tm2 ssse3 sdbg fma cx16 xtpr pdcm pcid sse4_1 sse4_2 x2apic movbe popcnt tsc_deadline_timer aes xsave avx f16c rdrand lahf_lm abm 3dnowprefetch cpuid_fault epb invpcid_single pti ssbd ibrs ibpb stibp tpr_shadow vnmi flexpriority ept vpid fsgsbase tsc_adjust bmi1 avx2 smep bmi2 erms invpcid mpx rdseed adx smap clflushopt intel_pt xsaveopt xsavec xgetbv1 xsaves dtherm arat pln pts hwp hwp_notify hwp_act_window hwp_epp md_clear flush_l1d
bugs		: cpu_meltdown spectre_v1 spectre_v2 spec_store_bypass l1tf mds
bogomips	: 4800.00
clflush size	: 64
cache_alignment	: 64
address sizes	: 39 bits physical, 48 bits virtual
power management:

processor	: 1
vendor_id	: GenuineIntel
cpu family	: 6
model		: 142
model name	: Intel(R) Core(TM) i3-7100U CPU @ 2.40GHz
stepping	: 9
microcode	: 0xb4
cpu MHz		: 2400.001
cache size	: 3072 KB
physical id	: 0
siblings	: 4
core id		: 1
cpu cores	: 2
apicid		: 2
initial apicid	: 2
fpu		: yes
fpu_exception	: yes
cpuid level	: 22
wp		: yes
flags		: fpu vme de pse tsc msr pae mce cx8 apic sep mtrr pge mca cmov pat pse36 clflush dts acpi mmx fxsr sse sse2 ss ht tm pbe syscall nx pdpe1gb rdtscp lm constant_tsc art arch_perfmon pebs bts rep_good nopl xtopology nonstop_tsc cpuid aperfmperf tsc_known_freq pni pclmulqdq dtes64 monitor ds_cpl vmx est tm2 ssse3 sdbg fma cx16 xtpr pdcm pcid sse4_1 sse4_2 x2apic movbe popcnt tsc_deadline_timer aes xsave avx f16c rdrand lahf_lm abm 3dnowprefetch cpuid_fault epb invpcid_single pti tpr_shadow vnmi flexpriority ept vpid fsgsbase tsc_adjust bmi1 avx2 smep bmi2 erms invpcid mpx rdseed adx smap clflushopt intel_pt xsaveopt xsavec xgetbv1 xsaves dtherm arat pln pts hwp hwp_notify hwp_act_window hwp_epp
bugs		: cpu_meltdown spectre_v1 spectre_v2 spec_store_bypass l1tf mds
bogomips	: 4800.00
clflush size	: 64
cache_alignment	: 64
address sizes	: 39 bits physical, 48 bits virtual
power management:

processor	: 2
vendor_id	: GenuineIntel
cpu family	: 6
model		: 142
model name	: Intel(R) Core(TM) i3-7100U CPU @ 2.40GHz
stepping	: 9
microcode	: 0xb4
cpu MHz		: 2400.000
cache size	: 3072 KB
physical id	: 0
siblings	: 4
core id		: 0
cpu cores	: 2
apicid		: 1
initial apicid	: 1
fpu		: yes
fpu_exception	: yes
cpuid level	: 22
wp		: yes
flags		: fpu vme de pse tsc msr pae mce cx8 apic sep mtrr pge mca cmov pat pse36 clflush dts acpi mmx fxsr sse sse2 ss ht tm pbe syscall nx pdpe1gb rdtscp lm constant_tsc art arch_perfmon pebs bts rep_good nopl xtopology nonstop_tsc cpuid aperfmperf tsc_known_freq pni pclmulqdq dtes64 monitor ds_cpl vmx est tm2 ssse3 sdbg fma cx16 xtpr pdcm pcid sse4_1 sse4_2 x2apic movbe popcnt tsc_deadline_timer aes xsave avx f16c rdrand lahf_lm abm 3dnowprefetch cpuid_fault epb invpcid_single pti ssbd ibrs ibpb stibp tpr_shadow vnmi flexpriority ept vpid fsgsbase tsc_adjust bmi1 avx2 smep bmi2 erms invpcid mpx rdseed adx smap clflushopt intel_pt xsaveopt xsavec xgetbv1 xsaves dtherm arat pln pts hwp hwp_notify hwp_act_window hwp_epp md_clear flush_l1d
bugs		: cpu_meltdown spectre_v1 spectre_v2 spec_store_bypass l1tf mds
bogomips	: 4800.00
clflush size	: 64
cache_alignment	: 64
address sizes	: 39 bits physical, 48 bits virtual
power management:

processor	: 3
vendor_id	: GenuineIntel
cpu family	: 6
model		: 142
model name	: Intel(R) Core(TM) i3-7100U CPU @ 2.40GHz
stepping	: 9
microcode	: 0xb4
cpu MHz		: 2400.000
cache size	: 3072 KB
physical id	: 0
siblings	: 4
core id		: 1
cpu cores	: 2
apicid		: 3
initial apicid	: 3
fpu		: yes
fpu_exception	: yes
cpuid level	: 22
wp		: yes
flags		: fpu vme de pse tsc msr pae mce cx8 apic sep mtrr pge mca cmov pat pse36 clflush dts acpi mmx fxsr sse sse2 ss ht tm pbe syscall nx pdpe1gb rdtscp lm constant_tsc art arch_perfmon pebs bts rep_good nopl xtopology nonstop_tsc cpuid aperfmperf tsc_known_freq pni pclmulqdq dtes64 monitor ds_cpl vmx est tm2 ssse3 sdbg fma cx16 xtpr pdcm pcid sse4_1 sse4_2 x2apic movbe popcnt tsc_deadline_timer aes xsave avx f16c rdrand lahf_lm abm 3dnowprefetch cpuid_fault epb invpcid_single pti ssbd ibrs ibpb stibp tpr_shadow vnmi flexpriority ept vpid fsgsbase tsc_adjust bmi1 avx2 smep bmi2 erms invpcid mpx rdseed adx smap clflushopt intel_pt xsaveopt xsavec xgetbv1 xsaves dtherm arat pln pts hwp hwp_notify hwp_act_window hwp_epp md_clear flush_l1d
bugs		: cpu_meltdown spectre_v1 spectre_v2 spec_store_bypass l1tf mds
bogomips	: 4800.00
clflush size	: 64
cache_alignment	: 64
address sizes	: 39 bits physical, 48 bits virtual
power management:



Memory: 4k page, physical 3894376k(344516k free), swap 4048892k(4039356k free)

vm_info: Java HotSpot(TM) 64-Bit Server VM (25.161-b12) for linux-amd64 JRE (1.8.0_161-b12), built on Dec 19 2017 16:12:43 by "java_re" with gcc 4.3.0 20080428 (Red Hat 4.3.0-8)

time: Sat Nov 16 16:42:27 2019
elapsed time: 7 seconds (0d 0h 0m 7s)

