#
# A fatal error has been detected by the Java Runtime Environment:
#
#  SIGSEGV (0xb) at pc=0x00007fd79cb97788, pid=6482, tid=0x00007fd73cb05700
#
# JRE version: Java(TM) SE Runtime Environment (8.0_161-b12) (build 1.8.0_161-b12)
# Java VM: Java HotSpot(TM) 64-Bit Server VM (25.161-b12 mixed mode linux-amd64 compressed oops)
# Problematic frame:
# V  [libjvm.so+0x6d7788]  jni_invoke_nonstatic(JNIEnv_*, JavaValue*, _jobject*, JNICallType, _jmethodID*, JNI_ArgumentPusher*, Thread*)+0x38
#
# Failed to write core dump. Core dumps have been disabled. To enable core dumping, try "ulimit -c unlimited" before starting Java again
#
# If you would like to submit a bug report, please visit:
#   http://bugreport.java.com/bugreport/crash.jsp
#

---------------  T H R E A D  ---------------

Current thread (0x00007fd798287800):  JavaThread "JavaFX Application Thread" [_thread_in_vm, id=6507, stack(0x00007fd73ca05000,0x00007fd73cb06000)]

siginfo: si_signo: 11 (SIGSEGV), si_code: 1 (SEGV_MAPERR), si_addr: 0x0000000000000035

Registers:
RAX=0x00007fd73cb04240, RBX=0x00007fd73cb04150, RCX=0x0000000000000001, RDX=0x0000000000000035
RSP=0x00007fd73cb03fa0, RBP=0x00007fd73cb04120, RSI=0x00007fd73cb041b0, RDI=0x00007fd7982879f8
R8 =0x00007fd7981e2968, R9 =0x00007fd73cb04150, R10=0x00007fd72c000ae0, R11=0x00007fd7882e95e0
R12=0x00007fd798287800, R13=0x00007fd7981e2968, R14=0x0000000000000001, R15=0x00007fd7982879f8
RIP=0x00007fd79cb97788, EFLAGS=0x0000000000010206, CSGSFS=0x002b000000000033, ERR=0x0000000000000004
  TRAPNO=0x000000000000000e

Top of Stack: (sp=0x00007fd73cb03fa0)
0x00007fd73cb03fa0:   00007fd73cb046a0 00007fd73cb042c0
0x00007fd73cb03fb0:   00007fd73cb04000 00007fd73cb04080
0x00007fd73cb03fc0:   00007fd73cb04150 00007fd73cb041b0
0x00007fd73cb03fd0:   00007fd7982879f8 00007fd79cbb7290
0x00007fd73cb03fe0:   00007fd750010eb0 00007fd750010ec0
0x00007fd73cb03ff0:   00007fd750011298 00000000000003d8
0x00007fd73cb04000:   0000000000000000 00000000ec5e2030
0x00007fd73cb04010:   00007fd70000006f 00007fd70000000a
0x00007fd73cb04020:   00000000ecf8e508 0000000000000000
0x00007fd73cb04030:   0000000000000000 0000000000000000
0x00007fd73cb04040:   00007fd78530bd78 0000000100000100
0x00007fd73cb04050:   0000000000000000 00007fd73cb04008
0x00007fd73cb04060:   00007fd73cb04049 0000000800000005
0x00007fd73cb04070:   0000000000000000 00007fd7982577a0
0x00007fd73cb04080:   00007fd79d42ae70 00007fd79df43720
0x00007fd73cb04090:   0000000098257060 00007fd798287800
0x00007fd73cb040a0:   0000000000000000 00007fd79cb97b5b
0x00007fd73cb040b0:   00007fd785315ec0 00007fd798287800
0x00007fd73cb040c0:   00007fd785315ec0 00007fd798287800
0x00007fd73cb040d0:   00007fd73cb04260 00007fd785315ec0
0x00007fd73cb040e0:   00007fd785315ec0 00007fd785315ec0
0x00007fd73cb040f0:   00007fd750010eb0 00007fd73cb04150
0x00007fd73cb04100:   00007fd798287800 00007fd73cb04190
0x00007fd73cb04110:   00007fd7981e2968 00007fd7982879f8
0x00007fd73cb04120:   00007fd73cb04210 00007fd79cb9bf2f
0x00007fd73cb04130:   00007fd798287800 00007fd77e484094
0x00007fd73cb04140:   00007fd73cb04228 0000000000000035
0x00007fd73cb04150:   00007fd79d42baf0 00007fd79df43720
0x00007fd73cb04160:   000000003cb041d0 ea47696200000063
0x00007fd73cb04170:   0000000000000000 0000003000000018
0x00007fd73cb04180:   00007fd73cb04300 00007fd73cb04240
0x00007fd73cb04190:   00007fd798287800 0000000000000000 

Instructions: (pc=0x00007fd79cb97788)
0x00007fd79cb97768:   00 00 48 85 d2 48 89 bd b0 fe ff ff 48 89 b5 a8
0x00007fd79cb97778:   fe ff ff 4c 89 8d a0 fe ff ff 0f 84 78 09 00 00
0x00007fd79cb97788:   4c 8b 22 4d 85 e4 0f 84 6c 09 00 00 48 8b 45 10
0x00007fd79cb97798:   48 8b 98 38 01 00 00 48 83 7b 18 f7 0f 87 16 07 

Register to memory mapping:

RAX=0x00007fd73cb04240 is pointing into the stack for thread: 0x00007fd798287800
RBX=0x00007fd73cb04150 is pointing into the stack for thread: 0x00007fd798287800
RCX=0x0000000000000001 is an unknown value
RDX=0x0000000000000035 is an unknown value
RSP=0x00007fd73cb03fa0 is pointing into the stack for thread: 0x00007fd798287800
RBP=0x00007fd73cb04120 is pointing into the stack for thread: 0x00007fd798287800
RSI=0x00007fd73cb041b0 is pointing into the stack for thread: 0x00007fd798287800
RDI=0x00007fd7982879f8 is an unknown value
R8 =0x00007fd7981e2968 is an unknown value
R9 =0x00007fd73cb04150 is pointing into the stack for thread: 0x00007fd798287800
R10=0x00007fd72c000ae0 is an unknown value
R11=0x00007fd7882e95e0 is at entry_point+32 in (nmethod*)0x00007fd7882e9450
R12=0x00007fd798287800 is a thread
R13=0x00007fd7981e2968 is an unknown value
R14=0x0000000000000001 is an unknown value
R15=0x00007fd7982879f8 is an unknown value


Stack: [0x00007fd73ca05000,0x00007fd73cb06000],  sp=0x00007fd73cb03fa0,  free space=1019k
Native frames: (J=compiled Java code, j=interpreted, Vv=VM code, C=native code)
V  [libjvm.so+0x6d7788]  jni_invoke_nonstatic(JNIEnv_*, JavaValue*, _jobject*, JNICallType, _jmethodID*, JNI_ArgumentPusher*, Thread*)+0x38
V  [libjvm.so+0x6dbf2f]  jni_CallVoidMethodV+0x10f
C  [libglass.so+0x18641]  JNIEnv_::CallVoidMethod(_jobject*, _jmethodID*, ...)+0x81
C  [libglass.so+0x14f0f]  WindowContextBase::process_key(_GdkEventKey*)+0x20f
C  [libglass.so+0x19f60]  WindowContextBase::im_filter_keypress(_GdkEventKey*)+0x1c0
C  [libglass.so+0x1a91c]  process_events(_GdkEvent*, void*)+0x22c
C  [libgdk-x11-2.0.so.0+0x5ac8c]

Java frames: (J=compiled Java code, j=interpreted, Vv=VM code)
j  com.sun.glass.ui.gtk.GtkApplication._runLoop(Ljava/lang/Runnable;Z)V+0
j  com.sun.glass.ui.gtk.GtkApplication.lambda$null$48(Ljava/lang/Runnable;Z)V+7
j  com.sun.glass.ui.gtk.GtkApplication$$Lambda$41.run()V+12
j  java.lang.Thread.run()V+11
v  ~StubRoutines::call_stub

---------------  P R O C E S S  ---------------

Java Threads: ( => current thread )
  0x00007fd72c1d5000 JavaThread "Prism Font Disposer" daemon [_thread_blocked, id=6509, stack(0x00007fd727c53000,0x00007fd727d54000)]
  0x00007fd79828b000 JavaThread "JavaFX-Launcher" [_thread_blocked, id=6508, stack(0x00007fd73c904000,0x00007fd73ca05000)]
=>0x00007fd798287800 JavaThread "JavaFX Application Thread" [_thread_in_vm, id=6507, stack(0x00007fd73ca05000,0x00007fd73cb06000)]
  0x00007fd798254800 JavaThread "Thread-1" daemon [_thread_blocked, id=6506, stack(0x00007fd73cb06000,0x00007fd73cc07000)]
  0x00007fd7981ca000 JavaThread "QuantumRenderer-0" daemon [_thread_blocked, id=6502, stack(0x00007fd77ef1a000,0x00007fd77f01b000)]
  0x00007fd7980d3000 JavaThread "Service Thread" daemon [_thread_blocked, id=6500, stack(0x00007fd77f11c000,0x00007fd77f21d000)]
  0x00007fd7980bd800 JavaThread "C1 CompilerThread2" daemon [_thread_in_native, id=6499, stack(0x00007fd77f21d000,0x00007fd77f31e000)]
  0x00007fd7980bc000 JavaThread "C2 CompilerThread1" daemon [_thread_in_native, id=6498, stack(0x00007fd77f31e000,0x00007fd77f41f000)]
  0x00007fd7980b9000 JavaThread "C2 CompilerThread0" daemon [_thread_in_native, id=6497, stack(0x00007fd77f41f000,0x00007fd77f520000)]
  0x00007fd7980b7800 JavaThread "Signal Dispatcher" daemon [_thread_blocked, id=6496, stack(0x00007fd77f520000,0x00007fd77f621000)]
  0x00007fd798084800 JavaThread "Finalizer" daemon [_thread_blocked, id=6495, stack(0x00007fd77f8f9000,0x00007fd77f9fa000)]
  0x00007fd798080000 JavaThread "Reference Handler" daemon [_thread_blocked, id=6494, stack(0x00007fd77f9fa000,0x00007fd77fafb000)]
  0x00007fd79800a800 JavaThread "main" [_thread_blocked, id=6487, stack(0x00007fd79dfc0000,0x00007fd79e0c1000)]

Other Threads:
  0x00007fd798078800 VMThread [stack: 0x00007fd77fafb000,0x00007fd77fbfc000] [id=6493]
  0x00007fd7980d8000 WatcherThread [stack: 0x00007fd77f01b000,0x00007fd77f11c000] [id=6501]

VM state:not at safepoint (normal execution)

VM Mutex/Monitor currently owned by a thread: None

Heap:
 PSYoungGen      total 17920K, used 8712K [0x00000000ec300000, 0x00000000ed700000, 0x0000000100000000)
  eden space 15360K, 40% used [0x00000000ec300000,0x00000000ec90a048,0x00000000ed200000)
  from space 2560K, 98% used [0x00000000ed480000,0x00000000ed6f8030,0x00000000ed700000)
  to   space 2560K, 0% used [0x00000000ed200000,0x00000000ed200000,0x00000000ed480000)
 ParOldGen       total 40960K, used 3404K [0x00000000c4800000, 0x00000000c7000000, 0x00000000ec300000)
  object space 40960K, 8% used [0x00000000c4800000,0x00000000c4b532d8,0x00000000c7000000)
 Metaspace       used 17544K, capacity 18490K, committed 18688K, reserved 1064960K
  class space    used 2543K, capacity 2780K, committed 2816K, reserved 1048576K

Card table byte_map: [0x00007fd7879c4000,0x00007fd787ba1000] byte_map_base: 0x00007fd7873a0000

Marking Bits: (ParMarkBitMap*) 0x00007fd79d48f920
 Begin Bits: [0x00007fd785800000, 0x00007fd7866e0000)
 End Bits:   [0x00007fd7866e0000, 0x00007fd7875c0000)

Polling page: 0x00007fd79e0e2000

CodeCache: size=245760Kb used=5408Kb max_used=5408Kb free=240351Kb
 bounds [0x00007fd787f61000, 0x00007fd7884b1000, 0x00007fd796f61000]
 total_blobs=2341 nmethods=1703 adapters=551
 compilation: enabled

Compilation events (10 events):
Event: 9.381 Thread 0x00007fd7980bc000 nmethod 1689 0x00007fd788490310 code [0x00007fd788490460, 0x00007fd788490538]
Event: 9.382 Thread 0x00007fd7980bc000 1704       4       com.sun.javafx.css.StyleManager$CacheContainer::getStyleMap (43 bytes)
Event: 9.382 Thread 0x00007fd7980b9000 nmethod 1631 0x00007fd788491290 code [0x00007fd788491420, 0x00007fd7884919f8]
Event: 9.383 Thread 0x00007fd7980bd800 nmethod 1699 0x00007fd788492410 code [0x00007fd788492620, 0x00007fd788492e88]
Event: 9.383 Thread 0x00007fd7980bd800 1703   !   3       javafx.scene.CssStyleHelper::transitionToState (1075 bytes)
Event: 9.383 Thread 0x00007fd7980b9000 1705       4       com.sun.javafx.css.SimpleSelector::applies (54 bytes)
Event: 9.385 Thread 0x00007fd7980bc000 nmethod 1704 0x00007fd788491e50 code [0x00007fd788491fc0, 0x00007fd7884921d8]
Event: 9.388 Thread 0x00007fd7980bc000 1723       4       java.util.HashMap::resize (359 bytes)
Event: 9.397 Thread 0x00007fd7980bd800 nmethod 1703 0x00007fd78849ce90 code [0x00007fd78849d9e0, 0x00007fd7884a6528]
Event: 9.397 Thread 0x00007fd7980bd800 1708       3       javafx.scene.Node::impl_layoutBoundsChanged (47 bytes)

GC Heap History (4 events):
Event: 1.217 GC heap before
{Heap before GC invocations=1 (full 0):
 PSYoungGen      total 17920K, used 15360K [0x00000000ec300000, 0x00000000ed700000, 0x0000000100000000)
  eden space 15360K, 100% used [0x00000000ec300000,0x00000000ed200000,0x00000000ed200000)
  from space 2560K, 0% used [0x00000000ed480000,0x00000000ed480000,0x00000000ed700000)
  to   space 2560K, 0% used [0x00000000ed200000,0x00000000ed200000,0x00000000ed480000)
 ParOldGen       total 40960K, used 0K [0x00000000c4800000, 0x00000000c7000000, 0x00000000ec300000)
  object space 40960K, 0% used [0x00000000c4800000,0x00000000c4800000,0x00000000c7000000)
 Metaspace       used 9099K, capacity 9428K, committed 9600K, reserved 1056768K
  class space    used 1217K, capacity 1319K, committed 1408K, reserved 1048576K
Event: 1.220 GC heap after
Heap after GC invocations=1 (full 0):
 PSYoungGen      total 17920K, used 2528K [0x00000000ec300000, 0x00000000ed700000, 0x0000000100000000)
  eden space 15360K, 0% used [0x00000000ec300000,0x00000000ec300000,0x00000000ed200000)
  from space 2560K, 98% used [0x00000000ed200000,0x00000000ed478040,0x00000000ed480000)
  to   space 2560K, 0% used [0x00000000ed480000,0x00000000ed480000,0x00000000ed700000)
 ParOldGen       total 40960K, used 272K [0x00000000c4800000, 0x00000000c7000000, 0x00000000ec300000)
  object space 40960K, 0% used [0x00000000c4800000,0x00000000c4844000,0x00000000c7000000)
 Metaspace       used 9099K, capacity 9428K, committed 9600K, reserved 1056768K
  class space    used 1217K, capacity 1319K, committed 1408K, reserved 1048576K
}
Event: 9.126 GC heap before
{Heap before GC invocations=2 (full 0):
 PSYoungGen      total 17920K, used 17888K [0x00000000ec300000, 0x00000000ed700000, 0x0000000100000000)
  eden space 15360K, 100% used [0x00000000ec300000,0x00000000ed200000,0x00000000ed200000)
  from space 2560K, 98% used [0x00000000ed200000,0x00000000ed478040,0x00000000ed480000)
  to   space 2560K, 0% used [0x00000000ed480000,0x00000000ed480000,0x00000000ed700000)
 ParOldGen       total 40960K, used 272K [0x00000000c4800000, 0x00000000c7000000, 0x00000000ec300000)
  object space 40960K, 0% used [0x00000000c4800000,0x00000000c4844000,0x00000000c7000000)
 Metaspace       used 16289K, capacity 16908K, committed 17152K, reserved 1064960K
  class space    used 2322K, capacity 2471K, committed 2560K, reserved 1048576K
Event: 9.135 GC heap after
Heap after GC invocations=2 (full 0):
 PSYoungGen      total 17920K, used 2528K [0x00000000ec300000, 0x00000000ed700000, 0x0000000100000000)
  eden space 15360K, 0% used [0x00000000ec300000,0x00000000ec300000,0x00000000ed200000)
  from space 2560K, 98% used [0x00000000ed480000,0x00000000ed6f8030,0x00000000ed700000)
  to   space 2560K, 0% used [0x00000000ed200000,0x00000000ed200000,0x00000000ed480000)
 ParOldGen       total 40960K, used 3404K [0x00000000c4800000, 0x00000000c7000000, 0x00000000ec300000)
  object space 40960K, 8% used [0x00000000c4800000,0x00000000c4b532d8,0x00000000c7000000)
 Metaspace       used 16289K, capacity 16908K, committed 17152K, reserved 1064960K
  class space    used 2322K, capacity 2471K, committed 2560K, reserved 1048576K
}

Deoptimization events (10 events):
Event: 1.319 Thread 0x00007fd798287800 Uncommon trap: reason=class_check action=maybe_recompile pc=0x00007fd78806d460 method=java.lang.String.equals(Ljava/lang/Object;)Z @ 8
Event: 1.319 Thread 0x00007fd798287800 Uncommon trap: reason=class_check action=maybe_recompile pc=0x00007fd78806d460 method=java.lang.String.equals(Ljava/lang/Object;)Z @ 8
Event: 1.352 Thread 0x00007fd798287800 Uncommon trap: reason=class_check action=maybe_recompile pc=0x00007fd78806d460 method=java.lang.String.equals(Ljava/lang/Object;)Z @ 8
Event: 1.430 Thread 0x00007fd798287800 Uncommon trap: reason=unstable_if action=reinterpret pc=0x00007fd788210d68 method=sun.net.www.ParseUtil.encodePath(Ljava/lang/String;Z)Ljava/lang/String; @ 109
Event: 1.449 Thread 0x00007fd798287800 Uncommon trap: reason=unstable_if action=reinterpret pc=0x00007fd7882773ec method=sun.misc.MetaIndex.mayContain(Ljava/lang/String;)Z @ 38
Event: 1.527 Thread 0x00007fd798287800 Uncommon trap: reason=unstable_if action=reinterpret pc=0x00007fd78823bfe4 method=jdk.internal.org.objectweb.asm.Type.getArgumentsAndReturnSizes(Ljava/lang/String;)I @ 47
Event: 4.649 Thread 0x00007fd7981ca000 Uncommon trap: reason=unstable_if action=reinterpret pc=0x00007fd7882dcdd4 method=java.lang.StrictMath.floorOrCeil(DDDD)D @ 115
Event: 6.279 Thread 0x00007fd798287800 Uncommon trap: reason=unstable_if action=reinterpret pc=0x00007fd788191aa0 method=java.lang.CharacterData.of(I)Ljava/lang/CharacterData; @ 4
Event: 9.102 Thread 0x00007fd798287800 Uncommon trap: reason=unstable_if action=reinterpret pc=0x00007fd788244c60 method=sun.misc.MetaIndex.mayContain(Ljava/lang/String;)Z @ 38
Event: 9.137 Thread 0x00007fd798287800 Uncommon trap: reason=unstable_if action=reinterpret pc=0x00007fd78814728c method=java.lang.String.startsWith(Ljava/lang/String;I)Z @ 25

Classes redefined (0 events):
No events

Internal exceptions (10 events):
Event: 0.287 Thread 0x00007fd79800a800 Exception <a 'java/security/PrivilegedActionException'> (0x00000000ec54bf40) thrown at [/HUDSON/workspace/8-2-build-linux-amd64/jdk8u161/10277/hotspot/src/share/vm/prims/jvm.cpp, line 1390]
Event: 0.288 Thread 0x00007fd79800a800 Exception <a 'java/security/PrivilegedActionException'> (0x00000000ec54e3a8) thrown at [/HUDSON/workspace/8-2-build-linux-amd64/jdk8u161/10277/hotspot/src/share/vm/prims/jvm.cpp, line 1390]
Event: 0.288 Thread 0x00007fd79800a800 Exception <a 'java/security/PrivilegedActionException'> (0x00000000ec54e5b8) thrown at [/HUDSON/workspace/8-2-build-linux-amd64/jdk8u161/10277/hotspot/src/share/vm/prims/jvm.cpp, line 1390]
Event: 0.288 Thread 0x00007fd79800a800 Exception <a 'java/lang/NullPointerException'> (0x00000000ec54eb90) thrown at [/HUDSON/workspace/8-2-build-linux-amd64/jdk8u161/10277/hotspot/src/share/vm/interpreter/linkResolver.cpp, line 1185]
Event: 0.892 Thread 0x00007fd798287800 Exception <a 'java/lang/NullPointerException'> (0x00000000eccfcdf0) thrown at [/HUDSON/workspace/8-2-build-linux-amd64/jdk8u161/10277/hotspot/src/share/vm/interpreter/linkResolver.cpp, line 1185]
Event: 0.892 Thread 0x00007fd798287800 Exception <a 'java/lang/NullPointerException'> (0x00000000eccfcdf0) thrown at [/HUDSON/workspace/8-2-build-linux-amd64/jdk8u161/10277/hotspot/src/share/vm/prims/jvm.cpp, line 1394]
Event: 1.242 Thread 0x00007fd798287800 Implicit null exception at 0x00007fd7881b0635 to 0x00007fd7881b0819
Event: 9.115 Thread 0x00007fd798287800 Exception <a 'java/lang/ArrayIndexOutOfBoundsException': 58> (0x00000000ed1d2f78) thrown at [/HUDSON/workspace/8-2-build-linux-amd64/jdk8u161/10277/hotspot/src/share/vm/interpreter/interpreterRuntime.cpp, line 366]
Event: 9.116 Thread 0x00007fd798287800 Exception <a 'java/lang/ArrayIndexOutOfBoundsException': 18> (0x00000000ed1d3fe8) thrown at [/HUDSON/workspace/8-2-build-linux-amd64/jdk8u161/10277/hotspot/src/share/vm/interpreter/interpreterRuntime.cpp, line 366]
Event: 9.117 Thread 0x00007fd798287800 Exception <a 'java/lang/ArrayIndexOutOfBoundsException': 86> (0x00000000ed1d5578) thrown at [/HUDSON/workspace/8-2-build-linux-amd64/jdk8u161/10277/hotspot/src/share/vm/interpreter/interpreterRuntime.cpp, line 366]

Events (10 events):
Event: 9.321 loading class com/sun/javafx/scene/control/behavior/ListCellBehavior
Event: 9.321 loading class com/sun/javafx/scene/control/behavior/ListCellBehavior done
Event: 9.321 loading class com/sun/javafx/scene/control/behavior/CellBehaviorBase
Event: 9.321 loading class com/sun/javafx/scene/control/behavior/CellBehaviorBase done
Event: 9.322 loading class javafx/scene/image/ImageView
Event: 9.322 loading class javafx/scene/image/ImageView done
Event: 9.326 loading class com/sun/javafx/scene/control/skin/CellSkinBase$StyleableProperties
Event: 9.326 loading class com/sun/javafx/scene/control/skin/CellSkinBase$StyleableProperties done
Event: 9.326 loading class com/sun/javafx/scene/control/skin/CellSkinBase$StyleableProperties$1
Event: 9.326 loading class com/sun/javafx/scene/control/skin/CellSkinBase$StyleableProperties$1 done


Dynamic libraries:
00400000-00401000 r-xp 00000000 08:02 29231693                           /usr/lib/jvm/java-8-oracle/bin/java
00600000-00601000 rw-p 00000000 08:02 29231693                           /usr/lib/jvm/java-8-oracle/bin/java
00fde000-00fff000 rw-p 00000000 00:00 0                                  [heap]
c4800000-c7000000 rw-p 00000000 00:00 0 
c7000000-ec300000 ---p 00000000 00:00 0 
ec300000-ed700000 rw-p 00000000 00:00 0 
ed700000-100000000 ---p 00000000 00:00 0 
100000000-1002c0000 rw-p 00000000 00:00 0 
1002c0000-140000000 ---p 00000000 00:00 0 
7fd71be00000-7fd71bf80000 rw-p 00000000 00:00 0 
7fd71bf80000-7fd71c000000 ---p 00000000 00:00 0 
7fd71c000000-7fd71c021000 rw-p 00000000 00:00 0 
7fd71c021000-7fd720000000 ---p 00000000 00:00 0 
7fd720000000-7fd720021000 rw-p 00000000 00:00 0 
7fd720021000-7fd724000000 ---p 00000000 00:00 0 
7fd724107000-7fd7241a2000 r--p 00000000 08:02 30283703                   /usr/share/fonts/truetype/dejavu/DejaVuSans-Oblique.ttf
7fd7241a2000-7fd7271a3000 rw-p 00000000 00:00 0 
7fd7271a3000-7fd7271b9000 r-xp 00000000 08:02 29886885                   /usr/lib/jvm/java-8-oracle/jre/lib/amd64/libnet.so
7fd7271b9000-7fd7273b9000 ---p 00016000 08:02 29886885                   /usr/lib/jvm/java-8-oracle/jre/lib/amd64/libnet.so
7fd7273b9000-7fd7273ba000 rw-p 00016000 08:02 29886885                   /usr/lib/jvm/java-8-oracle/jre/lib/amd64/libnet.so
7fd7273ba000-7fd7275ba000 rw-p 00000000 00:00 0 
7fd7275ba000-7fd72761a000 rw-s 00000000 00:19 1363                       /i915 (deleted)
7fd72761a000-7fd7277da000 rw-s 1006b4000 00:06 327                       /dev/dri/card0
7fd7277da000-7fd72799a000 rw-s 00000000 00:19 1271                       /i915 (deleted)
7fd72799a000-7fd727b9a000 rw-p 00000000 00:00 0 
7fd727b9a000-7fd727c53000 r--p 00000000 08:02 30279325                   /usr/share/fonts/truetype/dejavu/DejaVuSans.ttf
7fd727c53000-7fd727c56000 ---p 00000000 00:00 0 
7fd727c56000-7fd727d54000 rw-p 00000000 00:00 0 
7fd727d54000-7fd727e00000 r--p 00000000 08:02 30279324                   /usr/share/fonts/truetype/dejavu/DejaVuSans-Bold.ttf
7fd727e00000-7fd728000000 rw-p 00000000 00:00 0 
7fd728000000-7fd728021000 rw-p 00000000 00:00 0 
7fd728021000-7fd72c000000 ---p 00000000 00:00 0 
7fd72c000000-7fd72c5ad000 rw-p 00000000 00:00 0 
7fd72c5ad000-7fd730000000 ---p 00000000 00:00 0 
7fd730000000-7fd730021000 rw-p 00000000 00:00 0 
7fd730021000-7fd734000000 ---p 00000000 00:00 0 
7fd734000000-7fd734022000 rw-p 00000000 00:00 0 
7fd734022000-7fd738000000 ---p 00000000 00:00 0 
7fd738000000-7fd738021000 rw-p 00000000 00:00 0 
7fd738021000-7fd73c000000 ---p 00000000 00:00 0 
7fd73c027000-7fd73c037000 rw-s 00000000 00:19 1379                       /i915 (deleted)
7fd73c037000-7fd73c045000 rw-s 00000000 00:19 1360                       /i915 (deleted)
7fd73c045000-7fd73c047000 rw-s 00000000 00:19 1374                       /i915 (deleted)
7fd73c047000-7fd73c057000 rw-s 00000000 00:19 1348                       /i915 (deleted)
7fd73c057000-7fd73c05f000 rw-s 00000000 00:19 1347                       /i915 (deleted)
7fd73c05f000-7fd73c06f000 rw-s 00000000 00:19 1284                       /i915 (deleted)
7fd73c06f000-7fd73c07b000 rw-s 00000000 00:19 1053                       /i915 (deleted)
7fd73c07b000-7fd73c08e000 r--s 00345000 08:02 29757617                   /usr/lib/jvm/java-8-oracle/jre/lib/resources.jar
7fd73c08e000-7fd73c093000 r--s 00084000 08:02 29756150                   /usr/lib/jvm/java-8-oracle/jre/lib/jfr.jar
7fd73c093000-7fd73c0cd000 r--p 00000000 08:02 29756169                   /usr/lib/jvm/java-8-oracle/jre/lib/fonts/LucidaTypewriterBold.ttf
7fd73c0cd000-7fd73c122000 r--p 00000000 08:02 29756164                   /usr/lib/jvm/java-8-oracle/jre/lib/fonts/LucidaBrightRegular.ttf
7fd73c122000-7fd73c136000 r--p 00000000 08:02 29756162                   /usr/lib/jvm/java-8-oracle/jre/lib/fonts/LucidaBrightItalic.ttf
7fd73c136000-7fd73c149000 r--p 00000000 08:02 29756167                   /usr/lib/jvm/java-8-oracle/jre/lib/fonts/LucidaBrightDemiItalic.ttf
7fd73c149000-7fd73c197000 r--p 00000000 08:02 29756165                   /usr/lib/jvm/java-8-oracle/jre/lib/fonts/LucidaSansDemiBold.ttf
7fd73c197000-7fd73c242000 r--p 00000000 08:02 29756163                   /usr/lib/jvm/java-8-oracle/jre/lib/fonts/LucidaSansRegular.ttf
7fd73c242000-7fd73c27e000 r--p 00000000 08:02 29756168                   /usr/lib/jvm/java-8-oracle/jre/lib/fonts/LucidaTypewriterRegular.ttf
7fd73c27e000-7fd73c291000 r--p 00000000 08:02 29756170                   /usr/lib/jvm/java-8-oracle/jre/lib/fonts/LucidaBrightDemiBold.ttf
7fd73c291000-7fd73c295000 r-xp 00000000 08:02 29884754                   /usr/lib/jvm/java-8-oracle/jre/lib/amd64/libjavafx_font_pango.so
7fd73c295000-7fd73c494000 ---p 00004000 08:02 29884754                   /usr/lib/jvm/java-8-oracle/jre/lib/amd64/libjavafx_font_pango.so
7fd73c494000-7fd73c495000 rw-p 00003000 08:02 29884754                   /usr/lib/jvm/java-8-oracle/jre/lib/amd64/libjavafx_font_pango.so
7fd73c495000-7fd73c4a0000 r--s 00000000 08:02 14942302                   /var/cache/fontconfig/945677eb7aeaf62f1d50efc3fb3ec7d8-le64.cache-6
7fd73c4a0000-7fd73c4a6000 r--s 00000000 08:02 14942284                   /var/cache/fontconfig/2cd17615ca594fa2959ae173292e504c-le64.cache-6
7fd73c4a6000-7fd73c4a7000 r--s 00000000 08:02 14942281                   /var/cache/fontconfig/0d8c3b2ac0904cb8a57a757ad11a4a08-le64.cache-6
7fd73c4a7000-7fd73c4bc000 r--s 00000000 08:02 14942278                   /var/cache/fontconfig/04aabc0a78ac019cf9454389977116d2-le64.cache-6
7fd73c4bc000-7fd73c4bd000 r--s 00000000 08:02 14942283                   /var/cache/fontconfig/1ac9eb803944fde146138c791f5cc56a-le64.cache-6
7fd73c4bd000-7fd73c4c1000 r--s 00000000 08:02 14942288                   /var/cache/fontconfig/385c0604a188198f04d133e54aba7fe7-le64.cache-6
7fd73c4c1000-7fd73c4c4000 r--s 00000000 08:02 14942298                   /var/cache/fontconfig/767a8244fc0220cfb567a839d0392e0b-le64.cache-6
7fd73c4c4000-7fd73c4c9000 r--s 00000000 08:02 14942301                   /var/cache/fontconfig/8801497958630a81b71ace7c5f9b32a8-le64.cache-6
7fd73c4c9000-7fd73c4d0000 r--s 00000000 08:02 14942285                   /var/cache/fontconfig/3047814df9a2f067bd2d96a2b9c36e5a-le64.cache-6
7fd73c4d0000-7fd73c4d8000 r--s 00000000 08:02 14945872                   /var/cache/fontconfig/bf3b770c553c462765856025a94f1ce6-le64.cache-6
7fd73c4d8000-7fd73c4de000 r--s 00000000 08:02 14942306                   /var/cache/fontconfig/b47c4e1ecd0709278f4910c18777a504-le64.cache-6
7fd73c4de000-7fd73c4f1000 r--s 00000000 08:02 14942312                   /var/cache/fontconfig/d52a8644073d54c13679302ca1180695-le64.cache-6
7fd73c4f1000-7fd73c4fc000 r--s 00000000 08:02 14947967                   /var/cache/fontconfig/d589a48862398ed80a3d6066f4f56f4c-le64.cache-6
7fd73c4fc000-7fd73c501000 r-xp 00000000 08:02 29884882                   /usr/lib/jvm/java-8-oracle/jre/lib/amd64/libjavafx_font_freetype.so
7fd73c501000-7fd73c700000 ---p 00005000 08:02 29884882                   /usr/lib/jvm/java-8-oracle/jre/lib/amd64/libjavafx_font_freetype.so
7fd73c700000-7fd73c701000 rw-p 00004000 08:02 29884882                   /usr/lib/jvm/java-8-oracle/jre/lib/amd64/libjavafx_font_freetype.so
7fd73c701000-7fd73c704000 r-xp 00000000 08:02 29886886                   /usr/lib/jvm/java-8-oracle/jre/lib/amd64/libjavafx_font.so
7fd73c704000-7fd73c903000 ---p 00003000 08:02 29886886                   /usr/lib/jvm/java-8-oracle/jre/lib/amd64/libjavafx_font.so
7fd73c903000-7fd73c904000 rw-p 00002000 08:02 29886886                   /usr/lib/jvm/java-8-oracle/jre/lib/amd64/libjavafx_font.so
7fd73c904000-7fd73c907000 ---p 00000000 00:00 0 
7fd73c907000-7fd73ca05000 rw-p 00000000 00:00 0 
7fd73ca05000-7fd73ca08000 ---p 00000000 00:00 0 
7fd73ca08000-7fd73cb06000 rw-p 00000000 00:00 0 
7fd73cb06000-7fd73cb09000 ---p 00000000 00:00 0 
7fd73cb09000-7fd73cc07000 rw-p 00000000 00:00 0 
7fd73cc07000-7fd73cc08000 ---p 00000000 00:00 0 
7fd73cc08000-7fd73d408000 rw-p 00000000 00:00 0 
7fd73d408000-7fd73d409000 ---p 00000000 00:00 0 
7fd73d409000-7fd73dc09000 rw-p 00000000 00:00 0 
7fd73dc09000-7fd73dc0a000 ---p 00000000 00:00 0 
7fd73dc0a000-7fd73e40a000 rw-p 00000000 00:00 0 
7fd73e40a000-7fd73e415000 r-xp 00000000 08:02 29491916                   /usr/lib/x86_64-linux-gnu/gio/modules/libdconfsettings.so
7fd73e415000-7fd73e615000 ---p 0000b000 08:02 29491916                   /usr/lib/x86_64-linux-gnu/gio/modules/libdconfsettings.so
7fd73e615000-7fd73e616000 r--p 0000b000 08:02 29491916                   /usr/lib/x86_64-linux-gnu/gio/modules/libdconfsettings.so
7fd73e616000-7fd73e617000 rw-p 0000c000 08:02 29491916                   /usr/lib/x86_64-linux-gnu/gio/modules/libdconfsettings.so
7fd73e617000-7fd73e65d000 r--p 00000000 08:02 30282256                   /usr/share/glib-2.0/schemas/gschemas.compiled
7fd73e65d000-7fd73e664000 r-xp 00000000 08:02 29106811                   /usr/lib/x86_64-linux-gnu/libogg.so.0.8.2
7fd73e664000-7fd73e864000 ---p 00007000 08:02 29106811                   /usr/lib/x86_64-linux-gnu/libogg.so.0.8.2
7fd73e864000-7fd73e865000 r--p 00007000 08:02 29106811                   /usr/lib/x86_64-linux-gnu/libogg.so.0.8.2
7fd73e865000-7fd73e866000 rw-p 00008000 08:02 29106811                   /usr/lib/x86_64-linux-gnu/libogg.so.0.8.2
7fd73e866000-7fd73e890000 r-xp 00000000 08:02 29101804                   /usr/lib/x86_64-linux-gnu/libvorbis.so.0.4.8
7fd73e890000-7fd73ea8f000 ---p 0002a000 08:02 29101804                   /usr/lib/x86_64-linux-gnu/libvorbis.so.0.4.8
7fd73ea8f000-7fd73ea90000 r--p 00029000 08:02 29101804                   /usr/lib/x86_64-linux-gnu/libvorbis.so.0.4.8
7fd73ea90000-7fd73ea91000 rw-p 0002a000 08:02 29101804                   /usr/lib/x86_64-linux-gnu/libvorbis.so.0.4.8
7fd73ea91000-7fd73ea9a000 r-xp 00000000 08:02 29106672                   /usr/lib/x86_64-linux-gnu/libltdl.so.7.3.1
7fd73ea9a000-7fd73ec99000 ---p 00009000 08:02 29106672                   /usr/lib/x86_64-linux-gnu/libltdl.so.7.3.1
7fd73ec99000-7fd73ec9a000 r--p 00008000 08:02 29106672                   /usr/lib/x86_64-linux-gnu/libltdl.so.7.3.1
7fd73ec9a000-7fd73ec9b000 rw-p 00009000 08:02 29106672                   /usr/lib/x86_64-linux-gnu/libltdl.so.7.3.1
7fd73ec9b000-7fd73ecaf000 r-xp 00000000 08:02 29107060                   /usr/lib/x86_64-linux-gnu/libtdb.so.1.3.8
7fd73ecaf000-7fd73eeae000 ---p 00014000 08:02 29107060                   /usr/lib/x86_64-linux-gnu/libtdb.so.1.3.8
7fd73eeae000-7fd73eeaf000 r--p 00013000 08:02 29107060                   /usr/lib/x86_64-linux-gnu/libtdb.so.1.3.8
7fd73eeaf000-7fd73eeb0000 rw-p 00014000 08:02 29107060                   /usr/lib/x86_64-linux-gnu/libtdb.so.1.3.8
7fd73eeb0000-7fd73eeb7000 r-xp 00000000 08:02 29101797                   /usr/lib/x86_64-linux-gnu/libvorbisfile.so.3.3.7
7fd73eeb7000-7fd73f0b7000 ---p 00007000 08:02 29101797                   /usr/lib/x86_64-linux-gnu/libvorbisfile.so.3.3.7
7fd73f0b7000-7fd73f0b8000 r--p 00007000 08:02 29101797                   /usr/lib/x86_64-linux-gnu/libvorbisfile.so.3.3.7
7fd73f0b8000-7fd73f0b9000 rw-p 00008000 08:02 29101797                   /usr/lib/x86_64-linux-gnu/libvorbisfile.so.3.3.7
7fd73f0b9000-7fd73f0c9000 r-xp 00000000 08:02 29106053                   /usr/lib/x86_64-linux-gnu/libcanberra.so.0.2.5
7fd73f0c9000-7fd73f2c8000 ---p 00010000 08:02 29106053                   /usr/lib/x86_64-linux-gnu/libcanberra.so.0.2.5
7fd73f2c8000-7fd73f2c9000 r--p 0000f000 08:02 29106053                   /usr/lib/x86_64-linux-gnu/libcanberra.so.0.2.5
7fd73f2c9000-7fd73f2ca000 rw-p 00010000 08:02 29106053                   /usr/lib/x86_64-linux-gnu/libcanberra.so.0.2.5
7fd73f2ca000-7fd73f2ce000 r-xp 00000000 08:02 29106049                   /usr/lib/x86_64-linux-gnu/libcanberra-gtk.so.0.1.9
7fd73f2ce000-7fd73f4cd000 ---p 00004000 08:02 29106049                   /usr/lib/x86_64-linux-gnu/libcanberra-gtk.so.0.1.9
7fd73f4cd000-7fd73f4ce000 r--p 00003000 08:02 29106049                   /usr/lib/x86_64-linux-gnu/libcanberra-gtk.so.0.1.9
7fd73f4ce000-7fd73f4cf000 rw-p 00004000 08:02 29106049                   /usr/lib/x86_64-linux-gnu/libcanberra-gtk.so.0.1.9
7fd73f4cf000-7fd73f4d4000 r-xp 00000000 08:02 29491949                   /usr/lib/x86_64-linux-gnu/gtk-2.0/modules/libcanberra-gtk-module.so
7fd73f4d4000-7fd73f6d3000 ---p 00005000 08:02 29491949                   /usr/lib/x86_64-linux-gnu/gtk-2.0/modules/libcanberra-gtk-module.so
7fd73f6d3000-7fd73f6d4000 r--p 00004000 08:02 29491949                   /usr/lib/x86_64-linux-gnu/gtk-2.0/modules/libcanberra-gtk-module.so
7fd73f6d4000-7fd73f6d5000 rw-p 00005000 08:02 29491949                   /usr/lib/x86_64-linux-gnu/gtk-2.0/modules/libcanberra-gtk-module.so
7fd73f6d5000-7fd73f705000 r-xp 00000000 08:02 29491931                   /usr/lib/x86_64-linux-gnu/gtk-2.0/2.10.0/engines/libmurrine.so
7fd73f705000-7fd73f905000 ---p 00030000 08:02 29491931                   /usr/lib/x86_64-linux-gnu/gtk-2.0/2.10.0/engines/libmurrine.so
7fd73f905000-7fd73f906000 r--p 00030000 08:02 29491931                   /usr/lib/x86_64-linux-gnu/gtk-2.0/2.10.0/engines/libmurrine.so
7fd73f906000-7fd73f907000 rw-p 00031000 08:02 29491931                   /usr/lib/x86_64-linux-gnu/gtk-2.0/2.10.0/engines/libmurrine.so
7fd73f907000-7fd73f917000 r-xp 00000000 08:02 29107118                   /usr/lib/x86_64-linux-gnu/libunity-gtk2-parser.so.0.0.0
7fd73f917000-7fd73fb17000 ---p 00010000 08:02 29107118                   /usr/lib/x86_64-linux-gnu/libunity-gtk2-parser.so.0.0.0
7fd73fb17000-7fd73fb18000 r--p 00010000 08:02 29107118                   /usr/lib/x86_64-linux-gnu/libunity-gtk2-parser.so.0.0.0
7fd73fb18000-7fd73fb19000 rw-p 00011000 08:02 29107118                   /usr/lib/x86_64-linux-gnu/libunity-gtk2-parser.so.0.0.0
7fd73fb19000-7fd73fb1e000 r-xp 00000000 08:02 29491953                   /usr/lib/x86_64-linux-gnu/gtk-2.0/modules/libunity-gtk-module.so
7fd73fb1e000-7fd73fd1d000 ---p 00005000 08:02 29491953                   /usr/lib/x86_64-linux-gnu/gtk-2.0/modules/libunity-gtk-module.so
7fd73fd1d000-7fd73fd1e000 r--p 00004000 08:02 29491953                   /usr/lib/x86_64-linux-gnu/gtk-2.0/modules/libunity-gtk-module.so
7fd73fd1e000-7fd73fd1f000 rw-p 00005000 08:02 29491953                   /usr/lib/x86_64-linux-gnu/gtk-2.0/modules/libunity-gtk-module.so
7fd73fd1f000-7fd73fdf6000 r-xp 00000000 08:02 48234964                   /lib/x86_64-linux-gnu/libgcrypt.so.20.0.5
7fd73fdf6000-7fd73fff6000 ---p 000d7000 08:02 48234964                   /lib/x86_64-linux-gnu/libgcrypt.so.20.0.5
7fd73fff6000-7fd73fff7000 r--p 000d7000 08:02 48234964                   /lib/x86_64-linux-gnu/libgcrypt.so.20.0.5
7fd73fff7000-7fd73ffff000 rw-p 000d8000 08:02 48234964                   /lib/x86_64-linux-gnu/libgcrypt.so.20.0.5
7fd73ffff000-7fd740000000 rw-p 00000000 00:00 0 
7fd740000000-7fd741f48000 rw-p 00000000 00:00 0 
7fd741f48000-7fd744000000 ---p 00000000 00:00 0 
7fd744000000-7fd744001000 r--s 00000000 08:02 14942315                   /var/cache/fontconfig/dc05db6664285cc2f12bf69c139ae4c3-le64.cache-6
7fd744001000-7fd744002000 r--s 00000000 08:02 14947237                   /var/cache/fontconfig/4794a0821666d79190d59a36cb4f44b5-le64.cache-6
7fd744002000-7fd744003000 r--s 00000000 08:02 14942308                   /var/cache/fontconfig/bab58bb527bb656aaa9f116d68a48d89-le64.cache-6
7fd744003000-7fd744004000 r--s 00000000 08:02 14942292                   /var/cache/fontconfig/56cf4f4769d0f4abc89a4895d7bd3ae1-le64.cache-6
7fd744004000-7fd744016000 r-xp 00000000 08:02 48239070                   /lib/x86_64-linux-gnu/libgpg-error.so.0.17.0
7fd744016000-7fd744216000 ---p 00012000 08:02 48239070                   /lib/x86_64-linux-gnu/libgpg-error.so.0.17.0
7fd744216000-7fd744217000 r--p 00012000 08:02 48239070                   /lib/x86_64-linux-gnu/libgpg-error.so.0.17.0
7fd744217000-7fd744218000 rw-p 00013000 08:02 48239070                   /lib/x86_64-linux-gnu/libgpg-error.so.0.17.0
7fd744218000-7fd744239000 r-xp 00000000 08:02 48239093                   /lib/x86_64-linux-gnu/liblzma.so.5.0.0
7fd744239000-7fd744438000 ---p 00021000 08:02 48239093                   /lib/x86_64-linux-gnu/liblzma.so.5.0.0
7fd744438000-7fd744439000 r--p 00020000 08:02 48239093                   /lib/x86_64-linux-gnu/liblzma.so.5.0.0
7fd744439000-7fd74443a000 rw-p 00021000 08:02 48239093                   /lib/x86_64-linux-gnu/liblzma.so.5.0.0
7fd74443a000-7fd7444ba000 r-xp 00000000 08:02 48234592                   /lib/x86_64-linux-gnu/libsystemd.so.0.14.0
7fd7444ba000-7fd7444bd000 r--p 0007f000 08:02 48234592                   /lib/x86_64-linux-gnu/libsystemd.so.0.14.0
7fd7444bd000-7fd7444be000 rw-p 00082000 08:02 48234592                   /lib/x86_64-linux-gnu/libsystemd.so.0.14.0
7fd7444be000-7fd7444bf000 rw-p 00000000 00:00 0 
7fd7444bf000-7fd744509000 r-xp 00000000 08:02 48234698                   /lib/x86_64-linux-gnu/libdbus-1.so.3.14.6
7fd744509000-7fd744709000 ---p 0004a000 08:02 48234698                   /lib/x86_64-linux-gnu/libdbus-1.so.3.14.6
7fd744709000-7fd74470a000 r--p 0004a000 08:02 48234698                   /lib/x86_64-linux-gnu/libdbus-1.so.3.14.6
7fd74470a000-7fd74470b000 rw-p 0004b000 08:02 48234698                   /lib/x86_64-linux-gnu/libdbus-1.so.3.14.6
7fd74470b000-7fd744737000 r-xp 00000000 08:02 29105992                   /usr/lib/x86_64-linux-gnu/libatspi.so.0.0.1
7fd744737000-7fd744936000 ---p 0002c000 08:02 29105992                   /usr/lib/x86_64-linux-gnu/libatspi.so.0.0.1
7fd744936000-7fd744939000 r--p 0002b000 08:02 29105992                   /usr/lib/x86_64-linux-gnu/libatspi.so.0.0.1
7fd744939000-7fd74493a000 rw-p 0002e000 08:02 29105992                   /usr/lib/x86_64-linux-gnu/libatspi.so.0.0.1
7fd74493a000-7fd744967000 r-xp 00000000 08:02 29105986                   /usr/lib/x86_64-linux-gnu/libatk-bridge-2.0.so.0.0.0
7fd744967000-7fd744b66000 ---p 0002d000 08:02 29105986                   /usr/lib/x86_64-linux-gnu/libatk-bridge-2.0.so.0.0.0
7fd744b66000-7fd744b67000 r--p 0002c000 08:02 29105986                   /usr/lib/x86_64-linux-gnu/libatk-bridge-2.0.so.0.0.0
7fd744b67000-7fd744b69000 rw-p 0002d000 08:02 29105986                   /usr/lib/x86_64-linux-gnu/libatk-bridge-2.0.so.0.0.0
7fd744b69000-7fd744b6a000 r-xp 00000000 08:02 29491948                   /usr/lib/x86_64-linux-gnu/gtk-2.0/modules/libatk-bridge.so
7fd744b6a000-7fd744d69000 ---p 00001000 08:02 29491948                   /usr/lib/x86_64-linux-gnu/gtk-2.0/modules/libatk-bridge.so
7fd744d69000-7fd744d6a000 r--p 00000000 08:02 29491948                   /usr/lib/x86_64-linux-gnu/gtk-2.0/modules/libatk-bridge.so
7fd744d6a000-7fd744d6b000 rw-p 00001000 08:02 29491948                   /usr/lib/x86_64-linux-gnu/gtk-2.0/modules/libatk-bridge.so
7fd744d6b000-7fd744d72000 r-xp 00000000 08:02 29098522                   /usr/lib/x86_64-linux-gnu/libgailutil.so.18.0.1
7fd744d72000-7fd744f71000 ---p 00007000 08:02 29098522                   /usr/lib/x86_64-linux-gnu/libgailutil.so.18.0.1
7fd744f71000-7fd744f72000 r--p 00006000 08:02 29098522                   /usr/lib/x86_64-linux-gnu/libgailutil.so.18.0.1
7fd744f72000-7fd744f73000 rw-p 00007000 08:02 29098522                   /usr/lib/x86_64-linux-gnu/libgailutil.so.18.0.1
7fd744f73000-7fd744fc1000 r-xp 00000000 08:02 29493128                   /usr/lib/x86_64-linux-gnu/gtk-2.0/modules/libgail.so
7fd744fc1000-7fd7451c0000 ---p 0004e000 08:02 29493128                   /usr/lib/x86_64-linux-gnu/gtk-2.0/modules/libgail.so
7fd7451c0000-7fd7451c1000 r--p 0004d000 08:02 29493128                   /usr/lib/x86_64-linux-gnu/gtk-2.0/modules/libgail.so
7fd7451c1000-7fd7451c3000 rw-p 0004e000 08:02 29493128                   /usr/lib/x86_64-linux-gnu/gtk-2.0/modules/libgail.so
7fd7451c3000-7fd7451d4000 r-xp 00000000 08:02 29491952                   /usr/lib/x86_64-linux-gnu/gtk-2.0/modules/liboverlay-scrollbar.so
7fd7451d4000-7fd7453d4000 ---p 00011000 08:02 29491952                   /usr/lib/x86_64-linux-gnu/gtk-2.0/modules/liboverlay-scrollbar.so
7fd7453d4000-7fd7453d5000 r--p 00011000 08:02 29491952                   /usr/lib/x86_64-linux-gnu/gtk-2.0/modules/liboverlay-scrollbar.so
7fd7453d5000-7fd7453d6000 rw-p 00012000 08:02 29491952                   /usr/lib/x86_64-linux-gnu/gtk-2.0/modules/liboverlay-scrollbar.so
7fd7453d6000-7fd7453ff000 r-xp 00000000 08:02 29886496                   /usr/lib/jvm/java-8-oracle/jre/lib/amd64/libglass.so
7fd7453ff000-7fd7455fe000 ---p 00029000 08:02 29886496                   /usr/lib/jvm/java-8-oracle/jre/lib/amd64/libglass.so
7fd7455fe000-7fd745601000 rw-p 00028000 08:02 29886496                   /usr/lib/jvm/java-8-oracle/jre/lib/amd64/libglass.so
7fd745601000-7fd745638000 r-xp 00000000 08:02 29107097                   /usr/lib/x86_64-linux-gnu/libtxc_dxtn_s2tc.so.0.0.0
7fd745638000-7fd745837000 ---p 00037000 08:02 29107097                   /usr/lib/x86_64-linux-gnu/libtxc_dxtn_s2tc.so.0.0.0
7fd745837000-7fd745838000 r--p 00036000 08:02 29107097                   /usr/lib/x86_64-linux-gnu/libtxc_dxtn_s2tc.so.0.0.0
7fd745838000-7fd745839000 rw-p 00037000 08:02 29107097                   /usr/lib/x86_64-linux-gnu/libtxc_dxtn_s2tc.so.0.0.0
7fd745839000-7fd745841000 r-xp 00000000 08:02 29106853                   /usr/lib/x86_64-linux-gnu/libpciaccess.so.0.11.1
7fd745841000-7fd745a41000 ---p 00008000 08:02 29106853                   /usr/lib/x86_64-linux-gnu/libpciaccess.so.0.11.1
7fd745a41000-7fd745a42000 r--p 00008000 08:02 29106853                   /usr/lib/x86_64-linux-gnu/libpciaccess.so.0.11.1
7fd745a42000-7fd745a43000 rw-p 00009000 08:02 29106853                   /usr/lib/x86_64-linux-gnu/libpciaccess.so.0.11.1
7fd745a43000-7fd745a4e000 r-xp 00000000 08:02 29100851                   /usr/lib/x86_64-linux-gnu/libdrm_radeon.so.1.0.1
7fd745a4e000-7fd745c4d000 ---p 0000b000 08:02 29100851                   /usr/lib/x86_64-linux-gnu/libdrm_radeon.so.1.0.1
7fd745c4d000-7fd745c4e000 r--p 0000a000 08:02 29100851                   /usr/lib/x86_64-linux-gnu/libdrm_radeon.so.1.0.1
7fd745c4e000-7fd745c4f000 rw-p 0000b000 08:02 29100851                   /usr/lib/x86_64-linux-gnu/libdrm_radeon.so.1.0.1
7fd745c4f000-7fd745c56000 r-xp 00000000 08:02 29100849                   /usr/lib/x86_64-linux-gnu/libdrm_nouveau.so.2.0.0
7fd745c56000-7fd745e55000 ---p 00007000 08:02 29100849                   /usr/lib/x86_64-linux-gnu/libdrm_nouveau.so.2.0.0
7fd745e55000-7fd745e56000 r--p 00006000 08:02 29100849                   /usr/lib/x86_64-linux-gnu/libdrm_nouveau.so.2.0.0
7fd745e56000-7fd745e57000 rw-p 00007000 08:02 29100849                   /usr/lib/x86_64-linux-gnu/libdrm_nouveau.so.2.0.0
7fd745e57000-7fd745e79000 r-xp 00000000 08:02 29100847                   /usr/lib/x86_64-linux-gnu/libdrm_intel.so.1.0.0
7fd745e79000-7fd746079000 ---p 00022000 08:02 29100847                   /usr/lib/x86_64-linux-gnu/libdrm_intel.so.1.0.0
7fd746079000-7fd74607a000 r--p 00022000 08:02 29100847                   /usr/lib/x86_64-linux-gnu/libdrm_intel.so.1.0.0
7fd74607a000-7fd74607b000 rw-p 00023000 08:02 29100847                   /usr/lib/x86_64-linux-gnu/libdrm_intel.so.1.0.0
7fd74607b000-7fd7468a2000 r-xp 00000000 08:02 29362050                   /usr/lib/x86_64-linux-gnu/dri/i965_dri.so
7fd7468a2000-7fd746aa2000 ---p 00827000 08:02 29362050                   /usr/lib/x86_64-linux-gnu/dri/i965_dri.so
7fd746aa2000-7fd746af2000 r--p 00827000 08:02 29362050                   /usr/lib/x86_64-linux-gnu/dri/i965_dri.so
7fd746af2000-7fd746afb000 rw-p 00877000 08:02 29362050                   /usr/lib/x86_64-linux-gnu/dri/i965_dri.so
7fd746afb000-7fd746b62000 rw-p 00000000 00:00 0 
7fd746b62000-7fd746b68000 r-xp 00000000 08:02 29106139                   /usr/lib/x86_64-linux-gnu/libdatrie.so.1.3.3
7fd746b68000-7fd746d68000 ---p 00006000 08:02 29106139                   /usr/lib/x86_64-linux-gnu/libdatrie.so.1.3.3
7fd746d68000-7fd746d69000 r--p 00006000 08:02 29106139                   /usr/lib/x86_64-linux-gnu/libdatrie.so.1.3.3
7fd746d69000-7fd746d6a000 rw-p 00007000 08:02 29106139                   /usr/lib/x86_64-linux-gnu/libdatrie.so.1.3.3
7fd746d6a000-7fd746d6f000 r-xp 00000000 08:02 29105889                   /usr/lib/x86_64-linux-gnu/libXdmcp.so.6.0.0
7fd746d6f000-7fd746f6e000 ---p 00005000 08:02 29105889                   /usr/lib/x86_64-linux-gnu/libXdmcp.so.6.0.0
7fd746f6e000-7fd746f6f000 r--p 00004000 08:02 29105889                   /usr/lib/x86_64-linux-gnu/libXdmcp.so.6.0.0
7fd746f6f000-7fd746f70000 rw-p 00005000 08:02 29105889                   /usr/lib/x86_64-linux-gnu/libXdmcp.so.6.0.0
7fd746f70000-7fd746f72000 r-xp 00000000 08:02 29105878                   /usr/lib/x86_64-linux-gnu/libXau.so.6.0.0
7fd746f72000-7fd747172000 ---p 00002000 08:02 29105878                   /usr/lib/x86_64-linux-gnu/libXau.so.6.0.0
7fd747172000-7fd747173000 r--p 00002000 08:02 29105878                   /usr/lib/x86_64-linux-gnu/libXau.so.6.0.0
7fd747173000-7fd747174000 rw-p 00003000 08:02 29105878                   /usr/lib/x86_64-linux-gnu/libXau.so.6.0.0
7fd747174000-7fd747198000 r-xp 00000000 08:02 29103616                   /usr/lib/x86_64-linux-gnu/libgraphite2.so.3.0.1
7fd747198000-7fd747397000 ---p 00024000 08:02 29103616                   /usr/lib/x86_64-linux-gnu/libgraphite2.so.3.0.1
7fd747397000-7fd747399000 r--p 00023000 08:02 29103616                   /usr/lib/x86_64-linux-gnu/libgraphite2.so.3.0.1
7fd747399000-7fd74739a000 rw-p 00025000 08:02 29103616                   /usr/lib/x86_64-linux-gnu/libgraphite2.so.3.0.1
7fd74739a000-7fd7473aa000 r-xp 00000000 08:02 29106795                   /usr/lib/x86_64-linux-gnu/libdrm.so.2.4.0
7fd7473aa000-7fd7475aa000 ---p 00010000 08:02 29106795                   /usr/lib/x86_64-linux-gnu/libdrm.so.2.4.0
7fd7475aa000-7fd7475ab000 r--p 00010000 08:02 29106795                   /usr/lib/x86_64-linux-gnu/libdrm.so.2.4.0
7fd7475ab000-7fd7475ac000 rw-p 00011000 08:02 29106795                   /usr/lib/x86_64-linux-gnu/libdrm.so.2.4.0
7fd7475ac000-7fd7475b0000 r-xp 00000000 08:02 29107264                   /usr/lib/x86_64-linux-gnu/libxcb-dri2.so.0.0.0
7fd7475b0000-7fd7477af000 ---p 00004000 08:02 29107264                   /usr/lib/x86_64-linux-gnu/libxcb-dri2.so.0.0.0
7fd7477af000-7fd7477b0000 r--p 00003000 08:02 29107264                   /usr/lib/x86_64-linux-gnu/libxcb-dri2.so.0.0.0
7fd7477b0000-7fd7477b1000 rw-p 00004000 08:02 29107264                   /usr/lib/x86_64-linux-gnu/libxcb-dri2.so.0.0.0
7fd7477b1000-7fd7477c8000 r-xp 00000000 08:02 29107268                   /usr/lib/x86_64-linux-gnu/libxcb-glx.so.0.0.0
7fd7477c8000-7fd7479c7000 ---p 00017000 08:02 29107268                   /usr/lib/x86_64-linux-gnu/libxcb-glx.so.0.0.0
7fd7479c7000-7fd7479c9000 r--p 00016000 08:02 29107268                   /usr/lib/x86_64-linux-gnu/libxcb-glx.so.0.0.0
7fd7479c9000-7fd7479ca000 rw-p 00018000 08:02 29107268                   /usr/lib/x86_64-linux-gnu/libxcb-glx.so.0.0.0
7fd7479ca000-7fd7479cb000 r-xp 00000000 08:02 29105873                   /usr/lib/x86_64-linux-gnu/libX11-xcb.so.1.0.0
7fd7479cb000-7fd747bca000 ---p 00001000 08:02 29105873                   /usr/lib/x86_64-linux-gnu/libX11-xcb.so.1.0.0
7fd747bca000-7fd747bcb000 r--p 00000000 08:02 29105873                   /usr/lib/x86_64-linux-gnu/libX11-xcb.so.1.0.0
7fd747bcb000-7fd747bcc000 rw-p 00001000 08:02 29105873                   /usr/lib/x86_64-linux-gnu/libX11-xcb.so.1.0.0
7fd747bcc000-7fd747bf8000 r-xp 00000000 08:02 29112262                   /usr/lib/x86_64-linux-gnu/libglapi.so.0.0.0
7fd747bf8000-7fd747df7000 ---p 0002c000 08:02 29112262                   /usr/lib/x86_64-linux-gnu/libglapi.so.0.0.0
7fd747df7000-7fd747dfb000 r--p 0002b000 08:02 29112262                   /usr/lib/x86_64-linux-gnu/libglapi.so.0.0.0
7fd747dfb000-7fd747dfc000 rw-p 0002f000 08:02 29112262                   /usr/lib/x86_64-linux-gnu/libglapi.so.0.0.0
7fd747dfc000-7fd747dfd000 rw-p 00000000 00:00 0 
7fd747dfd000-7fd747dfe000 r-xp 00000000 08:02 29107308                   /usr/lib/x86_64-linux-gnu/libxshmfence.so.1.0.0
7fd747dfe000-7fd747ffe000 ---p 00001000 08:02 29107308                   /usr/lib/x86_64-linux-gnu/libxshmfence.so.1.0.0
7fd747ffe000-7fd747fff000 r--p 00001000 08:02 29107308                   /usr/lib/x86_64-linux-gnu/libxshmfence.so.1.0.0
7fd747fff000-7fd748000000 rw-p 00002000 08:02 29107308                   /usr/lib/x86_64-linux-gnu/libxshmfence.so.1.0.0
7fd748000000-7fd748021000 rw-p 00000000 00:00 0 
7fd748021000-7fd74c000000 ---p 00000000 00:00 0 
7fd74c000000-7fd74c021000 rw-p 00000000 00:00 0 
7fd74c021000-7fd750000000 ---p 00000000 00:00 0 
7fd750000000-7fd750246000 rw-p 00000000 00:00 0 
7fd750246000-7fd754000000 ---p 00000000 00:00 0 
7fd754000000-7fd75441c000 rw-p 00000000 00:00 0 
7fd75441c000-7fd758000000 ---p 00000000 00:00 0 
7fd758000000-7fd758021000 rw-p 00000000 00:00 0 
7fd758021000-7fd75c000000 ---p 00000000 00:00 0 
7fd75c000000-7fd75c3a2000 rw-p 00000000 00:00 0 
7fd75c3a2000-7fd760000000 ---p 00000000 00:00 0 
7fd760000000-7fd760021000 rw-p 00000000 00:00 0 
7fd760021000-7fd764000000 ---p 00000000 00:00 0 
7fd764000000-7fd764021000 rw-p 00000000 00:00 0 
7fd764021000-7fd768000000 ---p 00000000 00:00 0 
7fd768000000-7fd768021000 rw-p 00000000 00:00 0 
7fd768021000-7fd76c000000 ---p 00000000 00:00 0 
7fd76c000000-7fd76c021000 rw-p 00000000 00:00 0 
7fd76c021000-7fd770000000 ---p 00000000 00:00 0 
7fd770000000-7fd770021000 rw-p 00000000 00:00 0 
7fd770021000-7fd774000000 ---p 00000000 00:00 0 
7fd774000000-7fd774001000 r--s 00000000 08:02 14942307                   /var/cache/fontconfig/b9d506c9ac06c20b433354fa67a72993-le64.cache-6
7fd774001000-7fd774006000 r-xp 00000000 08:02 29107288                   /usr/lib/x86_64-linux-gnu/libxcb-sync.so.1.0.0
7fd774006000-7fd774206000 ---p 00005000 08:02 29107288                   /usr/lib/x86_64-linux-gnu/libxcb-sync.so.1.0.0
7fd774206000-7fd774207000 r--p 00005000 08:02 29107288                   /usr/lib/x86_64-linux-gnu/libxcb-sync.so.1.0.0
7fd774207000-7fd774208000 rw-p 00006000 08:02 29107288                   /usr/lib/x86_64-linux-gnu/libxcb-sync.so.1.0.0
7fd774208000-7fd77420a000 r-xp 00000000 08:02 29107276                   /usr/lib/x86_64-linux-gnu/libxcb-present.so.0.0.0
7fd77420a000-7fd774409000 ---p 00002000 08:02 29107276                   /usr/lib/x86_64-linux-gnu/libxcb-present.so.0.0.0
7fd774409000-7fd77440a000 r--p 00001000 08:02 29107276                   /usr/lib/x86_64-linux-gnu/libxcb-present.so.0.0.0
7fd77440a000-7fd77440b000 rw-p 00002000 08:02 29107276                   /usr/lib/x86_64-linux-gnu/libxcb-present.so.0.0.0
7fd77440b000-7fd77440d000 r-xp 00000000 08:02 29107266                   /usr/lib/x86_64-linux-gnu/libxcb-dri3.so.0.0.0
7fd77440d000-7fd77460c000 ---p 00002000 08:02 29107266                   /usr/lib/x86_64-linux-gnu/libxcb-dri3.so.0.0.0
7fd77460c000-7fd77460d000 r--p 00001000 08:02 29107266                   /usr/lib/x86_64-linux-gnu/libxcb-dri3.so.0.0.0
7fd77460d000-7fd77460e000 rw-p 00002000 08:02 29107266                   /usr/lib/x86_64-linux-gnu/libxcb-dri3.so.0.0.0
7fd77460e000-7fd77467c000 r-xp 00000000 08:02 48239155                   /lib/x86_64-linux-gnu/libpcre.so.3.13.2
7fd77467c000-7fd77487c000 ---p 0006e000 08:02 48239155                   /lib/x86_64-linux-gnu/libpcre.so.3.13.2
7fd77487c000-7fd77487d000 r--p 0006e000 08:02 48239155                   /lib/x86_64-linux-gnu/libpcre.so.3.13.2
7fd77487d000-7fd77487e000 rw-p 0006f000 08:02 48239155                   /lib/x86_64-linux-gnu/libpcre.so.3.13.2
7fd77487e000-7fd774885000 r-xp 00000000 08:02 29106268                   /usr/lib/x86_64-linux-gnu/libffi.so.6.0.4
7fd774885000-7fd774a84000 ---p 00007000 08:02 29106268                   /usr/lib/x86_64-linux-gnu/libffi.so.6.0.4
7fd774a84000-7fd774a85000 r--p 00006000 08:02 29106268                   /usr/lib/x86_64-linux-gnu/libffi.so.6.0.4
7fd774a85000-7fd774a86000 rw-p 00007000 08:02 29106268                   /usr/lib/x86_64-linux-gnu/libffi.so.6.0.4
7fd774a86000-7fd774aac000 r-xp 00000000 08:02 48234855                   /lib/x86_64-linux-gnu/libexpat.so.1.6.0
7fd774aac000-7fd774cac000 ---p 00026000 08:02 48234855                   /lib/x86_64-linux-gnu/libexpat.so.1.6.0
7fd774cac000-7fd774cae000 r--p 00026000 08:02 48234855                   /lib/x86_64-linux-gnu/libexpat.so.1.6.0
7fd774cae000-7fd774caf000 rw-p 00028000 08:02 48234855                   /lib/x86_64-linux-gnu/libexpat.so.1.6.0
7fd774caf000-7fd774cb7000 r-xp 00000000 08:02 29107068                   /usr/lib/x86_64-linux-gnu/libthai.so.0.2.4
7fd774cb7000-7fd774eb6000 ---p 00008000 08:02 29107068                   /usr/lib/x86_64-linux-gnu/libthai.so.0.2.4
7fd774eb6000-7fd774eb7000 r--p 00007000 08:02 29107068                   /usr/lib/x86_64-linux-gnu/libthai.so.0.2.4
7fd774eb7000-7fd774eb8000 rw-p 00008000 08:02 29107068                   /usr/lib/x86_64-linux-gnu/libthai.so.0.2.4
7fd774eb8000-7fd774ed9000 r-xp 00000000 08:02 29107296                   /usr/lib/x86_64-linux-gnu/libxcb.so.1.1.0
7fd774ed9000-7fd7750d8000 ---p 00021000 08:02 29107296                   /usr/lib/x86_64-linux-gnu/libxcb.so.1.1.0
7fd7750d8000-7fd7750d9000 r--p 00020000 08:02 29107296                   /usr/lib/x86_64-linux-gnu/libxcb.so.1.1.0
7fd7750d9000-7fd7750da000 rw-p 00021000 08:02 29107296                   /usr/lib/x86_64-linux-gnu/libxcb.so.1.1.0
7fd7750da000-7fd7750e2000 r-xp 00000000 08:02 29107282                   /usr/lib/x86_64-linux-gnu/libxcb-render.so.0.0.0
7fd7750e2000-7fd7752e2000 ---p 00008000 08:02 29107282                   /usr/lib/x86_64-linux-gnu/libxcb-render.so.0.0.0
7fd7752e2000-7fd7752e3000 r--p 00008000 08:02 29107282                   /usr/lib/x86_64-linux-gnu/libxcb-render.so.0.0.0
7fd7752e3000-7fd7752e4000 rw-p 00009000 08:02 29107282                   /usr/lib/x86_64-linux-gnu/libxcb-render.so.0.0.0
7fd7752e4000-7fd7752e6000 r-xp 00000000 08:02 29107286                   /usr/lib/x86_64-linux-gnu/libxcb-shm.so.0.0.0
7fd7752e6000-7fd7754e6000 ---p 00002000 08:02 29107286                   /usr/lib/x86_64-linux-gnu/libxcb-shm.so.0.0.0
7fd7754e6000-7fd7754e7000 r--p 00002000 08:02 29107286                   /usr/lib/x86_64-linux-gnu/libxcb-shm.so.0.0.0
7fd7754e7000-7fd7754e8000 rw-p 00003000 08:02 29107286                   /usr/lib/x86_64-linux-gnu/libxcb-shm.so.0.0.0
7fd7754e8000-7fd77550c000 r-xp 00000000 08:02 48235426                   /lib/x86_64-linux-gnu/libpng12.so.0.54.0
7fd77550c000-7fd77570b000 ---p 00024000 08:02 48235426                   /lib/x86_64-linux-gnu/libpng12.so.0.54.0
7fd77570b000-7fd77570c000 r--p 00023000 08:02 48235426                   /lib/x86_64-linux-gnu/libpng12.so.0.54.0
7fd77570c000-7fd77570d000 rw-p 00024000 08:02 48235426                   /lib/x86_64-linux-gnu/libpng12.so.0.54.0
7fd77570d000-7fd7757ac000 r-xp 00000000 08:02 29106867                   /usr/lib/x86_64-linux-gnu/libpixman-1.so.0.33.6
7fd7757ac000-7fd7759ac000 ---p 0009f000 08:02 29106867                   /usr/lib/x86_64-linux-gnu/libpixman-1.so.0.33.6
7fd7759ac000-7fd7759b4000 r--p 0009f000 08:02 29106867                   /usr/lib/x86_64-linux-gnu/libpixman-1.so.0.33.6
7fd7759b4000-7fd7759b5000 rw-p 000a7000 08:02 29106867                   /usr/lib/x86_64-linux-gnu/libpixman-1.so.0.33.6
7fd7759b5000-7fd775a11000 r-xp 00000000 08:02 29106531                   /usr/lib/x86_64-linux-gnu/libharfbuzz.so.0.10000.1
7fd775a11000-7fd775c11000 ---p 0005c000 08:02 29106531                   /usr/lib/x86_64-linux-gnu/libharfbuzz.so.0.10000.1
7fd775c11000-7fd775c12000 r--p 0005c000 08:02 29106531                   /usr/lib/x86_64-linux-gnu/libharfbuzz.so.0.10000.1
7fd775c12000-7fd775c13000 rw-p 0005d000 08:02 29106531                   /usr/lib/x86_64-linux-gnu/libharfbuzz.so.0.10000.1
7fd775c13000-7fd775c2a000 r-xp 00000000 08:02 48235695                   /lib/x86_64-linux-gnu/libresolv-2.23.so
7fd775c2a000-7fd775e2a000 ---p 00017000 08:02 48235695                   /lib/x86_64-linux-gnu/libresolv-2.23.so
7fd775e2a000-7fd775e2b000 r--p 00017000 08:02 48235695                   /lib/x86_64-linux-gnu/libresolv-2.23.so
7fd775e2b000-7fd775e2c000 rw-p 00018000 08:02 48235695                   /lib/x86_64-linux-gnu/libresolv-2.23.so
7fd775e2c000-7fd775e2e000 rw-p 00000000 00:00 0 
7fd775e2e000-7fd775e4d000 r-xp 00000000 08:02 48239184                   /lib/x86_64-linux-gnu/libselinux.so.1
7fd775e4d000-7fd77604c000 ---p 0001f000 08:02 48239184                   /lib/x86_64-linux-gnu/libselinux.so.1
7fd77604c000-7fd77604d000 r--p 0001e000 08:02 48239184                   /lib/x86_64-linux-gnu/libselinux.so.1
7fd77604d000-7fd77604e000 rw-p 0001f000 08:02 48239184                   /lib/x86_64-linux-gnu/libselinux.so.1
7fd77604e000-7fd776050000 rw-p 00000000 00:00 0 
7fd776050000-7fd776069000 r-xp 00000000 08:02 48239217                   /lib/x86_64-linux-gnu/libz.so.1.2.8
7fd776069000-7fd776268000 ---p 00019000 08:02 48239217                   /lib/x86_64-linux-gnu/libz.so.1.2.8
7fd776268000-7fd776269000 r--p 00018000 08:02 48239217                   /lib/x86_64-linux-gnu/libz.so.1.2.8
7fd776269000-7fd77626a000 rw-p 00019000 08:02 48239217                   /lib/x86_64-linux-gnu/libz.so.1.2.8
7fd77626a000-7fd77627b000 r-xp 00000000 08:02 29105891                   /usr/lib/x86_64-linux-gnu/libXext.so.6.4.0
7fd77627b000-7fd77647a000 ---p 00011000 08:02 29105891                   /usr/lib/x86_64-linux-gnu/libXext.so.6.4.0
7fd77647a000-7fd77647b000 r--p 00010000 08:02 29105891                   /usr/lib/x86_64-linux-gnu/libXext.so.6.4.0
7fd77647b000-7fd77647c000 rw-p 00011000 08:02 29105891                   /usr/lib/x86_64-linux-gnu/libXext.so.6.4.0
7fd77647c000-7fd77647e000 r-xp 00000000 08:02 29105887                   /usr/lib/x86_64-linux-gnu/libXdamage.so.1.1.0
7fd77647e000-7fd77667d000 ---p 00002000 08:02 29105887                   /usr/lib/x86_64-linux-gnu/libXdamage.so.1.1.0
7fd77667d000-7fd77667e000 r--p 00001000 08:02 29105887                   /usr/lib/x86_64-linux-gnu/libXdamage.so.1.1.0
7fd77667e000-7fd77667f000 rw-p 00002000 08:02 29105887                   /usr/lib/x86_64-linux-gnu/libXdamage.so.1.1.0
7fd77667f000-7fd776681000 r-xp 00000000 08:02 29105883                   /usr/lib/x86_64-linux-gnu/libXcomposite.so.1.0.0
7fd776681000-7fd776880000 ---p 00002000 08:02 29105883                   /usr/lib/x86_64-linux-gnu/libXcomposite.so.1.0.0
7fd776880000-7fd776881000 r--p 00001000 08:02 29105883                   /usr/lib/x86_64-linux-gnu/libXcomposite.so.1.0.0
7fd776881000-7fd776882000 rw-p 00002000 08:02 29105883                   /usr/lib/x86_64-linux-gnu/libXcomposite.so.1.0.0
7fd776882000-7fd77688b000 r-xp 00000000 08:02 29100061                   /usr/lib/x86_64-linux-gnu/libXcursor.so.1.0.2
7fd77688b000-7fd776a8a000 ---p 00009000 08:02 29100061                   /usr/lib/x86_64-linux-gnu/libXcursor.so.1.0.2
7fd776a8a000-7fd776a8b000 r--p 00008000 08:02 29100061                   /usr/lib/x86_64-linux-gnu/libXcursor.so.1.0.2
7fd776a8b000-7fd776a8c000 rw-p 00009000 08:02 29100061                   /usr/lib/x86_64-linux-gnu/libXcursor.so.1.0.2
7fd776a8c000-7fd776a96000 r-xp 00000000 08:02 29105911                   /usr/lib/x86_64-linux-gnu/libXrandr.so.2.2.0
7fd776a96000-7fd776c95000 ---p 0000a000 08:02 29105911                   /usr/lib/x86_64-linux-gnu/libXrandr.so.2.2.0
7fd776c95000-7fd776c96000 r--p 00009000 08:02 29105911                   /usr/lib/x86_64-linux-gnu/libXrandr.so.2.2.0
7fd776c96000-7fd776c97000 rw-p 0000a000 08:02 29105911                   /usr/lib/x86_64-linux-gnu/libXrandr.so.2.2.0
7fd776c97000-7fd776ca6000 r-xp 00000000 08:02 29105901                   /usr/lib/x86_64-linux-gnu/libXi.so.6.1.0
7fd776ca6000-7fd776ea5000 ---p 0000f000 08:02 29105901                   /usr/lib/x86_64-linux-gnu/libXi.so.6.1.0
7fd776ea5000-7fd776ea6000 r--p 0000e000 08:02 29105901                   /usr/lib/x86_64-linux-gnu/libXi.so.6.1.0
7fd776ea6000-7fd776ea7000 rw-p 0000f000 08:02 29105901                   /usr/lib/x86_64-linux-gnu/libXi.so.6.1.0
7fd776ea7000-7fd776ea9000 r-xp 00000000 08:02 29105903                   /usr/lib/x86_64-linux-gnu/libXinerama.so.1.0.0
7fd776ea9000-7fd7770a8000 ---p 00002000 08:02 29105903                   /usr/lib/x86_64-linux-gnu/libXinerama.so.1.0.0
7fd7770a8000-7fd7770a9000 r--p 00001000 08:02 29105903                   /usr/lib/x86_64-linux-gnu/libXinerama.so.1.0.0
7fd7770a9000-7fd7770aa000 rw-p 00002000 08:02 29105903                   /usr/lib/x86_64-linux-gnu/libXinerama.so.1.0.0
7fd7770aa000-7fd7770b3000 r-xp 00000000 08:02 29105913                   /usr/lib/x86_64-linux-gnu/libXrender.so.1.3.0
7fd7770b3000-7fd7772b2000 ---p 00009000 08:02 29105913                   /usr/lib/x86_64-linux-gnu/libXrender.so.1.3.0
7fd7772b2000-7fd7772b3000 r--p 00008000 08:02 29105913                   /usr/lib/x86_64-linux-gnu/libXrender.so.1.3.0
7fd7772b3000-7fd7772b4000 rw-p 00009000 08:02 29105913                   /usr/lib/x86_64-linux-gnu/libXrender.so.1.3.0
7fd7772b4000-7fd7772b9000 r-xp 00000000 08:02 29105893                   /usr/lib/x86_64-linux-gnu/libXfixes.so.3.1.0
7fd7772b9000-7fd7774b8000 ---p 00005000 08:02 29105893                   /usr/lib/x86_64-linux-gnu/libXfixes.so.3.1.0
7fd7774b8000-7fd7774b9000 r--p 00004000 08:02 29105893                   /usr/lib/x86_64-linux-gnu/libXfixes.so.3.1.0
7fd7774b9000-7fd7774ba000 rw-p 00005000 08:02 29105893                   /usr/lib/x86_64-linux-gnu/libXfixes.so.3.1.0
7fd7774ba000-7fd7774d0000 r-xp 00000000 08:02 48239064                   /lib/x86_64-linux-gnu/libgcc_s.so.1
7fd7774d0000-7fd7776cf000 ---p 00016000 08:02 48239064                   /lib/x86_64-linux-gnu/libgcc_s.so.1
7fd7776cf000-7fd7776d0000 rw-p 00015000 08:02 48239064                   /lib/x86_64-linux-gnu/libgcc_s.so.1
7fd7776d0000-7fd777842000 r-xp 00000000 08:02 29098884                   /usr/lib/x86_64-linux-gnu/libstdc++.so.6.0.21
7fd777842000-7fd777a42000 ---p 00172000 08:02 29098884                   /usr/lib/x86_64-linux-gnu/libstdc++.so.6.0.21
7fd777a42000-7fd777a4c000 r--p 00172000 08:02 29098884                   /usr/lib/x86_64-linux-gnu/libstdc++.so.6.0.21
7fd777a4c000-7fd777a4e000 rw-p 0017c000 08:02 29098884                   /usr/lib/x86_64-linux-gnu/libstdc++.so.6.0.21
7fd777a4e000-7fd777a52000 rw-p 00000000 00:00 0 
7fd777a52000-7fd777ac2000 r-xp 00000000 08:02 29365871                   /usr/lib/x86_64-linux-gnu/mesa/libGL.so.1.2.0
7fd777ac2000-7fd777cc1000 ---p 00070000 08:02 29365871                   /usr/lib/x86_64-linux-gnu/mesa/libGL.so.1.2.0
7fd777cc1000-7fd777cc4000 r--p 0006f000 08:02 29365871                   /usr/lib/x86_64-linux-gnu/mesa/libGL.so.1.2.0
7fd777cc4000-7fd777cc5000 rw-p 00072000 08:02 29365871                   /usr/lib/x86_64-linux-gnu/mesa/libGL.so.1.2.0
7fd777cc5000-7fd777cc6000 rw-p 00000000 00:00 0 
7fd777cc6000-7fd777dfb000 r-xp 00000000 08:02 29106677                   /usr/lib/x86_64-linux-gnu/libX11.so.6.3.0
7fd777dfb000-7fd777ffb000 ---p 00135000 08:02 29106677                   /usr/lib/x86_64-linux-gnu/libX11.so.6.3.0
7fd777ffb000-7fd777ffc000 r--p 00135000 08:02 29106677                   /usr/lib/x86_64-linux-gnu/libX11.so.6.3.0
7fd777ffc000-7fd778000000 rw-p 00136000 08:02 29106677                   /usr/lib/x86_64-linux-gnu/libX11.so.6.3.0
7fd778000000-7fd778021000 rw-p 00000000 00:00 0 
7fd778021000-7fd77c000000 ---p 00000000 00:00 0 
7fd77c000000-7fd77c001000 r--s 00000000 08:02 14942291                   /var/cache/fontconfig/551ecf3b0e8b0bca0f25c0944f561853-le64.cache-6
7fd77c001000-7fd77c00c000 r--s 00000000 08:02 14942300                   /var/cache/fontconfig/83bf95040141907cd45bb53cf7c1c148-le64.cache-6
7fd77c00c000-7fd77c01e000 r--s 00000000 08:02 14942304                   /var/cache/fontconfig/9b89f8e3dae116d678bbf48e5f21f69b-le64.cache-6
7fd77c01e000-7fd77c027000 r--s 00000000 08:02 14947514                   /var/cache/fontconfig/d0972c3d32f097851eb916381fc38920-le64.cache-6
7fd77c027000-7fd77c034000 r--s 00000000 08:02 14942316                   /var/cache/fontconfig/e13b20fdb08344e0e664864cc2ede53d-le64.cache-6
7fd77c034000-7fd77c03c000 rw-s 00000000 00:19 1048                       /i915 (deleted)
7fd77c03c000-7fd77c041000 r-xp 00000000 08:02 29105929                   /usr/lib/x86_64-linux-gnu/libXxf86vm.so.1.0.0
7fd77c041000-7fd77c240000 ---p 00005000 08:02 29105929                   /usr/lib/x86_64-linux-gnu/libXxf86vm.so.1.0.0
7fd77c240000-7fd77c241000 r--p 00004000 08:02 29105929                   /usr/lib/x86_64-linux-gnu/libXxf86vm.so.1.0.0
7fd77c241000-7fd77c242000 rw-p 00005000 08:02 29105929                   /usr/lib/x86_64-linux-gnu/libXxf86vm.so.1.0.0
7fd77c242000-7fd77c247000 r-xp 00000000 08:02 29105919                   /usr/lib/x86_64-linux-gnu/libXtst.so.6.1.0
7fd77c247000-7fd77c446000 ---p 00005000 08:02 29105919                   /usr/lib/x86_64-linux-gnu/libXtst.so.6.1.0
7fd77c446000-7fd77c447000 r--p 00004000 08:02 29105919                   /usr/lib/x86_64-linux-gnu/libXtst.so.6.1.0
7fd77c447000-7fd77c448000 rw-p 00005000 08:02 29105919                   /usr/lib/x86_64-linux-gnu/libXtst.so.6.1.0
7fd77c448000-7fd77c557000 r-xp 00000000 08:02 48234827                   /lib/x86_64-linux-gnu/libglib-2.0.so.0.4800.2
7fd77c557000-7fd77c756000 ---p 0010f000 08:02 48234827                   /lib/x86_64-linux-gnu/libglib-2.0.so.0.4800.2
7fd77c756000-7fd77c757000 r--p 0010e000 08:02 48234827                   /lib/x86_64-linux-gnu/libglib-2.0.so.0.4800.2
7fd77c757000-7fd77c758000 rw-p 0010f000 08:02 48234827                   /lib/x86_64-linux-gnu/libglib-2.0.so.0.4800.2
7fd77c758000-7fd77c759000 rw-p 00000000 00:00 0 
7fd77c759000-7fd77c75a000 r-xp 00000000 08:02 29100880                   /usr/lib/x86_64-linux-gnu/libgthread-2.0.so.0.4800.2
7fd77c75a000-7fd77c959000 ---p 00001000 08:02 29100880                   /usr/lib/x86_64-linux-gnu/libgthread-2.0.so.0.4800.2
7fd77c959000-7fd77c95a000 r--p 00000000 08:02 29100880                   /usr/lib/x86_64-linux-gnu/libgthread-2.0.so.0.4800.2
7fd77c95a000-7fd77c95b000 rw-p 00001000 08:02 29100880                   /usr/lib/x86_64-linux-gnu/libgthread-2.0.so.0.4800.2
7fd77c95b000-7fd77c95e000 r-xp 00000000 08:02 29100877                   /usr/lib/x86_64-linux-gnu/libgmodule-2.0.so.0.4800.2
7fd77c95e000-7fd77cb5d000 ---p 00003000 08:02 29100877                   /usr/lib/x86_64-linux-gnu/libgmodule-2.0.so.0.4800.2
7fd77cb5d000-7fd77cb5e000 r--p 00002000 08:02 29100877                   /usr/lib/x86_64-linux-gnu/libgmodule-2.0.so.0.4800.2
7fd77cb5e000-7fd77cb5f000 rw-p 00003000 08:02 29100877                   /usr/lib/x86_64-linux-gnu/libgmodule-2.0.so.0.4800.2
7fd77cb5f000-7fd77cbb1000 r-xp 00000000 08:02 29100874                   /usr/lib/x86_64-linux-gnu/libgobject-2.0.so.0.4800.2
7fd77cbb1000-7fd77cdb0000 ---p 00052000 08:02 29100874                   /usr/lib/x86_64-linux-gnu/libgobject-2.0.so.0.4800.2
7fd77cdb0000-7fd77cdb1000 r--p 00051000 08:02 29100874                   /usr/lib/x86_64-linux-gnu/libgobject-2.0.so.0.4800.2
7fd77cdb1000-7fd77cdb2000 rw-p 00052000 08:02 29100874                   /usr/lib/x86_64-linux-gnu/libgobject-2.0.so.0.4800.2
7fd77cdb2000-7fd77cdef000 r-xp 00000000 08:02 29106282                   /usr/lib/x86_64-linux-gnu/libfontconfig.so.1.9.0
7fd77cdef000-7fd77cfee000 ---p 0003d000 08:02 29106282                   /usr/lib/x86_64-linux-gnu/libfontconfig.so.1.9.0
7fd77cfee000-7fd77cff0000 r--p 0003c000 08:02 29106282                   /usr/lib/x86_64-linux-gnu/libfontconfig.so.1.9.0
7fd77cff0000-7fd77cff5000 rw-p 0003e000 08:02 29106282                   /usr/lib/x86_64-linux-gnu/libfontconfig.so.1.9.0
7fd77cff5000-7fd77d099000 r-xp 00000000 08:02 29098888                   /usr/lib/x86_64-linux-gnu/libfreetype.so.6.12.1
7fd77d099000-7fd77d298000 ---p 000a4000 08:02 29098888                   /usr/lib/x86_64-linux-gnu/libfreetype.so.6.12.1
7fd77d298000-7fd77d29e000 r--p 000a3000 08:02 29098888                   /usr/lib/x86_64-linux-gnu/libfreetype.so.6.12.1
7fd77d29e000-7fd77d29f000 rw-p 000a9000 08:02 29098888                   /usr/lib/x86_64-linux-gnu/libfreetype.so.6.12.1
7fd77d29f000-7fd77d2e8000 r-xp 00000000 08:02 29106837                   /usr/lib/x86_64-linux-gnu/libpango-1.0.so.0.3800.1
7fd77d2e8000-7fd77d4e8000 ---p 00049000 08:02 29106837                   /usr/lib/x86_64-linux-gnu/libpango-1.0.so.0.3800.1
7fd77d4e8000-7fd77d4ea000 r--p 00049000 08:02 29106837                   /usr/lib/x86_64-linux-gnu/libpango-1.0.so.0.3800.1
7fd77d4ea000-7fd77d4eb000 rw-p 0004b000 08:02 29106837                   /usr/lib/x86_64-linux-gnu/libpango-1.0.so.0.3800.1
7fd77d4eb000-7fd77d5f9000 r-xp 00000000 08:02 29106041                   /usr/lib/x86_64-linux-gnu/libcairo.so.2.11400.6
7fd77d5f9000-7fd77d7f9000 ---p 0010e000 08:02 29106041                   /usr/lib/x86_64-linux-gnu/libcairo.so.2.11400.6
7fd77d7f9000-7fd77d7fc000 r--p 0010e000 08:02 29106041                   /usr/lib/x86_64-linux-gnu/libcairo.so.2.11400.6
7fd77d7fc000-7fd77d7fd000 rw-p 00111000 08:02 29106041                   /usr/lib/x86_64-linux-gnu/libcairo.so.2.11400.6
7fd77d7fd000-7fd77d7ff000 rw-p 00000000 00:00 0 
7fd77d7ff000-7fd77d80b000 r-xp 00000000 08:02 29106839                   /usr/lib/x86_64-linux-gnu/libpangocairo-1.0.so.0.3800.1
7fd77d80b000-7fd77da0a000 ---p 0000c000 08:02 29106839                   /usr/lib/x86_64-linux-gnu/libpangocairo-1.0.so.0.3800.1
7fd77da0a000-7fd77da0b000 r--p 0000b000 08:02 29106839                   /usr/lib/x86_64-linux-gnu/libpangocairo-1.0.so.0.3800.1
7fd77da0b000-7fd77da0c000 rw-p 0000c000 08:02 29106839                   /usr/lib/x86_64-linux-gnu/libpangocairo-1.0.so.0.3800.1
7fd77da0c000-7fd77da2d000 r-xp 00000000 08:02 29103655                   /usr/lib/x86_64-linux-gnu/libgdk_pixbuf-2.0.so.0.3200.2
7fd77da2d000-7fd77dc2c000 ---p 00021000 08:02 29103655                   /usr/lib/x86_64-linux-gnu/libgdk_pixbuf-2.0.so.0.3200.2
7fd77dc2c000-7fd77dc2d000 r--p 00020000 08:02 29103655                   /usr/lib/x86_64-linux-gnu/libgdk_pixbuf-2.0.so.0.3200.2
7fd77dc2d000-7fd77dc2e000 rw-p 00021000 08:02 29103655                   /usr/lib/x86_64-linux-gnu/libgdk_pixbuf-2.0.so.0.3200.2
7fd77dc2e000-7fd77dc42000 r-xp 00000000 08:02 29106841                   /usr/lib/x86_64-linux-gnu/libpangoft2-1.0.so.0.3800.1
7fd77dc42000-7fd77de42000 ---p 00014000 08:02 29106841                   /usr/lib/x86_64-linux-gnu/libpangoft2-1.0.so.0.3800.1
7fd77de42000-7fd77de43000 r--p 00014000 08:02 29106841                   /usr/lib/x86_64-linux-gnu/libpangoft2-1.0.so.0.3800.1
7fd77de43000-7fd77de44000 rw-p 00015000 08:02 29106841                   /usr/lib/x86_64-linux-gnu/libpangoft2-1.0.so.0.3800.1
7fd77de44000-7fd77dfc4000 r-xp 00000000 08:02 29100879                   /usr/lib/x86_64-linux-gnu/libgio-2.0.so.0.4800.2
7fd77dfc4000-7fd77e1c4000 ---p 00180000 08:02 29100879                   /usr/lib/x86_64-linux-gnu/libgio-2.0.so.0.4800.2
7fd77e1c4000-7fd77e1c8000 r--p 00180000 08:02 29100879                   /usr/lib/x86_64-linux-gnu/libgio-2.0.so.0.4800.2
7fd77e1c8000-7fd77e1ca000 rw-p 00184000 08:02 29100879                   /usr/lib/x86_64-linux-gnu/libgio-2.0.so.0.4800.2
7fd77e1ca000-7fd77e1cc000 rw-p 00000000 00:00 0 
7fd77e1cc000-7fd77e1ee000 r-xp 00000000 08:02 29105984                   /usr/lib/x86_64-linux-gnu/libatk-1.0.so.0.21809.1
7fd77e1ee000-7fd77e3ed000 ---p 00022000 08:02 29105984                   /usr/lib/x86_64-linux-gnu/libatk-1.0.so.0.21809.1
7fd77e3ed000-7fd77e3f0000 r--p 00021000 08:02 29105984                   /usr/lib/x86_64-linux-gnu/libatk-1.0.so.0.21809.1
7fd77e3f0000-7fd77e3f1000 rw-p 00024000 08:02 29105984                   /usr/lib/x86_64-linux-gnu/libatk-1.0.so.0.21809.1
7fd77e3f1000-7fd77e4a1000 r-xp 00000000 08:02 29101405                   /usr/lib/x86_64-linux-gnu/libgdk-x11-2.0.so.0.2400.30
7fd77e4a1000-7fd77e6a0000 ---p 000b0000 08:02 29101405                   /usr/lib/x86_64-linux-gnu/libgdk-x11-2.0.so.0.2400.30
7fd77e6a0000-7fd77e6a4000 r--p 000af000 08:02 29101405                   /usr/lib/x86_64-linux-gnu/libgdk-x11-2.0.so.0.2400.30
7fd77e6a4000-7fd77e6a6000 rw-p 000b3000 08:02 29101405                   /usr/lib/x86_64-linux-gnu/libgdk-x11-2.0.so.0.2400.30
7fd77e6a6000-7fd77eae4000 r-xp 00000000 08:02 29101406                   /usr/lib/x86_64-linux-gnu/libgtk-x11-2.0.so.0.2400.30
7fd77eae4000-7fd77ece3000 ---p 0043e000 08:02 29101406                   /usr/lib/x86_64-linux-gnu/libgtk-x11-2.0.so.0.2400.30
7fd77ece3000-7fd77ecea000 r--p 0043d000 08:02 29101406                   /usr/lib/x86_64-linux-gnu/libgtk-x11-2.0.so.0.2400.30
7fd77ecea000-7fd77ecee000 rw-p 00444000 08:02 29101406                   /usr/lib/x86_64-linux-gnu/libgtk-x11-2.0.so.0.2400.30
7fd77ecee000-7fd77ecf1000 rw-p 00000000 00:00 0 
7fd77ecf1000-7fd77ecf2000 r--s 00000000 08:02 14942286                   /var/cache/fontconfig/30829fa25452a46451e813d634d7f916-le64.cache-6
7fd77ecf2000-7fd77ecf3000 r--s 00000000 08:02 14942280                   /var/cache/fontconfig/0c9eb80ebd1c36541ebe2852d3bb0c49-le64.cache-6
7fd77ecf3000-7fd77ecf6000 r--s 00000000 08:02 14942297                   /var/cache/fontconfig/75114ca45c98e8a441da0ff356701271-le64.cache-6
7fd77ecf6000-7fd77ecfe000 rw-s 00000000 00:19 899                        /i915 (deleted)
7fd77ecfe000-7fd77ed06000 r--p 00000000 08:02 48497416                   /home/kavya/.config/dconf/user
7fd77ed06000-7fd77ed0e000 rw-s 00000000 00:19 883                        /i915 (deleted)
7fd77ed0e000-7fd77ed1a000 r-xp 00000000 08:02 29886889                   /usr/lib/jvm/java-8-oracle/jre/lib/amd64/libprism_es2.so
7fd77ed1a000-7fd77ef19000 ---p 0000c000 08:02 29886889                   /usr/lib/jvm/java-8-oracle/jre/lib/amd64/libprism_es2.so
7fd77ef19000-7fd77ef1a000 rw-p 0000b000 08:02 29886889                   /usr/lib/jvm/java-8-oracle/jre/lib/amd64/libprism_es2.so
7fd77ef1a000-7fd77ef1d000 ---p 00000000 00:00 0 
7fd77ef1d000-7fd77f01b000 rw-p 00000000 00:00 0 
7fd77f01b000-7fd77f01c000 ---p 00000000 00:00 0 
7fd77f01c000-7fd77f11c000 rw-p 00000000 00:00 0 
7fd77f11c000-7fd77f11f000 ---p 00000000 00:00 0 
7fd77f11f000-7fd77f21d000 rw-p 00000000 00:00 0 
7fd77f21d000-7fd77f220000 ---p 00000000 00:00 0 
7fd77f220000-7fd77f31e000 rw-p 00000000 00:00 0 
7fd77f31e000-7fd77f321000 ---p 00000000 00:00 0 
7fd77f321000-7fd77f41f000 rw-p 00000000 00:00 0 
7fd77f41f000-7fd77f422000 ---p 00000000 00:00 0 
7fd77f422000-7fd77f520000 rw-p 00000000 00:00 0 
7fd77f520000-7fd77f523000 ---p 00000000 00:00 0 
7fd77f523000-7fd77f621000 rw-p 00000000 00:00 0 
7fd77f621000-7fd77f8f9000 r--p 00000000 08:02 29098385                   /usr/lib/locale/locale-archive
7fd77f8f9000-7fd77f8fc000 ---p 00000000 00:00 0 
7fd77f8fc000-7fd77f9fa000 rw-p 00000000 00:00 0 
7fd77f9fa000-7fd77f9fd000 ---p 00000000 00:00 0 
7fd77f9fd000-7fd77fafb000 rw-p 00000000 00:00 0 
7fd77fafb000-7fd77fafc000 ---p 00000000 00:00 0 
7fd77fafc000-7fd780000000 rw-p 00000000 00:00 0 
7fd780000000-7fd780021000 rw-p 00000000 00:00 0 
7fd780021000-7fd784000000 ---p 00000000 00:00 0 
7fd784000000-7fd784004000 r--s 00000000 08:02 14945919                   /var/cache/fontconfig/7ef2298fde41cc6eeb7af42e48b7d293-le64.cache-6
7fd784004000-7fd784005000 r--s 00003000 08:02 58599470                   /home/kavya/Documents/Sem7/ProjSE/json-simple-1.1.jar
7fd784005000-7fd78409b000 r--s 0110a000 08:02 29757641                   /usr/lib/jvm/java-8-oracle/jre/lib/ext/jfxrt.jar
7fd78409b000-7fd784c4b000 rw-p 00000000 00:00 0 
7fd784c4b000-7fd784e24000 r--s 03d64000 08:02 29756892                   /usr/lib/jvm/java-8-oracle/jre/lib/rt.jar
7fd784e24000-7fd7875c0000 rw-p 00000000 00:00 0 
7fd7875c0000-7fd7875c1000 ---p 00000000 00:00 0 
7fd7875c1000-7fd7876c1000 rw-p 00000000 00:00 0 
7fd7876c1000-7fd7876c2000 ---p 00000000 00:00 0 
7fd7876c2000-7fd7877c2000 rw-p 00000000 00:00 0 
7fd7877c2000-7fd7877c3000 ---p 00000000 00:00 0 
7fd7877c3000-7fd7878c3000 rw-p 00000000 00:00 0 
7fd7878c3000-7fd7878c4000 ---p 00000000 00:00 0 
7fd7878c4000-7fd7879d8000 rw-p 00000000 00:00 0 
7fd7879d8000-7fd787b01000 ---p 00000000 00:00 0 
7fd787b01000-7fd787b0c000 rw-p 00000000 00:00 0 
7fd787b0c000-7fd787ba0000 ---p 00000000 00:00 0 
7fd787ba0000-7fd787bb7000 rw-p 00000000 00:00 0 
7fd787bb7000-7fd787f61000 ---p 00000000 00:00 0 
7fd787f61000-7fd7884b1000 rwxp 00000000 00:00 0 
7fd7884b1000-7fd796f61000 ---p 00000000 00:00 0 
7fd796f61000-7fd796f7c000 r-xp 00000000 08:02 29886881                   /usr/lib/jvm/java-8-oracle/jre/lib/amd64/libzip.so
7fd796f7c000-7fd79717c000 ---p 0001b000 08:02 29886881                   /usr/lib/jvm/java-8-oracle/jre/lib/amd64/libzip.so
7fd79717c000-7fd79717d000 rw-p 0001b000 08:02 29886881                   /usr/lib/jvm/java-8-oracle/jre/lib/amd64/libzip.so
7fd79717d000-7fd797188000 r-xp 00000000 08:02 48235699                   /lib/x86_64-linux-gnu/libnss_files-2.23.so
7fd797188000-7fd797387000 ---p 0000b000 08:02 48235699                   /lib/x86_64-linux-gnu/libnss_files-2.23.so
7fd797387000-7fd797388000 r--p 0000a000 08:02 48235699                   /lib/x86_64-linux-gnu/libnss_files-2.23.so
7fd797388000-7fd797389000 rw-p 0000b000 08:02 48235699                   /lib/x86_64-linux-gnu/libnss_files-2.23.so
7fd797389000-7fd79738f000 rw-p 00000000 00:00 0 
7fd79738f000-7fd79739a000 r-xp 00000000 08:02 48235692                   /lib/x86_64-linux-gnu/libnss_nis-2.23.so
7fd79739a000-7fd797599000 ---p 0000b000 08:02 48235692                   /lib/x86_64-linux-gnu/libnss_nis-2.23.so
7fd797599000-7fd79759a000 r--p 0000a000 08:02 48235692                   /lib/x86_64-linux-gnu/libnss_nis-2.23.so
7fd79759a000-7fd79759b000 rw-p 0000b000 08:02 48235692                   /lib/x86_64-linux-gnu/libnss_nis-2.23.so
7fd79759b000-7fd7975b1000 r-xp 00000000 08:02 48235697                   /lib/x86_64-linux-gnu/libnsl-2.23.so
7fd7975b1000-7fd7977b0000 ---p 00016000 08:02 48235697                   /lib/x86_64-linux-gnu/libnsl-2.23.so
7fd7977b0000-7fd7977b1000 r--p 00015000 08:02 48235697                   /lib/x86_64-linux-gnu/libnsl-2.23.so
7fd7977b1000-7fd7977b2000 rw-p 00016000 08:02 48235697                   /lib/x86_64-linux-gnu/libnsl-2.23.so
7fd7977b2000-7fd7977b4000 rw-p 00000000 00:00 0 
7fd7977b4000-7fd7977bc000 r-xp 00000000 08:02 48235703                   /lib/x86_64-linux-gnu/libnss_compat-2.23.so
7fd7977bc000-7fd7979bb000 ---p 00008000 08:02 48235703                   /lib/x86_64-linux-gnu/libnss_compat-2.23.so
7fd7979bb000-7fd7979bc000 r--p 00007000 08:02 48235703                   /lib/x86_64-linux-gnu/libnss_compat-2.23.so
7fd7979bc000-7fd7979bd000 rw-p 00008000 08:02 48235703                   /lib/x86_64-linux-gnu/libnss_compat-2.23.so
7fd7979bd000-7fd7979e8000 r-xp 00000000 08:02 29886875                   /usr/lib/jvm/java-8-oracle/jre/lib/amd64/libjava.so
7fd7979e8000-7fd797be7000 ---p 0002b000 08:02 29886875                   /usr/lib/jvm/java-8-oracle/jre/lib/amd64/libjava.so
7fd797be7000-7fd797be9000 rw-p 0002a000 08:02 29886875                   /usr/lib/jvm/java-8-oracle/jre/lib/amd64/libjava.so
7fd797be9000-7fd797bf6000 r-xp 00000000 08:02 29886880                   /usr/lib/jvm/java-8-oracle/jre/lib/amd64/libverify.so
7fd797bf6000-7fd797df6000 ---p 0000d000 08:02 29886880                   /usr/lib/jvm/java-8-oracle/jre/lib/amd64/libverify.so
7fd797df6000-7fd797df8000 rw-p 0000d000 08:02 29886880                   /usr/lib/jvm/java-8-oracle/jre/lib/amd64/libverify.so
7fd797df8000-7fd797dff000 r-xp 00000000 08:02 48235679                   /lib/x86_64-linux-gnu/librt-2.23.so
7fd797dff000-7fd797ffe000 ---p 00007000 08:02 48235679                   /lib/x86_64-linux-gnu/librt-2.23.so
7fd797ffe000-7fd797fff000 r--p 00006000 08:02 48235679                   /lib/x86_64-linux-gnu/librt-2.23.so
7fd797fff000-7fd798000000 rw-p 00007000 08:02 48235679                   /lib/x86_64-linux-gnu/librt-2.23.so
7fd798000000-7fd79841f000 rw-p 00000000 00:00 0 
7fd79841f000-7fd79c000000 ---p 00000000 00:00 0 
7fd79c002000-7fd79c003000 r--s 00000000 00:31 35                         /run/user/1000/dconf/user
7fd79c003000-7fd79c08d000 rw-p 00000000 00:00 0 
7fd79c08d000-7fd79c1b7000 ---p 00000000 00:00 0 
7fd79c1b7000-7fd79c2bf000 r-xp 00000000 08:02 48235705                   /lib/x86_64-linux-gnu/libm-2.23.so
7fd79c2bf000-7fd79c4be000 ---p 00108000 08:02 48235705                   /lib/x86_64-linux-gnu/libm-2.23.so
7fd79c4be000-7fd79c4bf000 r--p 00107000 08:02 48235705                   /lib/x86_64-linux-gnu/libm-2.23.so
7fd79c4bf000-7fd79c4c0000 rw-p 00108000 08:02 48235705                   /lib/x86_64-linux-gnu/libm-2.23.so
7fd79c4c0000-7fd79d199000 r-xp 00000000 08:02 29886493                   /usr/lib/jvm/java-8-oracle/jre/lib/amd64/server/libjvm.so
7fd79d199000-7fd79d398000 ---p 00cd9000 08:02 29886493                   /usr/lib/jvm/java-8-oracle/jre/lib/amd64/server/libjvm.so
7fd79d398000-7fd79d471000 rw-p 00cd8000 08:02 29886493                   /usr/lib/jvm/java-8-oracle/jre/lib/amd64/server/libjvm.so
7fd79d471000-7fd79d4bd000 rw-p 00000000 00:00 0 
7fd79d4bd000-7fd79d67d000 r-xp 00000000 08:02 48235702                   /lib/x86_64-linux-gnu/libc-2.23.so
7fd79d67d000-7fd79d87d000 ---p 001c0000 08:02 48235702                   /lib/x86_64-linux-gnu/libc-2.23.so
7fd79d87d000-7fd79d881000 r--p 001c0000 08:02 48235702                   /lib/x86_64-linux-gnu/libc-2.23.so
7fd79d881000-7fd79d883000 rw-p 001c4000 08:02 48235702                   /lib/x86_64-linux-gnu/libc-2.23.so
7fd79d883000-7fd79d887000 rw-p 00000000 00:00 0 
7fd79d887000-7fd79d88a000 r-xp 00000000 08:02 48235687                   /lib/x86_64-linux-gnu/libdl-2.23.so
7fd79d88a000-7fd79da89000 ---p 00003000 08:02 48235687                   /lib/x86_64-linux-gnu/libdl-2.23.so
7fd79da89000-7fd79da8a000 r--p 00002000 08:02 48235687                   /lib/x86_64-linux-gnu/libdl-2.23.so
7fd79da8a000-7fd79da8b000 rw-p 00003000 08:02 48235687                   /lib/x86_64-linux-gnu/libdl-2.23.so
7fd79da8b000-7fd79daa1000 r-xp 00000000 08:02 29632159                   /usr/lib/jvm/java-8-oracle/lib/amd64/jli/libjli.so
7fd79daa1000-7fd79dca0000 ---p 00016000 08:02 29632159                   /usr/lib/jvm/java-8-oracle/lib/amd64/jli/libjli.so
7fd79dca0000-7fd79dca1000 rw-p 00015000 08:02 29632159                   /usr/lib/jvm/java-8-oracle/lib/amd64/jli/libjli.so
7fd79dca1000-7fd79dcb9000 r-xp 00000000 08:02 48235689                   /lib/x86_64-linux-gnu/libpthread-2.23.so
7fd79dcb9000-7fd79deb8000 ---p 00018000 08:02 48235689                   /lib/x86_64-linux-gnu/libpthread-2.23.so
7fd79deb8000-7fd79deb9000 r--p 00017000 08:02 48235689                   /lib/x86_64-linux-gnu/libpthread-2.23.so
7fd79deb9000-7fd79deba000 rw-p 00018000 08:02 48235689                   /lib/x86_64-linux-gnu/libpthread-2.23.so
7fd79deba000-7fd79debe000 rw-p 00000000 00:00 0 
7fd79debe000-7fd79dee4000 r-xp 00000000 08:02 48235688                   /lib/x86_64-linux-gnu/ld-2.23.so
7fd79dee4000-7fd79dee5000 rw-s 00000000 00:19 830                        /i915 (deleted)
7fd79dee5000-7fd79deed000 rw-s 00000000 00:19 758                        /i915 (deleted)
7fd79deed000-7fd79deee000 rwxp 00000000 00:00 0 
7fd79deee000-7fd79dfc0000 rw-p 00000000 00:00 0 
7fd79dfc0000-7fd79dfc3000 ---p 00000000 00:00 0 
7fd79dfc3000-7fd79e0d9000 rw-p 00000000 00:00 0 
7fd79e0d9000-7fd79e0e1000 rw-s 00000000 08:02 3936211                    /tmp/hsperfdata_kavya/6482
7fd79e0e1000-7fd79e0e2000 rw-p 00000000 00:00 0 
7fd79e0e2000-7fd79e0e3000 r--p 00000000 00:00 0 
7fd79e0e3000-7fd79e0e4000 r--p 00025000 08:02 48235688                   /lib/x86_64-linux-gnu/ld-2.23.so
7fd79e0e4000-7fd79e0e5000 rw-p 00026000 08:02 48235688                   /lib/x86_64-linux-gnu/ld-2.23.so
7fd79e0e5000-7fd79e0e6000 rw-p 00000000 00:00 0 
7ffea1e7f000-7ffea1ea0000 rw-p 00000000 00:00 0                          [stack]
7ffea1f9f000-7ffea1fa2000 r--p 00000000 00:00 0                          [vvar]
7ffea1fa2000-7ffea1fa4000 r-xp 00000000 00:00 0                          [vdso]
ffffffffff600000-ffffffffff601000 r-xp 00000000 00:00 0                  [vsyscall]

VM Arguments:
jvm_args: -Dfile.encoding=UTF-8 
java_command: LoginFormApplication
java_class_path (initial): /home/kavya/Documents/Sem7/ProjSE/codeEnv/bin:/home/kavya/Documents/Sem7/ProjSE/json-simple-1.1.jar
Launcher Type: SUN_STANDARD

Environment Variables:
JAVA_HOME=/usr/lib/jvm/java-8-oracle
PATH=/home/kavya/anaconda3/bin:/home/kavya/bin:/home/kavya/.local/bin:/usr/local/sbin:/usr/local/bin:/usr/sbin:/usr/bin:/sbin:/bin:/usr/games:/usr/local/games:/snap/bin:/usr/lib/jvm/java-8-oracle/bin:/usr/lib/jvm/java-8-oracle/db/bin:/usr/lib/jvm/java-8-oracle/jre/bin
SHELL=/bin/bash
DISPLAY=:0

Signal Handlers:
SIGSEGV: [libjvm.so+0xad01e0], sa_mask[0]=11111111011111111101111111111110, sa_flags=SA_RESTART|SA_SIGINFO
SIGBUS: [libjvm.so+0xad01e0], sa_mask[0]=11111111011111111101111111111110, sa_flags=SA_RESTART|SA_SIGINFO
SIGFPE: [libjvm.so+0x927fb0], sa_mask[0]=11111111011111111101111111111110, sa_flags=SA_RESTART|SA_SIGINFO
SIGPIPE: SIG_IGN, sa_mask[0]=00000000000010000000000000000000, sa_flags=SA_RESTART
SIGXFSZ: [libjvm.so+0x927fb0], sa_mask[0]=11111111011111111101111111111110, sa_flags=SA_RESTART|SA_SIGINFO
SIGILL: [libjvm.so+0x927fb0], sa_mask[0]=11111111011111111101111111111110, sa_flags=SA_RESTART|SA_SIGINFO
SIGUSR1: SIG_DFL, sa_mask[0]=00000000000000000000000000000000, sa_flags=none
SIGUSR2: [libjvm.so+0x9297f0], sa_mask[0]=00100000000000000000000000000000, sa_flags=SA_RESTART|SA_SIGINFO
SIGHUP: [libjvm.so+0x92abf0], sa_mask[0]=11111111011111111101111111111110, sa_flags=SA_RESTART|SA_SIGINFO
SIGINT: [libjvm.so+0x92abf0], sa_mask[0]=11111111011111111101111111111110, sa_flags=SA_RESTART|SA_SIGINFO
SIGTERM: [libjvm.so+0x92abf0], sa_mask[0]=11111111011111111101111111111110, sa_flags=SA_RESTART|SA_SIGINFO
SIGQUIT: [libjvm.so+0x92abf0], sa_mask[0]=11111111011111111101111111111110, sa_flags=SA_RESTART|SA_SIGINFO


---------------  S Y S T E M  ---------------

OS:DISTRIB_ID=Ubuntu
DISTRIB_RELEASE=16.04
DISTRIB_CODENAME=xenial
DISTRIB_DESCRIPTION="Ubuntu 16.04.6 LTS"

uname:Linux 4.15.0-54-generic #58~16.04.1-Ubuntu SMP Mon Jun 24 13:21:41 UTC 2019 x86_64
libc:glibc 2.23 NPTL 2.23 
rlimit: STACK 8192k, CORE 0k, NPROC 14711, NOFILE 1048576, AS infinity
load average:1.14 0.91 0.87

/proc/meminfo:
MemTotal:        3894376 kB
MemFree:          229484 kB
MemAvailable:     858304 kB
Buffers:          315468 kB
Cached:           759632 kB
SwapCached:        13192 kB
Active:          2372320 kB
Inactive:         975432 kB
Active(anon):    1932900 kB
Inactive(anon):   619424 kB
Active(file):     439420 kB
Inactive(file):   356008 kB
Unevictable:         112 kB
Mlocked:             112 kB
SwapTotal:       4048892 kB
SwapFree:        3641624 kB
Dirty:               344 kB
Writeback:             0 kB
AnonPages:       2268304 kB
Mapped:           425992 kB
Shmem:            279672 kB
Slab:             182276 kB
SReclaimable:      81740 kB
SUnreclaim:       100536 kB
KernelStack:       14288 kB
PageTables:        57880 kB
NFS_Unstable:          0 kB
Bounce:                0 kB
WritebackTmp:          0 kB
CommitLimit:     5996080 kB
Committed_AS:   10116376 kB
VmallocTotal:   34359738367 kB
VmallocUsed:           0 kB
VmallocChunk:          0 kB
HardwareCorrupted:     0 kB
AnonHugePages:      2048 kB
ShmemHugePages:        0 kB
ShmemPmdMapped:        0 kB
CmaTotal:              0 kB
CmaFree:               0 kB
HugePages_Total:       0
HugePages_Free:        0
HugePages_Rsvd:        0
HugePages_Surp:        0
Hugepagesize:       2048 kB
DirectMap4k:      330524 kB
DirectMap2M:     3719168 kB
DirectMap1G:           0 kB


CPU:total 4 (initial active 4) (2 cores per cpu, 2 threads per core) family 6 model 142 stepping 9, cmov, cx8, fxsr, mmx, sse, sse2, sse3, ssse3, sse4.1, sse4.2, popcnt, avx, avx2, aes, clmul, erms, 3dnowpref, lzcnt, ht, tsc, tscinvbit, bmi1, bmi2, adx

/proc/cpuinfo:
processor	: 0
vendor_id	: GenuineIntel
cpu family	: 6
model		: 142
model name	: Intel(R) Core(TM) i3-7100U CPU @ 2.40GHz
stepping	: 9
microcode	: 0xb4
cpu MHz		: 2399.999
cache size	: 3072 KB
physical id	: 0
siblings	: 4
core id		: 0
cpu cores	: 2
apicid		: 0
initial apicid	: 0
fpu		: yes
fpu_exception	: yes
cpuid level	: 22
wp		: yes
flags		: fpu vme de pse tsc msr pae mce cx8 apic sep mtrr pge mca cmov pat pse36 clflush dts acpi mmx fxsr sse sse2 ss ht tm pbe syscall nx pdpe1gb rdtscp lm constant_tsc art arch_perfmon pebs bts rep_good nopl xtopology nonstop_tsc cpuid aperfmperf tsc_known_freq pni pclmulqdq dtes64 monitor ds_cpl vmx est tm2 ssse3 sdbg fma cx16 xtpr pdcm pcid sse4_1 sse4_2 x2apic movbe popcnt tsc_deadline_timer aes xsave avx f16c rdrand lahf_lm abm 3dnowprefetch cpuid_fault epb invpcid_single pti ssbd ibrs ibpb stibp tpr_shadow vnmi flexpriority ept vpid fsgsbase tsc_adjust bmi1 avx2 smep bmi2 erms invpcid mpx rdseed adx smap clflushopt intel_pt xsaveopt xsavec xgetbv1 xsaves dtherm arat pln pts hwp hwp_notify hwp_act_window hwp_epp md_clear flush_l1d
bugs		: cpu_meltdown spectre_v1 spectre_v2 spec_store_bypass l1tf mds
bogomips	: 4800.00
clflush size	: 64
cache_alignment	: 64
address sizes	: 39 bits physical, 48 bits virtual
power management:

processor	: 1
vendor_id	: GenuineIntel
cpu family	: 6
model		: 142
model name	: Intel(R) Core(TM) i3-7100U CPU @ 2.40GHz
stepping	: 9
microcode	: 0xb4
cpu MHz		: 2400.000
cache size	: 3072 KB
physical id	: 0
siblings	: 4
core id		: 1
cpu cores	: 2
apicid		: 2
initial apicid	: 2
fpu		: yes
fpu_exception	: yes
cpuid level	: 22
wp		: yes
flags		: fpu vme de pse tsc msr pae mce cx8 apic sep mtrr pge mca cmov pat pse36 clflush dts acpi mmx fxsr sse sse2 ss ht tm pbe syscall nx pdpe1gb rdtscp lm constant_tsc art arch_perfmon pebs bts rep_good nopl xtopology nonstop_tsc cpuid aperfmperf tsc_known_freq pni pclmulqdq dtes64 monitor ds_cpl vmx est tm2 ssse3 sdbg fma cx16 xtpr pdcm pcid sse4_1 sse4_2 x2apic movbe popcnt tsc_deadline_timer aes xsave avx f16c rdrand lahf_lm abm 3dnowprefetch cpuid_fault epb invpcid_single pti tpr_shadow vnmi flexpriority ept vpid fsgsbase tsc_adjust bmi1 avx2 smep bmi2 erms invpcid mpx rdseed adx smap clflushopt intel_pt xsaveopt xsavec xgetbv1 xsaves dtherm arat pln pts hwp hwp_notify hwp_act_window hwp_epp
bugs		: cpu_meltdown spectre_v1 spectre_v2 spec_store_bypass l1tf mds
bogomips	: 4800.00
clflush size	: 64
cache_alignment	: 64
address sizes	: 39 bits physical, 48 bits virtual
power management:

processor	: 2
vendor_id	: GenuineIntel
cpu family	: 6
model		: 142
model name	: Intel(R) Core(TM) i3-7100U CPU @ 2.40GHz
stepping	: 9
microcode	: 0xb4
cpu MHz		: 2400.001
cache size	: 3072 KB
physical id	: 0
siblings	: 4
core id		: 0
cpu cores	: 2
apicid		: 1
initial apicid	: 1
fpu		: yes
fpu_exception	: yes
cpuid level	: 22
wp		: yes
flags		: fpu vme de pse tsc msr pae mce cx8 apic sep mtrr pge mca cmov pat pse36 clflush dts acpi mmx fxsr sse sse2 ss ht tm pbe syscall nx pdpe1gb rdtscp lm constant_tsc art arch_perfmon pebs bts rep_good nopl xtopology nonstop_tsc cpuid aperfmperf tsc_known_freq pni pclmulqdq dtes64 monitor ds_cpl vmx est tm2 ssse3 sdbg fma cx16 xtpr pdcm pcid sse4_1 sse4_2 x2apic movbe popcnt tsc_deadline_timer aes xsave avx f16c rdrand lahf_lm abm 3dnowprefetch cpuid_fault epb invpcid_single pti ssbd ibrs ibpb stibp tpr_shadow vnmi flexpriority ept vpid fsgsbase tsc_adjust bmi1 avx2 smep bmi2 erms invpcid mpx rdseed adx smap clflushopt intel_pt xsaveopt xsavec xgetbv1 xsaves dtherm arat pln pts hwp hwp_notify hwp_act_window hwp_epp md_clear flush_l1d
bugs		: cpu_meltdown spectre_v1 spectre_v2 spec_store_bypass l1tf mds
bogomips	: 4800.00
clflush size	: 64
cache_alignment	: 64
address sizes	: 39 bits physical, 48 bits virtual
power management:

processor	: 3
vendor_id	: GenuineIntel
cpu family	: 6
model		: 142
model name	: Intel(R) Core(TM) i3-7100U CPU @ 2.40GHz
stepping	: 9
microcode	: 0xb4
cpu MHz		: 2400.000
cache size	: 3072 KB
physical id	: 0
siblings	: 4
core id		: 1
cpu cores	: 2
apicid		: 3
initial apicid	: 3
fpu		: yes
fpu_exception	: yes
cpuid level	: 22
wp		: yes
flags		: fpu vme de pse tsc msr pae mce cx8 apic sep mtrr pge mca cmov pat pse36 clflush dts acpi mmx fxsr sse sse2 ss ht tm pbe syscall nx pdpe1gb rdtscp lm constant_tsc art arch_perfmon pebs bts rep_good nopl xtopology nonstop_tsc cpuid aperfmperf tsc_known_freq pni pclmulqdq dtes64 monitor ds_cpl vmx est tm2 ssse3 sdbg fma cx16 xtpr pdcm pcid sse4_1 sse4_2 x2apic movbe popcnt tsc_deadline_timer aes xsave avx f16c rdrand lahf_lm abm 3dnowprefetch cpuid_fault epb invpcid_single pti ssbd ibrs ibpb stibp tpr_shadow vnmi flexpriority ept vpid fsgsbase tsc_adjust bmi1 avx2 smep bmi2 erms invpcid mpx rdseed adx smap clflushopt intel_pt xsaveopt xsavec xgetbv1 xsaves dtherm arat pln pts hwp hwp_notify hwp_act_window hwp_epp md_clear flush_l1d
bugs		: cpu_meltdown spectre_v1 spectre_v2 spec_store_bypass l1tf mds
bogomips	: 4800.00
clflush size	: 64
cache_alignment	: 64
address sizes	: 39 bits physical, 48 bits virtual
power management:



Memory: 4k page, physical 3894376k(229360k free), swap 4048892k(3641624k free)

vm_info: Java HotSpot(TM) 64-Bit Server VM (25.161-b12) for linux-amd64 JRE (1.8.0_161-b12), built on Dec 19 2017 16:12:43 by "java_re" with gcc 4.3.0 20080428 (Red Hat 4.3.0-8)

time: Sun Nov 17 14:49:13 2019
elapsed time: 9 seconds (0d 0h 0m 9s)

