#
# A fatal error has been detected by the Java Runtime Environment:
#
#  SIGSEGV (0xb) at pc=0x00007fa2c9450788, pid=17898, tid=0x00007fa2701d7700
#
# JRE version: Java(TM) SE Runtime Environment (8.0_161-b12) (build 1.8.0_161-b12)
# Java VM: Java HotSpot(TM) 64-Bit Server VM (25.161-b12 mixed mode linux-amd64 compressed oops)
# Problematic frame:
# V  [libjvm.so+0x6d7788]  jni_invoke_nonstatic(JNIEnv_*, JavaValue*, _jobject*, JNICallType, _jmethodID*, JNI_ArgumentPusher*, Thread*)+0x38
#
# Failed to write core dump. Core dumps have been disabled. To enable core dumping, try "ulimit -c unlimited" before starting Java again
#
# If you would like to submit a bug report, please visit:
#   http://bugreport.java.com/bugreport/crash.jsp
#

---------------  T H R E A D  ---------------

Current thread (0x00007fa2c42d1000):  JavaThread "JavaFX Application Thread" [_thread_in_vm, id=17923, stack(0x00007fa2700d7000,0x00007fa2701d8000)]

siginfo: si_signo: 11 (SIGSEGV), si_code: 128 (SI_KERNEL), si_addr: 0x0000000000000000

Registers:
RAX=0x00007fa2701d6240, RBX=0x00007fa2701d6150, RCX=0x0000000000000001, RDX=0x5f474e49444e4942
RSP=0x00007fa2701d5fa0, RBP=0x00007fa2701d6120, RSI=0x00007fa2701d61b0, RDI=0x00007fa2c42d11f8
R8 =0x00007fa2c4218f88, R9 =0x00007fa2701d6150, R10=0x00007fa258000ae0, R11=0x00007fa2b4d490e0
R12=0x00007fa2c42d1000, R13=0x00007fa2c4218f88, R14=0x0000000000000001, R15=0x00007fa2c42d11f8
RIP=0x00007fa2c9450788, EFLAGS=0x0000000000010206, CSGSFS=0x002b000000000033, ERR=0x0000000000000000
  TRAPNO=0x000000000000000d

Top of Stack: (sp=0x00007fa2701d5fa0)
0x00007fa2701d5fa0:   00007fa2701d66a0 00007fa2701d62c0
0x00007fa2701d5fb0:   00007fa2701d6000 00007fa2701d6080
0x00007fa2701d5fc0:   00007fa2701d6150 00007fa2701d61b0
0x00007fa2701d5fd0:   00007fa2c42d11f8 00007fa2c9470290
0x00007fa2701d5fe0:   00007fa288011a60 00007fa288011a70
0x00007fa2701d5ff0:   00007fa288011e48 00000000000003d8
0x00007fa2701d6000:   0000000000000000 00000000ec5e0fa0
0x00007fa2701d6010:   00007fa20000006f 00007fa20000000a
0x00007fa2701d6020:   00000000ecf366e0 0000000000000000
0x00007fa2701d6030:   0000000000000000 0000000000000000
0x00007fa2701d6040:   00007fa2b1c32c30 0000000100000100
0x00007fa2701d6050:   0000000000000000 00007fa2701d6008
0x00007fa2701d6060:   00007fa2701d6049 0000000800000005
0x00007fa2701d6070:   0000000000000000 00007fa2c4297cf0
0x00007fa2701d6080:   00007fa2c9ce3e70 00007fa2ca7fc720
0x00007fa2701d6090:   00000000c4296950 00007fa2c42d1000
0x00007fa2701d60a0:   0000000000000000 00007fa2c9450b5b
0x00007fa2701d60b0:   00007fa2b1c3cd78 00007fa2c42d1000
0x00007fa2701d60c0:   00007fa2b1c3cd78 00007fa2c42d1000
0x00007fa2701d60d0:   00007fa2701d6260 00007fa2b1c3cd78
0x00007fa2701d60e0:   00007fa2b1c3cd78 00007fa2b1c3cd78
0x00007fa2701d60f0:   00007fa288011a60 00007fa2701d6150
0x00007fa2701d6100:   00007fa2c42d1000 00007fa2701d6190
0x00007fa2701d6110:   00007fa2c4218f88 00007fa2c42d11f8
0x00007fa2701d6120:   00007fa2701d6210 00007fa2c9454f2f
0x00007fa2701d6130:   00007fa2c42d1000 00007fa2aad14094
0x00007fa2701d6140:   00007fa2701d6228 5f474e49444e4942
0x00007fa2701d6150:   00007fa2c9ce4af0 00007fa2ca7fc720
0x00007fa2701d6160:   00000000701d61d0 b019350400000063
0x00007fa2701d6170:   0000000000000000 0000003000000018
0x00007fa2701d6180:   00007fa2701d6300 00007fa2701d6240
0x00007fa2701d6190:   00007fa2c42d1000 0000000000000000 

Instructions: (pc=0x00007fa2c9450788)
0x00007fa2c9450768:   00 00 48 85 d2 48 89 bd b0 fe ff ff 48 89 b5 a8
0x00007fa2c9450778:   fe ff ff 4c 89 8d a0 fe ff ff 0f 84 78 09 00 00
0x00007fa2c9450788:   4c 8b 22 4d 85 e4 0f 84 6c 09 00 00 48 8b 45 10
0x00007fa2c9450798:   48 8b 98 38 01 00 00 48 83 7b 18 f7 0f 87 16 07 

Register to memory mapping:

RAX=0x00007fa2701d6240 is pointing into the stack for thread: 0x00007fa2c42d1000
RBX=0x00007fa2701d6150 is pointing into the stack for thread: 0x00007fa2c42d1000
RCX=0x0000000000000001 is an unknown value
RDX=0x5f474e49444e4942 is an unknown value
RSP=0x00007fa2701d5fa0 is pointing into the stack for thread: 0x00007fa2c42d1000
RBP=0x00007fa2701d6120 is pointing into the stack for thread: 0x00007fa2c42d1000
RSI=0x00007fa2701d61b0 is pointing into the stack for thread: 0x00007fa2c42d1000
RDI=0x00007fa2c42d11f8 is an unknown value
R8 =0x00007fa2c4218f88 is an unknown value
R9 =0x00007fa2701d6150 is pointing into the stack for thread: 0x00007fa2c42d1000
R10=0x00007fa258000ae0 is an unknown value
R11=0x00007fa2b4d490e0 is at entry_point+32 in (nmethod*)0x00007fa2b4d48f50
R12=0x00007fa2c42d1000 is a thread
R13=0x00007fa2c4218f88 is an unknown value
R14=0x0000000000000001 is an unknown value
R15=0x00007fa2c42d11f8 is an unknown value


Stack: [0x00007fa2700d7000,0x00007fa2701d8000],  sp=0x00007fa2701d5fa0,  free space=1019k
Native frames: (J=compiled Java code, j=interpreted, Vv=VM code, C=native code)
V  [libjvm.so+0x6d7788]  jni_invoke_nonstatic(JNIEnv_*, JavaValue*, _jobject*, JNICallType, _jmethodID*, JNI_ArgumentPusher*, Thread*)+0x38
V  [libjvm.so+0x6dbf2f]  jni_CallVoidMethodV+0x10f
C  [libglass.so+0x18641]  JNIEnv_::CallVoidMethod(_jobject*, _jmethodID*, ...)+0x81
C  [libglass.so+0x14f0f]  WindowContextBase::process_key(_GdkEventKey*)+0x20f
C  [libglass.so+0x19f60]  WindowContextBase::im_filter_keypress(_GdkEventKey*)+0x1c0
C  [libglass.so+0x1a91c]  process_events(_GdkEvent*, void*)+0x22c
C  [libgdk-x11-2.0.so.0+0x5ac8c]

Java frames: (J=compiled Java code, j=interpreted, Vv=VM code)
j  com.sun.glass.ui.gtk.GtkApplication._runLoop(Ljava/lang/Runnable;Z)V+0
j  com.sun.glass.ui.gtk.GtkApplication.lambda$null$48(Ljava/lang/Runnable;Z)V+7
j  com.sun.glass.ui.gtk.GtkApplication$$Lambda$41.run()V+12
j  java.lang.Thread.run()V+11
v  ~StubRoutines::call_stub

---------------  P R O C E S S  ---------------

Java Threads: ( => current thread )
  0x00007fa2581f5000 JavaThread "Prism Font Disposer" daemon [_thread_blocked, id=17925, stack(0x00007fa26857a000,0x00007fa26867b000)]
  0x00007fa2c42d4800 JavaThread "JavaFX-Launcher" [_thread_blocked, id=17924, stack(0x00007fa269033000,0x00007fa269134000)]
=>0x00007fa2c42d1000 JavaThread "JavaFX Application Thread" [_thread_in_vm, id=17923, stack(0x00007fa2700d7000,0x00007fa2701d8000)]
  0x00007fa2c4294000 JavaThread "Thread-1" daemon [_thread_blocked, id=17922, stack(0x00007fa2a008e000,0x00007fa2a018f000)]
  0x00007fa2c4209800 JavaThread "QuantumRenderer-0" daemon [_thread_blocked, id=17918, stack(0x00007fa2ab78d000,0x00007fa2ab88e000)]
  0x00007fa2c40eb000 JavaThread "Service Thread" daemon [_thread_blocked, id=17916, stack(0x00007fa2aba25000,0x00007fa2abb26000)]
  0x00007fa2c40bd800 JavaThread "C1 CompilerThread2" daemon [_thread_blocked, id=17915, stack(0x00007fa2abb26000,0x00007fa2abc27000)]
  0x00007fa2c40bc000 JavaThread "C2 CompilerThread1" daemon [_thread_in_native, id=17914, stack(0x00007fa2abc27000,0x00007fa2abd28000)]
  0x00007fa2c40b9000 JavaThread "C2 CompilerThread0" daemon [_thread_blocked, id=17913, stack(0x00007fa2b0043000,0x00007fa2b0144000)]
  0x00007fa2c40b7800 JavaThread "Signal Dispatcher" daemon [_thread_blocked, id=17912, stack(0x00007fa2b0144000,0x00007fa2b0245000)]
  0x00007fa2c4084800 JavaThread "Finalizer" daemon [_thread_blocked, id=17911, stack(0x00007fa2b0245000,0x00007fa2b0346000)]
  0x00007fa2c4080000 JavaThread "Reference Handler" daemon [_thread_blocked, id=17910, stack(0x00007fa2b0346000,0x00007fa2b0447000)]
  0x00007fa2c400a800 JavaThread "main" [_thread_blocked, id=17904, stack(0x00007fa2ca879000,0x00007fa2ca97a000)]

Other Threads:
  0x00007fa2c4078800 VMThread [stack: 0x00007fa2b0447000,0x00007fa2b0548000] [id=17909]
  0x00007fa2c40ef800 WatcherThread [stack: 0x00007fa2ab924000,0x00007fa2aba25000] [id=17917]

VM state:not at safepoint (normal execution)

VM Mutex/Monitor currently owned by a thread: None

Heap:
 PSYoungGen      total 17920K, used 8154K [0x00000000ec300000, 0x00000000ed700000, 0x0000000100000000)
  eden space 15360K, 36% used [0x00000000ec300000,0x00000000ec87e8d0,0x00000000ed200000)
  from space 2560K, 98% used [0x00000000ed480000,0x00000000ed6f8040,0x00000000ed700000)
  to   space 2560K, 0% used [0x00000000ed200000,0x00000000ed200000,0x00000000ed480000)
 ParOldGen       total 40960K, used 3459K [0x00000000c4800000, 0x00000000c7000000, 0x00000000ec300000)
  object space 40960K, 8% used [0x00000000c4800000,0x00000000c4b60d48,0x00000000c7000000)
 Metaspace       used 17441K, capacity 18414K, committed 18688K, reserved 1064960K
  class space    used 2544K, capacity 2780K, committed 2816K, reserved 1048576K

Card table byte_map: [0x00007fa2b4429000,0x00007fa2b4606000] byte_map_base: 0x00007fa2b3e05000

Marking Bits: (ParMarkBitMap*) 0x00007fa2c9d48920
 Begin Bits: [0x00007fa2b2127000, 0x00007fa2b3007000)
 End Bits:   [0x00007fa2b3007000, 0x00007fa2b3ee7000)

Polling page: 0x00007fa2ca99b000

CodeCache: size=245760Kb used=4975Kb max_used=4984Kb free=240784Kb
 bounds [0x00007fa2b49c6000, 0x00007fa2b4eb6000, 0x00007fa2c39c6000]
 total_blobs=2257 nmethods=1618 adapters=552
 compilation: enabled

Compilation events (10 events):
Event: 4.766 Thread 0x00007fa2c40b9000 nmethod 1594 0x00007fa2b4ea3b90 code [0x00007fa2b4ea3d40, 0x00007fa2b4ea42e8]
Event: 4.766 Thread 0x00007fa2c40bd800 1609       1       com.sun.javafx.text.TextRun::getLength (5 bytes)
Event: 4.766 Thread 0x00007fa2c40b9000 1583       4       javafx.css.CssMetaData::hashCode (28 bytes)
Event: 4.767 Thread 0x00007fa2c40bd800 nmethod 1609 0x00007fa2b4ea1f90 code [0x00007fa2b4ea20e0, 0x00007fa2b4ea21f0]
Event: 4.767 Thread 0x00007fa2c40bd800 1617       1       javafx.geometry.Pos::getHpos (5 bytes)
Event: 4.767 Thread 0x00007fa2c40bd800 nmethod 1617 0x00007fa2b4ea2f90 code [0x00007fa2b4ea30e0, 0x00007fa2b4ea31f0]
Event: 4.767 Thread 0x00007fa2c40bd800 1595       1       com.sun.javafx.css.StyleMap::getId (5 bytes)
Event: 4.767 Thread 0x00007fa2c40bd800 nmethod 1595 0x00007fa2b4ea2cd0 code [0x00007fa2b4ea2e20, 0x00007fa2b4ea2f30]
Event: 4.770 Thread 0x00007fa2c40b9000 nmethod 1583 0x00007fa2b4ea28d0 code [0x00007fa2b4ea2a20, 0x00007fa2b4ea2bb8]
Event: 4.770 Thread 0x00007fa2c40bd800 1619       3       com.sun.javafx.event.EventHandlerManager::dispatchBubblingEvent (34 bytes)

GC Heap History (4 events):
Event: 0.543 GC heap before
{Heap before GC invocations=1 (full 0):
 PSYoungGen      total 17920K, used 15360K [0x00000000ec300000, 0x00000000ed700000, 0x0000000100000000)
  eden space 15360K, 100% used [0x00000000ec300000,0x00000000ed200000,0x00000000ed200000)
  from space 2560K, 0% used [0x00000000ed480000,0x00000000ed480000,0x00000000ed700000)
  to   space 2560K, 0% used [0x00000000ed200000,0x00000000ed200000,0x00000000ed480000)
 ParOldGen       total 40960K, used 0K [0x00000000c4800000, 0x00000000c7000000, 0x00000000ec300000)
  object space 40960K, 0% used [0x00000000c4800000,0x00000000c4800000,0x00000000c7000000)
 Metaspace       used 9111K, capacity 9468K, committed 9600K, reserved 1056768K
  class space    used 1218K, capacity 1351K, committed 1408K, reserved 1048576K
Event: 0.546 GC heap after
Heap after GC invocations=1 (full 0):
 PSYoungGen      total 17920K, used 2528K [0x00000000ec300000, 0x00000000ed700000, 0x0000000100000000)
  eden space 15360K, 0% used [0x00000000ec300000,0x00000000ec300000,0x00000000ed200000)
  from space 2560K, 98% used [0x00000000ed200000,0x00000000ed478040,0x00000000ed480000)
  to   space 2560K, 0% used [0x00000000ed480000,0x00000000ed480000,0x00000000ed700000)
 ParOldGen       total 40960K, used 272K [0x00000000c4800000, 0x00000000c7000000, 0x00000000ec300000)
  object space 40960K, 0% used [0x00000000c4800000,0x00000000c4844000,0x00000000c7000000)
 Metaspace       used 9111K, capacity 9468K, committed 9600K, reserved 1056768K
  class space    used 1218K, capacity 1351K, committed 1408K, reserved 1048576K
}
Event: 4.439 GC heap before
{Heap before GC invocations=2 (full 0):
 PSYoungGen      total 17920K, used 17888K [0x00000000ec300000, 0x00000000ed700000, 0x0000000100000000)
  eden space 15360K, 100% used [0x00000000ec300000,0x00000000ed200000,0x00000000ed200000)
  from space 2560K, 98% used [0x00000000ed200000,0x00000000ed478040,0x00000000ed480000)
  to   space 2560K, 0% used [0x00000000ed480000,0x00000000ed480000,0x00000000ed700000)
 ParOldGen       total 40960K, used 272K [0x00000000c4800000, 0x00000000c7000000, 0x00000000ec300000)
  object space 40960K, 0% used [0x00000000c4800000,0x00000000c4844000,0x00000000c7000000)
 Metaspace       used 16250K, capacity 16888K, committed 17152K, reserved 1064960K
  class space    used 2344K, capacity 2507K, committed 2560K, reserved 1048576K
Event: 4.446 GC heap after
Heap after GC invocations=2 (full 0):
 PSYoungGen      total 17920K, used 2528K [0x00000000ec300000, 0x00000000ed700000, 0x0000000100000000)
  eden space 15360K, 0% used [0x00000000ec300000,0x00000000ec300000,0x00000000ed200000)
  from space 2560K, 98% used [0x00000000ed480000,0x00000000ed6f8040,0x00000000ed700000)
  to   space 2560K, 0% used [0x00000000ed200000,0x00000000ed200000,0x00000000ed480000)
 ParOldGen       total 40960K, used 3459K [0x00000000c4800000, 0x00000000c7000000, 0x00000000ec300000)
  object space 40960K, 8% used [0x00000000c4800000,0x00000000c4b60d48,0x00000000c7000000)
 Metaspace       used 16250K, capacity 16888K, committed 17152K, reserved 1064960K
  class space    used 2344K, capacity 2507K, committed 2560K, reserved 1048576K
}

Deoptimization events (10 events):
Event: 0.777 Thread 0x00007fa2c42d1000 Uncommon trap: reason=unstable_if action=reinterpret pc=0x00007fa2b4cd532c method=sun.misc.MetaIndex.mayContain(Ljava/lang/String;)Z @ 38
Event: 1.000 Thread 0x00007fa2c42d1000 Uncommon trap: reason=unstable_if action=reinterpret pc=0x00007fa2b4cc2ae4 method=jdk.internal.org.objectweb.asm.Type.getArgumentsAndReturnSizes(Ljava/lang/String;)I @ 47
Event: 2.475 Thread 0x00007fa2c4209800 Uncommon trap: reason=unstable_if action=reinterpret pc=0x00007fa2b4d27094 method=java.lang.StrictMath.floorOrCeil(DDDD)D @ 115
Event: 3.007 Thread 0x00007fa2c42d1000 Uncommon trap: reason=unstable_if action=reinterpret pc=0x00007fa2b4bfe860 method=java.lang.CharacterData.of(I)Ljava/lang/CharacterData; @ 4
Event: 4.389 Thread 0x00007fa2c42d1000 Uncommon trap: reason=unstable_if action=reinterpret pc=0x00007fa2b4c9e560 method=sun.misc.MetaIndex.mayContain(Ljava/lang/String;)Z @ 38
Event: 4.419 Thread 0x00007fa2c42d1000 Uncommon trap: reason=unstable_if action=reinterpret pc=0x00007fa2b4ba404c method=java.lang.String.startsWith(Ljava/lang/String;I)Z @ 25
Event: 4.747 Thread 0x00007fa2c42d1000 Uncommon trap: reason=array_check action=maybe_recompile pc=0x00007fa2b4e88f30 method=com.sun.javafx.css.SimpleSelector.applies(Ljavafx/css/Styleable;[Ljava/util/Set;I)Z @ 37
Event: 4.747 Thread 0x00007fa2c42d1000 Uncommon trap: reason=array_check action=maybe_recompile pc=0x00007fa2b4e88f30 method=com.sun.javafx.css.SimpleSelector.applies(Ljavafx/css/Styleable;[Ljava/util/Set;I)Z @ 37
Event: 4.747 Thread 0x00007fa2c42d1000 Uncommon trap: reason=array_check action=maybe_recompile pc=0x00007fa2b4e88f30 method=com.sun.javafx.css.SimpleSelector.applies(Ljavafx/css/Styleable;[Ljava/util/Set;I)Z @ 37
Event: 4.747 Thread 0x00007fa2c42d1000 Uncommon trap: reason=array_check action=maybe_recompile pc=0x00007fa2b4e88f30 method=com.sun.javafx.css.SimpleSelector.applies(Ljavafx/css/Styleable;[Ljava/util/Set;I)Z @ 37

Classes redefined (0 events):
No events

Internal exceptions (10 events):
Event: 0.138 Thread 0x00007fa2c400a800 Exception <a 'java/security/PrivilegedActionException'> (0x00000000ec54bf40) thrown at [/HUDSON/workspace/8-2-build-linux-amd64/jdk8u161/10277/hotspot/src/share/vm/prims/jvm.cpp, line 1390]
Event: 0.138 Thread 0x00007fa2c400a800 Exception <a 'java/security/PrivilegedActionException'> (0x00000000ec54e3a8) thrown at [/HUDSON/workspace/8-2-build-linux-amd64/jdk8u161/10277/hotspot/src/share/vm/prims/jvm.cpp, line 1390]
Event: 0.138 Thread 0x00007fa2c400a800 Exception <a 'java/security/PrivilegedActionException'> (0x00000000ec54e5b8) thrown at [/HUDSON/workspace/8-2-build-linux-amd64/jdk8u161/10277/hotspot/src/share/vm/prims/jvm.cpp, line 1390]
Event: 0.138 Thread 0x00007fa2c400a800 Exception <a 'java/lang/NullPointerException'> (0x00000000ec54eb90) thrown at [/HUDSON/workspace/8-2-build-linux-amd64/jdk8u161/10277/hotspot/src/share/vm/interpreter/linkResolver.cpp, line 1185]
Event: 0.374 Thread 0x00007fa2c42d1000 Exception <a 'java/lang/NullPointerException'> (0x00000000eccfba90) thrown at [/HUDSON/workspace/8-2-build-linux-amd64/jdk8u161/10277/hotspot/src/share/vm/interpreter/linkResolver.cpp, line 1185]
Event: 0.374 Thread 0x00007fa2c42d1000 Exception <a 'java/lang/NullPointerException'> (0x00000000eccfba90) thrown at [/HUDSON/workspace/8-2-build-linux-amd64/jdk8u161/10277/hotspot/src/share/vm/prims/jvm.cpp, line 1394]
Event: 0.569 Thread 0x00007fa2c42d1000 Implicit null exception at 0x00007fa2b4c340b5 to 0x00007fa2b4c34299
Event: 4.397 Thread 0x00007fa2c42d1000 Exception <a 'java/lang/ArrayIndexOutOfBoundsException': 58> (0x00000000ed175a90) thrown at [/HUDSON/workspace/8-2-build-linux-amd64/jdk8u161/10277/hotspot/src/share/vm/interpreter/interpreterRuntime.cpp, line 366]
Event: 4.399 Thread 0x00007fa2c42d1000 Exception <a 'java/lang/ArrayIndexOutOfBoundsException': 18> (0x00000000ed176b00) thrown at [/HUDSON/workspace/8-2-build-linux-amd64/jdk8u161/10277/hotspot/src/share/vm/interpreter/interpreterRuntime.cpp, line 366]
Event: 4.399 Thread 0x00007fa2c42d1000 Exception <a 'java/lang/ArrayIndexOutOfBoundsException': 86> (0x00000000ed178090) thrown at [/HUDSON/workspace/8-2-build-linux-amd64/jdk8u161/10277/hotspot/src/share/vm/interpreter/interpreterRuntime.cpp, line 366]

Events (10 events):
Event: 4.747 Thread 0x00007fa2c42d1000 DEOPT UNPACKING pc=0x00007fa2b4a0b73a sp=0x00007fa2701d2070 mode 2
Event: 4.747 Thread 0x00007fa2c42d1000 Uncommon trap: trap_request=0xffffffd6 fr.pc=0x00007fa2b4e88f30
Event: 4.747 Thread 0x00007fa2c42d1000 DEOPT PACKING pc=0x00007fa2b4e88f30 sp=0x00007fa2701d1fa0
Event: 4.747 Thread 0x00007fa2c42d1000 DEOPT UNPACKING pc=0x00007fa2b4a0b73a sp=0x00007fa2701d1f50 mode 2
Event: 4.747 Thread 0x00007fa2c42d1000 Uncommon trap: trap_request=0xffffffd6 fr.pc=0x00007fa2b4e88f30
Event: 4.747 Thread 0x00007fa2c42d1000 DEOPT PACKING pc=0x00007fa2b4e88f30 sp=0x00007fa2701d2500
Event: 4.747 Thread 0x00007fa2c42d1000 DEOPT UNPACKING pc=0x00007fa2b4a0b73a sp=0x00007fa2701d24b0 mode 2
Event: 4.747 Thread 0x00007fa2c42d1000 Uncommon trap: trap_request=0xffffffd6 fr.pc=0x00007fa2b4e88f30
Event: 4.747 Thread 0x00007fa2c42d1000 DEOPT PACKING pc=0x00007fa2b4e88f30 sp=0x00007fa2701d2600
Event: 4.747 Thread 0x00007fa2c42d1000 DEOPT UNPACKING pc=0x00007fa2b4a0b73a sp=0x00007fa2701d25d0 mode 2


Dynamic libraries:
00400000-00401000 r-xp 00000000 08:02 29231693                           /usr/lib/jvm/java-8-oracle/bin/java
00600000-00601000 rw-p 00000000 08:02 29231693                           /usr/lib/jvm/java-8-oracle/bin/java
01794000-017b5000 rw-p 00000000 00:00 0                                  [heap]
c4800000-c7000000 rw-p 00000000 00:00 0 
c7000000-ec300000 ---p 00000000 00:00 0 
ec300000-ed700000 rw-p 00000000 00:00 0 
ed700000-100000000 ---p 00000000 00:00 0 
100000000-1002c0000 rw-p 00000000 00:00 0 
1002c0000-140000000 ---p 00000000 00:00 0 
7fa24878d000-7fa248828000 r--p 00000000 08:02 30283703                   /usr/share/fonts/truetype/dejavu/DejaVuSans-Oblique.ttf
7fa248828000-7fa2489a8000 rw-p 00000000 00:00 0 
7fa2489a8000-7fa248a28000 ---p 00000000 00:00 0 
7fa248a28000-7fa24ba29000 rw-p 00000000 00:00 0 
7fa24ba29000-7fa24ba3f000 r-xp 00000000 08:02 29886885                   /usr/lib/jvm/java-8-oracle/jre/lib/amd64/libnet.so
7fa24ba3f000-7fa24bc3f000 ---p 00016000 08:02 29886885                   /usr/lib/jvm/java-8-oracle/jre/lib/amd64/libnet.so
7fa24bc3f000-7fa24bc40000 rw-p 00016000 08:02 29886885                   /usr/lib/jvm/java-8-oracle/jre/lib/amd64/libnet.so
7fa24bc40000-7fa24be40000 rw-p 00000000 00:00 0 
7fa24be40000-7fa24c000000 rw-s 100426000 00:06 327                       /dev/dri/card0
7fa24c000000-7fa24c021000 rw-p 00000000 00:00 0 
7fa24c021000-7fa250000000 ---p 00000000 00:00 0 
7fa250000000-7fa250021000 rw-p 00000000 00:00 0 
7fa250021000-7fa254000000 ---p 00000000 00:00 0 
7fa254000000-7fa254021000 rw-p 00000000 00:00 0 
7fa254021000-7fa258000000 ---p 00000000 00:00 0 
7fa258000000-7fa258603000 rw-p 00000000 00:00 0 
7fa258603000-7fa25c000000 ---p 00000000 00:00 0 
7fa25c000000-7fa25c021000 rw-p 00000000 00:00 0 
7fa25c021000-7fa260000000 ---p 00000000 00:00 0 
7fa260000000-7fa260022000 rw-p 00000000 00:00 0 
7fa260022000-7fa264000000 ---p 00000000 00:00 0 
7fa264000000-7fa264021000 rw-p 00000000 00:00 0 
7fa264021000-7fa268000000 ---p 00000000 00:00 0 
7fa268050000-7fa268058000 rw-s 00000000 00:19 1062                       /i915 (deleted)
7fa268058000-7fa268059000 rw-s 00000000 00:19 882                        /i915 (deleted)
7fa268059000-7fa268069000 rw-s 00000000 00:19 1055                       /i915 (deleted)
7fa268069000-7fa2680c9000 rw-s 00000000 00:19 1052                       /i915 (deleted)
7fa2680c9000-7fa2680d7000 rw-s 00000000 00:19 1050                       /i915 (deleted)
7fa2680d7000-7fa2680d9000 rw-s 00000000 00:19 1054                       /i915 (deleted)
7fa2680d9000-7fa268299000 rw-s 00000000 00:19 1042                       /i915 (deleted)
7fa268299000-7fa2682a9000 rw-s 00000000 00:19 1046                       /i915 (deleted)
7fa2682a9000-7fa2682b1000 rw-s 00000000 00:19 1045                       /i915 (deleted)
7fa2682b1000-7fa2682c1000 rw-s 00000000 00:19 1044                       /i915 (deleted)
7fa2682c1000-7fa2684c1000 rw-p 00000000 00:00 0 
7fa2684c1000-7fa26857a000 r--p 00000000 08:02 30279325                   /usr/share/fonts/truetype/dejavu/DejaVuSans.ttf
7fa26857a000-7fa26857d000 ---p 00000000 00:00 0 
7fa26857d000-7fa26867b000 rw-p 00000000 00:00 0 
7fa26867b000-7fa268727000 r--p 00000000 08:02 30279324                   /usr/share/fonts/truetype/dejavu/DejaVuSans-Bold.ttf
7fa268727000-7fa268927000 rw-p 00000000 00:00 0 
7fa268927000-7fa26897c000 r--p 00000000 08:02 29756164                   /usr/lib/jvm/java-8-oracle/jre/lib/fonts/LucidaBrightRegular.ttf
7fa26897c000-7fa268a27000 r--p 00000000 08:02 29756163                   /usr/lib/jvm/java-8-oracle/jre/lib/fonts/LucidaSansRegular.ttf
7fa268a27000-7fa268a2b000 r-xp 00000000 08:02 29884754                   /usr/lib/jvm/java-8-oracle/jre/lib/amd64/libjavafx_font_pango.so
7fa268a2b000-7fa268c2a000 ---p 00004000 08:02 29884754                   /usr/lib/jvm/java-8-oracle/jre/lib/amd64/libjavafx_font_pango.so
7fa268c2a000-7fa268c2b000 rw-p 00003000 08:02 29884754                   /usr/lib/jvm/java-8-oracle/jre/lib/amd64/libjavafx_font_pango.so
7fa268c2b000-7fa268c30000 r-xp 00000000 08:02 29884882                   /usr/lib/jvm/java-8-oracle/jre/lib/amd64/libjavafx_font_freetype.so
7fa268c30000-7fa268e2f000 ---p 00005000 08:02 29884882                   /usr/lib/jvm/java-8-oracle/jre/lib/amd64/libjavafx_font_freetype.so
7fa268e2f000-7fa268e30000 rw-p 00004000 08:02 29884882                   /usr/lib/jvm/java-8-oracle/jre/lib/amd64/libjavafx_font_freetype.so
7fa268e30000-7fa268e33000 r-xp 00000000 08:02 29886886                   /usr/lib/jvm/java-8-oracle/jre/lib/amd64/libjavafx_font.so
7fa268e33000-7fa269032000 ---p 00003000 08:02 29886886                   /usr/lib/jvm/java-8-oracle/jre/lib/amd64/libjavafx_font.so
7fa269032000-7fa269033000 rw-p 00002000 08:02 29886886                   /usr/lib/jvm/java-8-oracle/jre/lib/amd64/libjavafx_font.so
7fa269033000-7fa269036000 ---p 00000000 00:00 0 
7fa269036000-7fa269134000 rw-p 00000000 00:00 0 
7fa269134000-7fa269135000 ---p 00000000 00:00 0 
7fa269135000-7fa269935000 rw-p 00000000 00:00 0 
7fa269935000-7fa269936000 ---p 00000000 00:00 0 
7fa269936000-7fa26a136000 rw-p 00000000 00:00 0 
7fa26a136000-7fa26a137000 ---p 00000000 00:00 0 
7fa26a137000-7fa26a937000 rw-p 00000000 00:00 0 
7fa26a937000-7fa26a942000 r-xp 00000000 08:02 29491916                   /usr/lib/x86_64-linux-gnu/gio/modules/libdconfsettings.so
7fa26a942000-7fa26ab42000 ---p 0000b000 08:02 29491916                   /usr/lib/x86_64-linux-gnu/gio/modules/libdconfsettings.so
7fa26ab42000-7fa26ab43000 r--p 0000b000 08:02 29491916                   /usr/lib/x86_64-linux-gnu/gio/modules/libdconfsettings.so
7fa26ab43000-7fa26ab44000 rw-p 0000c000 08:02 29491916                   /usr/lib/x86_64-linux-gnu/gio/modules/libdconfsettings.so
7fa26ab44000-7fa26ab4b000 r-xp 00000000 08:02 29106811                   /usr/lib/x86_64-linux-gnu/libogg.so.0.8.2
7fa26ab4b000-7fa26ad4b000 ---p 00007000 08:02 29106811                   /usr/lib/x86_64-linux-gnu/libogg.so.0.8.2
7fa26ad4b000-7fa26ad4c000 r--p 00007000 08:02 29106811                   /usr/lib/x86_64-linux-gnu/libogg.so.0.8.2
7fa26ad4c000-7fa26ad4d000 rw-p 00008000 08:02 29106811                   /usr/lib/x86_64-linux-gnu/libogg.so.0.8.2
7fa26ad4d000-7fa26ad77000 r-xp 00000000 08:02 29101804                   /usr/lib/x86_64-linux-gnu/libvorbis.so.0.4.8
7fa26ad77000-7fa26af76000 ---p 0002a000 08:02 29101804                   /usr/lib/x86_64-linux-gnu/libvorbis.so.0.4.8
7fa26af76000-7fa26af77000 r--p 00029000 08:02 29101804                   /usr/lib/x86_64-linux-gnu/libvorbis.so.0.4.8
7fa26af77000-7fa26af78000 rw-p 0002a000 08:02 29101804                   /usr/lib/x86_64-linux-gnu/libvorbis.so.0.4.8
7fa26af78000-7fa26af81000 r-xp 00000000 08:02 29106672                   /usr/lib/x86_64-linux-gnu/libltdl.so.7.3.1
7fa26af81000-7fa26b180000 ---p 00009000 08:02 29106672                   /usr/lib/x86_64-linux-gnu/libltdl.so.7.3.1
7fa26b180000-7fa26b181000 r--p 00008000 08:02 29106672                   /usr/lib/x86_64-linux-gnu/libltdl.so.7.3.1
7fa26b181000-7fa26b182000 rw-p 00009000 08:02 29106672                   /usr/lib/x86_64-linux-gnu/libltdl.so.7.3.1
7fa26b182000-7fa26b196000 r-xp 00000000 08:02 29107060                   /usr/lib/x86_64-linux-gnu/libtdb.so.1.3.8
7fa26b196000-7fa26b395000 ---p 00014000 08:02 29107060                   /usr/lib/x86_64-linux-gnu/libtdb.so.1.3.8
7fa26b395000-7fa26b396000 r--p 00013000 08:02 29107060                   /usr/lib/x86_64-linux-gnu/libtdb.so.1.3.8
7fa26b396000-7fa26b397000 rw-p 00014000 08:02 29107060                   /usr/lib/x86_64-linux-gnu/libtdb.so.1.3.8
7fa26b397000-7fa26b39e000 r-xp 00000000 08:02 29101797                   /usr/lib/x86_64-linux-gnu/libvorbisfile.so.3.3.7
7fa26b39e000-7fa26b59e000 ---p 00007000 08:02 29101797                   /usr/lib/x86_64-linux-gnu/libvorbisfile.so.3.3.7
7fa26b59e000-7fa26b59f000 r--p 00007000 08:02 29101797                   /usr/lib/x86_64-linux-gnu/libvorbisfile.so.3.3.7
7fa26b59f000-7fa26b5a0000 rw-p 00008000 08:02 29101797                   /usr/lib/x86_64-linux-gnu/libvorbisfile.so.3.3.7
7fa26b5a0000-7fa26b5b0000 r-xp 00000000 08:02 29106053                   /usr/lib/x86_64-linux-gnu/libcanberra.so.0.2.5
7fa26b5b0000-7fa26b7af000 ---p 00010000 08:02 29106053                   /usr/lib/x86_64-linux-gnu/libcanberra.so.0.2.5
7fa26b7af000-7fa26b7b0000 r--p 0000f000 08:02 29106053                   /usr/lib/x86_64-linux-gnu/libcanberra.so.0.2.5
7fa26b7b0000-7fa26b7b1000 rw-p 00010000 08:02 29106053                   /usr/lib/x86_64-linux-gnu/libcanberra.so.0.2.5
7fa26b7b1000-7fa26b7b5000 r-xp 00000000 08:02 29106049                   /usr/lib/x86_64-linux-gnu/libcanberra-gtk.so.0.1.9
7fa26b7b5000-7fa26b9b4000 ---p 00004000 08:02 29106049                   /usr/lib/x86_64-linux-gnu/libcanberra-gtk.so.0.1.9
7fa26b9b4000-7fa26b9b5000 r--p 00003000 08:02 29106049                   /usr/lib/x86_64-linux-gnu/libcanberra-gtk.so.0.1.9
7fa26b9b5000-7fa26b9b6000 rw-p 00004000 08:02 29106049                   /usr/lib/x86_64-linux-gnu/libcanberra-gtk.so.0.1.9
7fa26b9b6000-7fa26b9bb000 r-xp 00000000 08:02 29491949                   /usr/lib/x86_64-linux-gnu/gtk-2.0/modules/libcanberra-gtk-module.so
7fa26b9bb000-7fa26bbba000 ---p 00005000 08:02 29491949                   /usr/lib/x86_64-linux-gnu/gtk-2.0/modules/libcanberra-gtk-module.so
7fa26bbba000-7fa26bbbb000 r--p 00004000 08:02 29491949                   /usr/lib/x86_64-linux-gnu/gtk-2.0/modules/libcanberra-gtk-module.so
7fa26bbbb000-7fa26bbbc000 rw-p 00005000 08:02 29491949                   /usr/lib/x86_64-linux-gnu/gtk-2.0/modules/libcanberra-gtk-module.so
7fa26bbbc000-7fa26bbec000 r-xp 00000000 08:02 29491931                   /usr/lib/x86_64-linux-gnu/gtk-2.0/2.10.0/engines/libmurrine.so
7fa26bbec000-7fa26bdec000 ---p 00030000 08:02 29491931                   /usr/lib/x86_64-linux-gnu/gtk-2.0/2.10.0/engines/libmurrine.so
7fa26bdec000-7fa26bded000 r--p 00030000 08:02 29491931                   /usr/lib/x86_64-linux-gnu/gtk-2.0/2.10.0/engines/libmurrine.so
7fa26bded000-7fa26bdee000 rw-p 00031000 08:02 29491931                   /usr/lib/x86_64-linux-gnu/gtk-2.0/2.10.0/engines/libmurrine.so
7fa26bdee000-7fa26bdfe000 r-xp 00000000 08:02 29107118                   /usr/lib/x86_64-linux-gnu/libunity-gtk2-parser.so.0.0.0
7fa26bdfe000-7fa26bffe000 ---p 00010000 08:02 29107118                   /usr/lib/x86_64-linux-gnu/libunity-gtk2-parser.so.0.0.0
7fa26bffe000-7fa26bfff000 r--p 00010000 08:02 29107118                   /usr/lib/x86_64-linux-gnu/libunity-gtk2-parser.so.0.0.0
7fa26bfff000-7fa26c000000 rw-p 00011000 08:02 29107118                   /usr/lib/x86_64-linux-gnu/libunity-gtk2-parser.so.0.0.0
7fa26c000000-7fa26df48000 rw-p 00000000 00:00 0 
7fa26df48000-7fa270000000 ---p 00000000 00:00 0 
7fa270000000-7fa270013000 r--s 00345000 08:02 29757617                   /usr/lib/jvm/java-8-oracle/jre/lib/resources.jar
7fa270013000-7fa27004d000 r--p 00000000 08:02 29756169                   /usr/lib/jvm/java-8-oracle/jre/lib/fonts/LucidaTypewriterBold.ttf
7fa27004d000-7fa27009b000 r--p 00000000 08:02 29756165                   /usr/lib/jvm/java-8-oracle/jre/lib/fonts/LucidaSansDemiBold.ttf
7fa27009b000-7fa2700d7000 r--p 00000000 08:02 29756168                   /usr/lib/jvm/java-8-oracle/jre/lib/fonts/LucidaTypewriterRegular.ttf
7fa2700d7000-7fa2700da000 ---p 00000000 00:00 0 
7fa2700da000-7fa2701d8000 rw-p 00000000 00:00 0 
7fa2701d8000-7fa2701dd000 r-xp 00000000 08:02 29491953                   /usr/lib/x86_64-linux-gnu/gtk-2.0/modules/libunity-gtk-module.so
7fa2701dd000-7fa2703dc000 ---p 00005000 08:02 29491953                   /usr/lib/x86_64-linux-gnu/gtk-2.0/modules/libunity-gtk-module.so
7fa2703dc000-7fa2703dd000 r--p 00004000 08:02 29491953                   /usr/lib/x86_64-linux-gnu/gtk-2.0/modules/libunity-gtk-module.so
7fa2703dd000-7fa2703de000 rw-p 00005000 08:02 29491953                   /usr/lib/x86_64-linux-gnu/gtk-2.0/modules/libunity-gtk-module.so
7fa2703de000-7fa2703f0000 r-xp 00000000 08:02 48239070                   /lib/x86_64-linux-gnu/libgpg-error.so.0.17.0
7fa2703f0000-7fa2705f0000 ---p 00012000 08:02 48239070                   /lib/x86_64-linux-gnu/libgpg-error.so.0.17.0
7fa2705f0000-7fa2705f1000 r--p 00012000 08:02 48239070                   /lib/x86_64-linux-gnu/libgpg-error.so.0.17.0
7fa2705f1000-7fa2705f2000 rw-p 00013000 08:02 48239070                   /lib/x86_64-linux-gnu/libgpg-error.so.0.17.0
7fa2705f2000-7fa2706c9000 r-xp 00000000 08:02 48234964                   /lib/x86_64-linux-gnu/libgcrypt.so.20.0.5
7fa2706c9000-7fa2708c9000 ---p 000d7000 08:02 48234964                   /lib/x86_64-linux-gnu/libgcrypt.so.20.0.5
7fa2708c9000-7fa2708ca000 r--p 000d7000 08:02 48234964                   /lib/x86_64-linux-gnu/libgcrypt.so.20.0.5
7fa2708ca000-7fa2708d2000 rw-p 000d8000 08:02 48234964                   /lib/x86_64-linux-gnu/libgcrypt.so.20.0.5
7fa2708d2000-7fa2708d3000 rw-p 00000000 00:00 0 
7fa2708d3000-7fa2708f4000 r-xp 00000000 08:02 48239093                   /lib/x86_64-linux-gnu/liblzma.so.5.0.0
7fa2708f4000-7fa270af3000 ---p 00021000 08:02 48239093                   /lib/x86_64-linux-gnu/liblzma.so.5.0.0
7fa270af3000-7fa270af4000 r--p 00020000 08:02 48239093                   /lib/x86_64-linux-gnu/liblzma.so.5.0.0
7fa270af4000-7fa270af5000 rw-p 00021000 08:02 48239093                   /lib/x86_64-linux-gnu/liblzma.so.5.0.0
7fa270af5000-7fa270b3f000 r-xp 00000000 08:02 48234698                   /lib/x86_64-linux-gnu/libdbus-1.so.3.14.6
7fa270b3f000-7fa270d3f000 ---p 0004a000 08:02 48234698                   /lib/x86_64-linux-gnu/libdbus-1.so.3.14.6
7fa270d3f000-7fa270d40000 r--p 0004a000 08:02 48234698                   /lib/x86_64-linux-gnu/libdbus-1.so.3.14.6
7fa270d40000-7fa270d41000 rw-p 0004b000 08:02 48234698                   /lib/x86_64-linux-gnu/libdbus-1.so.3.14.6
7fa270d41000-7fa270d6d000 r-xp 00000000 08:02 29105992                   /usr/lib/x86_64-linux-gnu/libatspi.so.0.0.1
7fa270d6d000-7fa270f6c000 ---p 0002c000 08:02 29105992                   /usr/lib/x86_64-linux-gnu/libatspi.so.0.0.1
7fa270f6c000-7fa270f6f000 r--p 0002b000 08:02 29105992                   /usr/lib/x86_64-linux-gnu/libatspi.so.0.0.1
7fa270f6f000-7fa270f70000 rw-p 0002e000 08:02 29105992                   /usr/lib/x86_64-linux-gnu/libatspi.so.0.0.1
7fa270f70000-7fa270f9d000 r-xp 00000000 08:02 29105986                   /usr/lib/x86_64-linux-gnu/libatk-bridge-2.0.so.0.0.0
7fa270f9d000-7fa27119c000 ---p 0002d000 08:02 29105986                   /usr/lib/x86_64-linux-gnu/libatk-bridge-2.0.so.0.0.0
7fa27119c000-7fa27119d000 r--p 0002c000 08:02 29105986                   /usr/lib/x86_64-linux-gnu/libatk-bridge-2.0.so.0.0.0
7fa27119d000-7fa27119f000 rw-p 0002d000 08:02 29105986                   /usr/lib/x86_64-linux-gnu/libatk-bridge-2.0.so.0.0.0
7fa27119f000-7fa2711a0000 r-xp 00000000 08:02 29491948                   /usr/lib/x86_64-linux-gnu/gtk-2.0/modules/libatk-bridge.so
7fa2711a0000-7fa27139f000 ---p 00001000 08:02 29491948                   /usr/lib/x86_64-linux-gnu/gtk-2.0/modules/libatk-bridge.so
7fa27139f000-7fa2713a0000 r--p 00000000 08:02 29491948                   /usr/lib/x86_64-linux-gnu/gtk-2.0/modules/libatk-bridge.so
7fa2713a0000-7fa2713a1000 rw-p 00001000 08:02 29491948                   /usr/lib/x86_64-linux-gnu/gtk-2.0/modules/libatk-bridge.so
7fa2713a1000-7fa2713a8000 r-xp 00000000 08:02 29098522                   /usr/lib/x86_64-linux-gnu/libgailutil.so.18.0.1
7fa2713a8000-7fa2715a7000 ---p 00007000 08:02 29098522                   /usr/lib/x86_64-linux-gnu/libgailutil.so.18.0.1
7fa2715a7000-7fa2715a8000 r--p 00006000 08:02 29098522                   /usr/lib/x86_64-linux-gnu/libgailutil.so.18.0.1
7fa2715a8000-7fa2715a9000 rw-p 00007000 08:02 29098522                   /usr/lib/x86_64-linux-gnu/libgailutil.so.18.0.1
7fa2715a9000-7fa2715f7000 r-xp 00000000 08:02 29493128                   /usr/lib/x86_64-linux-gnu/gtk-2.0/modules/libgail.so
7fa2715f7000-7fa2717f6000 ---p 0004e000 08:02 29493128                   /usr/lib/x86_64-linux-gnu/gtk-2.0/modules/libgail.so
7fa2717f6000-7fa2717f7000 r--p 0004d000 08:02 29493128                   /usr/lib/x86_64-linux-gnu/gtk-2.0/modules/libgail.so
7fa2717f7000-7fa2717f9000 rw-p 0004e000 08:02 29493128                   /usr/lib/x86_64-linux-gnu/gtk-2.0/modules/libgail.so
7fa2717f9000-7fa27180a000 r-xp 00000000 08:02 29491952                   /usr/lib/x86_64-linux-gnu/gtk-2.0/modules/liboverlay-scrollbar.so
7fa27180a000-7fa271a0a000 ---p 00011000 08:02 29491952                   /usr/lib/x86_64-linux-gnu/gtk-2.0/modules/liboverlay-scrollbar.so
7fa271a0a000-7fa271a0b000 r--p 00011000 08:02 29491952                   /usr/lib/x86_64-linux-gnu/gtk-2.0/modules/liboverlay-scrollbar.so
7fa271a0b000-7fa271a0c000 rw-p 00012000 08:02 29491952                   /usr/lib/x86_64-linux-gnu/gtk-2.0/modules/liboverlay-scrollbar.so
7fa271a0c000-7fa271a35000 r-xp 00000000 08:02 29886496                   /usr/lib/jvm/java-8-oracle/jre/lib/amd64/libglass.so
7fa271a35000-7fa271c34000 ---p 00029000 08:02 29886496                   /usr/lib/jvm/java-8-oracle/jre/lib/amd64/libglass.so
7fa271c34000-7fa271c37000 rw-p 00028000 08:02 29886496                   /usr/lib/jvm/java-8-oracle/jre/lib/amd64/libglass.so
7fa271c37000-7fa271c6e000 r-xp 00000000 08:02 29107097                   /usr/lib/x86_64-linux-gnu/libtxc_dxtn_s2tc.so.0.0.0
7fa271c6e000-7fa271e6d000 ---p 00037000 08:02 29107097                   /usr/lib/x86_64-linux-gnu/libtxc_dxtn_s2tc.so.0.0.0
7fa271e6d000-7fa271e6e000 r--p 00036000 08:02 29107097                   /usr/lib/x86_64-linux-gnu/libtxc_dxtn_s2tc.so.0.0.0
7fa271e6e000-7fa271e6f000 rw-p 00037000 08:02 29107097                   /usr/lib/x86_64-linux-gnu/libtxc_dxtn_s2tc.so.0.0.0
7fa271e6f000-7fa271e77000 r-xp 00000000 08:02 29106853                   /usr/lib/x86_64-linux-gnu/libpciaccess.so.0.11.1
7fa271e77000-7fa272077000 ---p 00008000 08:02 29106853                   /usr/lib/x86_64-linux-gnu/libpciaccess.so.0.11.1
7fa272077000-7fa272078000 r--p 00008000 08:02 29106853                   /usr/lib/x86_64-linux-gnu/libpciaccess.so.0.11.1
7fa272078000-7fa272079000 rw-p 00009000 08:02 29106853                   /usr/lib/x86_64-linux-gnu/libpciaccess.so.0.11.1
7fa272079000-7fa272084000 r-xp 00000000 08:02 29100851                   /usr/lib/x86_64-linux-gnu/libdrm_radeon.so.1.0.1
7fa272084000-7fa272283000 ---p 0000b000 08:02 29100851                   /usr/lib/x86_64-linux-gnu/libdrm_radeon.so.1.0.1
7fa272283000-7fa272284000 r--p 0000a000 08:02 29100851                   /usr/lib/x86_64-linux-gnu/libdrm_radeon.so.1.0.1
7fa272284000-7fa272285000 rw-p 0000b000 08:02 29100851                   /usr/lib/x86_64-linux-gnu/libdrm_radeon.so.1.0.1
7fa272285000-7fa27228c000 r-xp 00000000 08:02 29100849                   /usr/lib/x86_64-linux-gnu/libdrm_nouveau.so.2.0.0
7fa27228c000-7fa27248b000 ---p 00007000 08:02 29100849                   /usr/lib/x86_64-linux-gnu/libdrm_nouveau.so.2.0.0
7fa27248b000-7fa27248c000 r--p 00006000 08:02 29100849                   /usr/lib/x86_64-linux-gnu/libdrm_nouveau.so.2.0.0
7fa27248c000-7fa27248d000 rw-p 00007000 08:02 29100849                   /usr/lib/x86_64-linux-gnu/libdrm_nouveau.so.2.0.0
7fa27248d000-7fa2724af000 r-xp 00000000 08:02 29100847                   /usr/lib/x86_64-linux-gnu/libdrm_intel.so.1.0.0
7fa2724af000-7fa2726af000 ---p 00022000 08:02 29100847                   /usr/lib/x86_64-linux-gnu/libdrm_intel.so.1.0.0
7fa2726af000-7fa2726b0000 r--p 00022000 08:02 29100847                   /usr/lib/x86_64-linux-gnu/libdrm_intel.so.1.0.0
7fa2726b0000-7fa2726b1000 rw-p 00023000 08:02 29100847                   /usr/lib/x86_64-linux-gnu/libdrm_intel.so.1.0.0
7fa2726b1000-7fa272ed8000 r-xp 00000000 08:02 29362050                   /usr/lib/x86_64-linux-gnu/dri/i965_dri.so
7fa272ed8000-7fa2730d8000 ---p 00827000 08:02 29362050                   /usr/lib/x86_64-linux-gnu/dri/i965_dri.so
7fa2730d8000-7fa273128000 r--p 00827000 08:02 29362050                   /usr/lib/x86_64-linux-gnu/dri/i965_dri.so
7fa273128000-7fa273131000 rw-p 00877000 08:02 29362050                   /usr/lib/x86_64-linux-gnu/dri/i965_dri.so
7fa273131000-7fa273198000 rw-p 00000000 00:00 0 
7fa273198000-7fa27319e000 r-xp 00000000 08:02 29106139                   /usr/lib/x86_64-linux-gnu/libdatrie.so.1.3.3
7fa27319e000-7fa27339e000 ---p 00006000 08:02 29106139                   /usr/lib/x86_64-linux-gnu/libdatrie.so.1.3.3
7fa27339e000-7fa27339f000 r--p 00006000 08:02 29106139                   /usr/lib/x86_64-linux-gnu/libdatrie.so.1.3.3
7fa27339f000-7fa2733a0000 rw-p 00007000 08:02 29106139                   /usr/lib/x86_64-linux-gnu/libdatrie.so.1.3.3
7fa2733a0000-7fa2733a5000 r-xp 00000000 08:02 29105889                   /usr/lib/x86_64-linux-gnu/libXdmcp.so.6.0.0
7fa2733a5000-7fa2735a4000 ---p 00005000 08:02 29105889                   /usr/lib/x86_64-linux-gnu/libXdmcp.so.6.0.0
7fa2735a4000-7fa2735a5000 r--p 00004000 08:02 29105889                   /usr/lib/x86_64-linux-gnu/libXdmcp.so.6.0.0
7fa2735a5000-7fa2735a6000 rw-p 00005000 08:02 29105889                   /usr/lib/x86_64-linux-gnu/libXdmcp.so.6.0.0
7fa2735a6000-7fa2735a8000 r-xp 00000000 08:02 29105878                   /usr/lib/x86_64-linux-gnu/libXau.so.6.0.0
7fa2735a8000-7fa2737a8000 ---p 00002000 08:02 29105878                   /usr/lib/x86_64-linux-gnu/libXau.so.6.0.0
7fa2737a8000-7fa2737a9000 r--p 00002000 08:02 29105878                   /usr/lib/x86_64-linux-gnu/libXau.so.6.0.0
7fa2737a9000-7fa2737aa000 rw-p 00003000 08:02 29105878                   /usr/lib/x86_64-linux-gnu/libXau.so.6.0.0
7fa2737aa000-7fa2737ce000 r-xp 00000000 08:02 29103616                   /usr/lib/x86_64-linux-gnu/libgraphite2.so.3.0.1
7fa2737ce000-7fa2739cd000 ---p 00024000 08:02 29103616                   /usr/lib/x86_64-linux-gnu/libgraphite2.so.3.0.1
7fa2739cd000-7fa2739cf000 r--p 00023000 08:02 29103616                   /usr/lib/x86_64-linux-gnu/libgraphite2.so.3.0.1
7fa2739cf000-7fa2739d0000 rw-p 00025000 08:02 29103616                   /usr/lib/x86_64-linux-gnu/libgraphite2.so.3.0.1
7fa2739d0000-7fa2739e0000 r-xp 00000000 08:02 29106795                   /usr/lib/x86_64-linux-gnu/libdrm.so.2.4.0
7fa2739e0000-7fa273be0000 ---p 00010000 08:02 29106795                   /usr/lib/x86_64-linux-gnu/libdrm.so.2.4.0
7fa273be0000-7fa273be1000 r--p 00010000 08:02 29106795                   /usr/lib/x86_64-linux-gnu/libdrm.so.2.4.0
7fa273be1000-7fa273be2000 rw-p 00011000 08:02 29106795                   /usr/lib/x86_64-linux-gnu/libdrm.so.2.4.0
7fa273be2000-7fa273be6000 r-xp 00000000 08:02 29107264                   /usr/lib/x86_64-linux-gnu/libxcb-dri2.so.0.0.0
7fa273be6000-7fa273de5000 ---p 00004000 08:02 29107264                   /usr/lib/x86_64-linux-gnu/libxcb-dri2.so.0.0.0
7fa273de5000-7fa273de6000 r--p 00003000 08:02 29107264                   /usr/lib/x86_64-linux-gnu/libxcb-dri2.so.0.0.0
7fa273de6000-7fa273de7000 rw-p 00004000 08:02 29107264                   /usr/lib/x86_64-linux-gnu/libxcb-dri2.so.0.0.0
7fa273de7000-7fa273dfe000 r-xp 00000000 08:02 29107268                   /usr/lib/x86_64-linux-gnu/libxcb-glx.so.0.0.0
7fa273dfe000-7fa273ffd000 ---p 00017000 08:02 29107268                   /usr/lib/x86_64-linux-gnu/libxcb-glx.so.0.0.0
7fa273ffd000-7fa273fff000 r--p 00016000 08:02 29107268                   /usr/lib/x86_64-linux-gnu/libxcb-glx.so.0.0.0
7fa273fff000-7fa274000000 rw-p 00018000 08:02 29107268                   /usr/lib/x86_64-linux-gnu/libxcb-glx.so.0.0.0
7fa274000000-7fa274021000 rw-p 00000000 00:00 0 
7fa274021000-7fa278000000 ---p 00000000 00:00 0 
7fa278000000-7fa278021000 rw-p 00000000 00:00 0 
7fa278021000-7fa27c000000 ---p 00000000 00:00 0 
7fa27c000000-7fa27c259000 rw-p 00000000 00:00 0 
7fa27c259000-7fa280000000 ---p 00000000 00:00 0 
7fa280000000-7fa28024a000 rw-p 00000000 00:00 0 
7fa28024a000-7fa284000000 ---p 00000000 00:00 0 
7fa284000000-7fa284021000 rw-p 00000000 00:00 0 
7fa284021000-7fa288000000 ---p 00000000 00:00 0 
7fa288000000-7fa2882cf000 rw-p 00000000 00:00 0 
7fa2882cf000-7fa28c000000 ---p 00000000 00:00 0 
7fa28c000000-7fa28c021000 rw-p 00000000 00:00 0 
7fa28c021000-7fa290000000 ---p 00000000 00:00 0 
7fa290000000-7fa290021000 rw-p 00000000 00:00 0 
7fa290021000-7fa294000000 ---p 00000000 00:00 0 
7fa294000000-7fa294021000 rw-p 00000000 00:00 0 
7fa294021000-7fa298000000 ---p 00000000 00:00 0 
7fa298000000-7fa298021000 rw-p 00000000 00:00 0 
7fa298021000-7fa29c000000 ---p 00000000 00:00 0 
7fa29c000000-7fa29c021000 rw-p 00000000 00:00 0 
7fa29c021000-7fa2a0000000 ---p 00000000 00:00 0 
7fa2a0000000-7fa2a000c000 rw-s 00000000 00:19 929                        /i915 (deleted)
7fa2a000d000-7fa2a0012000 r--s 00084000 08:02 29756150                   /usr/lib/jvm/java-8-oracle/jre/lib/jfr.jar
7fa2a0012000-7fa2a0026000 r--p 00000000 08:02 29756162                   /usr/lib/jvm/java-8-oracle/jre/lib/fonts/LucidaBrightItalic.ttf
7fa2a0026000-7fa2a0039000 r--p 00000000 08:02 29756167                   /usr/lib/jvm/java-8-oracle/jre/lib/fonts/LucidaBrightDemiItalic.ttf
7fa2a0039000-7fa2a004c000 r--p 00000000 08:02 29756170                   /usr/lib/jvm/java-8-oracle/jre/lib/fonts/LucidaBrightDemiBold.ttf
7fa2a004c000-7fa2a0057000 r--s 00000000 08:02 14942302                   /var/cache/fontconfig/945677eb7aeaf62f1d50efc3fb3ec7d8-le64.cache-6
7fa2a0057000-7fa2a005d000 r--s 00000000 08:02 14942284                   /var/cache/fontconfig/2cd17615ca594fa2959ae173292e504c-le64.cache-6
7fa2a005d000-7fa2a005e000 r--s 00000000 08:02 14942281                   /var/cache/fontconfig/0d8c3b2ac0904cb8a57a757ad11a4a08-le64.cache-6
7fa2a005e000-7fa2a0073000 r--s 00000000 08:02 14942278                   /var/cache/fontconfig/04aabc0a78ac019cf9454389977116d2-le64.cache-6
7fa2a0073000-7fa2a0077000 r--s 00000000 08:02 14942288                   /var/cache/fontconfig/385c0604a188198f04d133e54aba7fe7-le64.cache-6
7fa2a0077000-7fa2a007a000 r--s 00000000 08:02 14942298                   /var/cache/fontconfig/767a8244fc0220cfb567a839d0392e0b-le64.cache-6
7fa2a007a000-7fa2a007f000 r--s 00000000 08:02 14942301                   /var/cache/fontconfig/8801497958630a81b71ace7c5f9b32a8-le64.cache-6
7fa2a007f000-7fa2a0086000 r--s 00000000 08:02 14942285                   /var/cache/fontconfig/3047814df9a2f067bd2d96a2b9c36e5a-le64.cache-6
7fa2a0086000-7fa2a008e000 r--s 00000000 08:02 14945872                   /var/cache/fontconfig/bf3b770c553c462765856025a94f1ce6-le64.cache-6
7fa2a008e000-7fa2a0091000 ---p 00000000 00:00 0 
7fa2a0091000-7fa2a018f000 rw-p 00000000 00:00 0 
7fa2a018f000-7fa2a0190000 r-xp 00000000 08:02 29105873                   /usr/lib/x86_64-linux-gnu/libX11-xcb.so.1.0.0
7fa2a0190000-7fa2a038f000 ---p 00001000 08:02 29105873                   /usr/lib/x86_64-linux-gnu/libX11-xcb.so.1.0.0
7fa2a038f000-7fa2a0390000 r--p 00000000 08:02 29105873                   /usr/lib/x86_64-linux-gnu/libX11-xcb.so.1.0.0
7fa2a0390000-7fa2a0391000 rw-p 00001000 08:02 29105873                   /usr/lib/x86_64-linux-gnu/libX11-xcb.so.1.0.0
7fa2a0391000-7fa2a03bd000 r-xp 00000000 08:02 29112262                   /usr/lib/x86_64-linux-gnu/libglapi.so.0.0.0
7fa2a03bd000-7fa2a05bc000 ---p 0002c000 08:02 29112262                   /usr/lib/x86_64-linux-gnu/libglapi.so.0.0.0
7fa2a05bc000-7fa2a05c0000 r--p 0002b000 08:02 29112262                   /usr/lib/x86_64-linux-gnu/libglapi.so.0.0.0
7fa2a05c0000-7fa2a05c1000 rw-p 0002f000 08:02 29112262                   /usr/lib/x86_64-linux-gnu/libglapi.so.0.0.0
7fa2a05c1000-7fa2a05c2000 rw-p 00000000 00:00 0 
7fa2a05c2000-7fa2a05c3000 r-xp 00000000 08:02 29107308                   /usr/lib/x86_64-linux-gnu/libxshmfence.so.1.0.0
7fa2a05c3000-7fa2a07c3000 ---p 00001000 08:02 29107308                   /usr/lib/x86_64-linux-gnu/libxshmfence.so.1.0.0
7fa2a07c3000-7fa2a07c4000 r--p 00001000 08:02 29107308                   /usr/lib/x86_64-linux-gnu/libxshmfence.so.1.0.0
7fa2a07c4000-7fa2a07c5000 rw-p 00002000 08:02 29107308                   /usr/lib/x86_64-linux-gnu/libxshmfence.so.1.0.0
7fa2a07c5000-7fa2a07ca000 r-xp 00000000 08:02 29107288                   /usr/lib/x86_64-linux-gnu/libxcb-sync.so.1.0.0
7fa2a07ca000-7fa2a09ca000 ---p 00005000 08:02 29107288                   /usr/lib/x86_64-linux-gnu/libxcb-sync.so.1.0.0
7fa2a09ca000-7fa2a09cb000 r--p 00005000 08:02 29107288                   /usr/lib/x86_64-linux-gnu/libxcb-sync.so.1.0.0
7fa2a09cb000-7fa2a09cc000 rw-p 00006000 08:02 29107288                   /usr/lib/x86_64-linux-gnu/libxcb-sync.so.1.0.0
7fa2a09cc000-7fa2a09ce000 r-xp 00000000 08:02 29107276                   /usr/lib/x86_64-linux-gnu/libxcb-present.so.0.0.0
7fa2a09ce000-7fa2a0bcd000 ---p 00002000 08:02 29107276                   /usr/lib/x86_64-linux-gnu/libxcb-present.so.0.0.0
7fa2a0bcd000-7fa2a0bce000 r--p 00001000 08:02 29107276                   /usr/lib/x86_64-linux-gnu/libxcb-present.so.0.0.0
7fa2a0bce000-7fa2a0bcf000 rw-p 00002000 08:02 29107276                   /usr/lib/x86_64-linux-gnu/libxcb-present.so.0.0.0
7fa2a0bcf000-7fa2a0bd1000 r-xp 00000000 08:02 29107266                   /usr/lib/x86_64-linux-gnu/libxcb-dri3.so.0.0.0
7fa2a0bd1000-7fa2a0dd0000 ---p 00002000 08:02 29107266                   /usr/lib/x86_64-linux-gnu/libxcb-dri3.so.0.0.0
7fa2a0dd0000-7fa2a0dd1000 r--p 00001000 08:02 29107266                   /usr/lib/x86_64-linux-gnu/libxcb-dri3.so.0.0.0
7fa2a0dd1000-7fa2a0dd2000 rw-p 00002000 08:02 29107266                   /usr/lib/x86_64-linux-gnu/libxcb-dri3.so.0.0.0
7fa2a0dd2000-7fa2a0e40000 r-xp 00000000 08:02 48239155                   /lib/x86_64-linux-gnu/libpcre.so.3.13.2
7fa2a0e40000-7fa2a1040000 ---p 0006e000 08:02 48239155                   /lib/x86_64-linux-gnu/libpcre.so.3.13.2
7fa2a1040000-7fa2a1041000 r--p 0006e000 08:02 48239155                   /lib/x86_64-linux-gnu/libpcre.so.3.13.2
7fa2a1041000-7fa2a1042000 rw-p 0006f000 08:02 48239155                   /lib/x86_64-linux-gnu/libpcre.so.3.13.2
7fa2a1042000-7fa2a1049000 r-xp 00000000 08:02 29106268                   /usr/lib/x86_64-linux-gnu/libffi.so.6.0.4
7fa2a1049000-7fa2a1248000 ---p 00007000 08:02 29106268                   /usr/lib/x86_64-linux-gnu/libffi.so.6.0.4
7fa2a1248000-7fa2a1249000 r--p 00006000 08:02 29106268                   /usr/lib/x86_64-linux-gnu/libffi.so.6.0.4
7fa2a1249000-7fa2a124a000 rw-p 00007000 08:02 29106268                   /usr/lib/x86_64-linux-gnu/libffi.so.6.0.4
7fa2a124a000-7fa2a1270000 r-xp 00000000 08:02 48234855                   /lib/x86_64-linux-gnu/libexpat.so.1.6.0
7fa2a1270000-7fa2a1470000 ---p 00026000 08:02 48234855                   /lib/x86_64-linux-gnu/libexpat.so.1.6.0
7fa2a1470000-7fa2a1472000 r--p 00026000 08:02 48234855                   /lib/x86_64-linux-gnu/libexpat.so.1.6.0
7fa2a1472000-7fa2a1473000 rw-p 00028000 08:02 48234855                   /lib/x86_64-linux-gnu/libexpat.so.1.6.0
7fa2a1473000-7fa2a147b000 r-xp 00000000 08:02 29107068                   /usr/lib/x86_64-linux-gnu/libthai.so.0.2.4
7fa2a147b000-7fa2a167a000 ---p 00008000 08:02 29107068                   /usr/lib/x86_64-linux-gnu/libthai.so.0.2.4
7fa2a167a000-7fa2a167b000 r--p 00007000 08:02 29107068                   /usr/lib/x86_64-linux-gnu/libthai.so.0.2.4
7fa2a167b000-7fa2a167c000 rw-p 00008000 08:02 29107068                   /usr/lib/x86_64-linux-gnu/libthai.so.0.2.4
7fa2a167c000-7fa2a169d000 r-xp 00000000 08:02 29107296                   /usr/lib/x86_64-linux-gnu/libxcb.so.1.1.0
7fa2a169d000-7fa2a189c000 ---p 00021000 08:02 29107296                   /usr/lib/x86_64-linux-gnu/libxcb.so.1.1.0
7fa2a189c000-7fa2a189d000 r--p 00020000 08:02 29107296                   /usr/lib/x86_64-linux-gnu/libxcb.so.1.1.0
7fa2a189d000-7fa2a189e000 rw-p 00021000 08:02 29107296                   /usr/lib/x86_64-linux-gnu/libxcb.so.1.1.0
7fa2a189e000-7fa2a18a6000 r-xp 00000000 08:02 29107282                   /usr/lib/x86_64-linux-gnu/libxcb-render.so.0.0.0
7fa2a18a6000-7fa2a1aa6000 ---p 00008000 08:02 29107282                   /usr/lib/x86_64-linux-gnu/libxcb-render.so.0.0.0
7fa2a1aa6000-7fa2a1aa7000 r--p 00008000 08:02 29107282                   /usr/lib/x86_64-linux-gnu/libxcb-render.so.0.0.0
7fa2a1aa7000-7fa2a1aa8000 rw-p 00009000 08:02 29107282                   /usr/lib/x86_64-linux-gnu/libxcb-render.so.0.0.0
7fa2a1aa8000-7fa2a1aaa000 r-xp 00000000 08:02 29107286                   /usr/lib/x86_64-linux-gnu/libxcb-shm.so.0.0.0
7fa2a1aaa000-7fa2a1caa000 ---p 00002000 08:02 29107286                   /usr/lib/x86_64-linux-gnu/libxcb-shm.so.0.0.0
7fa2a1caa000-7fa2a1cab000 r--p 00002000 08:02 29107286                   /usr/lib/x86_64-linux-gnu/libxcb-shm.so.0.0.0
7fa2a1cab000-7fa2a1cac000 rw-p 00003000 08:02 29107286                   /usr/lib/x86_64-linux-gnu/libxcb-shm.so.0.0.0
7fa2a1cac000-7fa2a1cd0000 r-xp 00000000 08:02 48235426                   /lib/x86_64-linux-gnu/libpng12.so.0.54.0
7fa2a1cd0000-7fa2a1ecf000 ---p 00024000 08:02 48235426                   /lib/x86_64-linux-gnu/libpng12.so.0.54.0
7fa2a1ecf000-7fa2a1ed0000 r--p 00023000 08:02 48235426                   /lib/x86_64-linux-gnu/libpng12.so.0.54.0
7fa2a1ed0000-7fa2a1ed1000 rw-p 00024000 08:02 48235426                   /lib/x86_64-linux-gnu/libpng12.so.0.54.0
7fa2a1ed1000-7fa2a1f70000 r-xp 00000000 08:02 29106867                   /usr/lib/x86_64-linux-gnu/libpixman-1.so.0.33.6
7fa2a1f70000-7fa2a2170000 ---p 0009f000 08:02 29106867                   /usr/lib/x86_64-linux-gnu/libpixman-1.so.0.33.6
7fa2a2170000-7fa2a2178000 r--p 0009f000 08:02 29106867                   /usr/lib/x86_64-linux-gnu/libpixman-1.so.0.33.6
7fa2a2178000-7fa2a2179000 rw-p 000a7000 08:02 29106867                   /usr/lib/x86_64-linux-gnu/libpixman-1.so.0.33.6
7fa2a2179000-7fa2a21d5000 r-xp 00000000 08:02 29106531                   /usr/lib/x86_64-linux-gnu/libharfbuzz.so.0.10000.1
7fa2a21d5000-7fa2a23d5000 ---p 0005c000 08:02 29106531                   /usr/lib/x86_64-linux-gnu/libharfbuzz.so.0.10000.1
7fa2a23d5000-7fa2a23d6000 r--p 0005c000 08:02 29106531                   /usr/lib/x86_64-linux-gnu/libharfbuzz.so.0.10000.1
7fa2a23d6000-7fa2a23d7000 rw-p 0005d000 08:02 29106531                   /usr/lib/x86_64-linux-gnu/libharfbuzz.so.0.10000.1
7fa2a23d7000-7fa2a23ee000 r-xp 00000000 08:02 48235695                   /lib/x86_64-linux-gnu/libresolv-2.23.so
7fa2a23ee000-7fa2a25ee000 ---p 00017000 08:02 48235695                   /lib/x86_64-linux-gnu/libresolv-2.23.so
7fa2a25ee000-7fa2a25ef000 r--p 00017000 08:02 48235695                   /lib/x86_64-linux-gnu/libresolv-2.23.so
7fa2a25ef000-7fa2a25f0000 rw-p 00018000 08:02 48235695                   /lib/x86_64-linux-gnu/libresolv-2.23.so
7fa2a25f0000-7fa2a25f2000 rw-p 00000000 00:00 0 
7fa2a25f2000-7fa2a2611000 r-xp 00000000 08:02 48239184                   /lib/x86_64-linux-gnu/libselinux.so.1
7fa2a2611000-7fa2a2810000 ---p 0001f000 08:02 48239184                   /lib/x86_64-linux-gnu/libselinux.so.1
7fa2a2810000-7fa2a2811000 r--p 0001e000 08:02 48239184                   /lib/x86_64-linux-gnu/libselinux.so.1
7fa2a2811000-7fa2a2812000 rw-p 0001f000 08:02 48239184                   /lib/x86_64-linux-gnu/libselinux.so.1
7fa2a2812000-7fa2a2814000 rw-p 00000000 00:00 0 
7fa2a2814000-7fa2a282d000 r-xp 00000000 08:02 48239217                   /lib/x86_64-linux-gnu/libz.so.1.2.8
7fa2a282d000-7fa2a2a2c000 ---p 00019000 08:02 48239217                   /lib/x86_64-linux-gnu/libz.so.1.2.8
7fa2a2a2c000-7fa2a2a2d000 r--p 00018000 08:02 48239217                   /lib/x86_64-linux-gnu/libz.so.1.2.8
7fa2a2a2d000-7fa2a2a2e000 rw-p 00019000 08:02 48239217                   /lib/x86_64-linux-gnu/libz.so.1.2.8
7fa2a2a2e000-7fa2a2a3f000 r-xp 00000000 08:02 29105891                   /usr/lib/x86_64-linux-gnu/libXext.so.6.4.0
7fa2a2a3f000-7fa2a2c3e000 ---p 00011000 08:02 29105891                   /usr/lib/x86_64-linux-gnu/libXext.so.6.4.0
7fa2a2c3e000-7fa2a2c3f000 r--p 00010000 08:02 29105891                   /usr/lib/x86_64-linux-gnu/libXext.so.6.4.0
7fa2a2c3f000-7fa2a2c40000 rw-p 00011000 08:02 29105891                   /usr/lib/x86_64-linux-gnu/libXext.so.6.4.0
7fa2a2c40000-7fa2a2c42000 r-xp 00000000 08:02 29105887                   /usr/lib/x86_64-linux-gnu/libXdamage.so.1.1.0
7fa2a2c42000-7fa2a2e41000 ---p 00002000 08:02 29105887                   /usr/lib/x86_64-linux-gnu/libXdamage.so.1.1.0
7fa2a2e41000-7fa2a2e42000 r--p 00001000 08:02 29105887                   /usr/lib/x86_64-linux-gnu/libXdamage.so.1.1.0
7fa2a2e42000-7fa2a2e43000 rw-p 00002000 08:02 29105887                   /usr/lib/x86_64-linux-gnu/libXdamage.so.1.1.0
7fa2a2e43000-7fa2a2e45000 r-xp 00000000 08:02 29105883                   /usr/lib/x86_64-linux-gnu/libXcomposite.so.1.0.0
7fa2a2e45000-7fa2a3044000 ---p 00002000 08:02 29105883                   /usr/lib/x86_64-linux-gnu/libXcomposite.so.1.0.0
7fa2a3044000-7fa2a3045000 r--p 00001000 08:02 29105883                   /usr/lib/x86_64-linux-gnu/libXcomposite.so.1.0.0
7fa2a3045000-7fa2a3046000 rw-p 00002000 08:02 29105883                   /usr/lib/x86_64-linux-gnu/libXcomposite.so.1.0.0
7fa2a3046000-7fa2a304f000 r-xp 00000000 08:02 29100061                   /usr/lib/x86_64-linux-gnu/libXcursor.so.1.0.2
7fa2a304f000-7fa2a324e000 ---p 00009000 08:02 29100061                   /usr/lib/x86_64-linux-gnu/libXcursor.so.1.0.2
7fa2a324e000-7fa2a324f000 r--p 00008000 08:02 29100061                   /usr/lib/x86_64-linux-gnu/libXcursor.so.1.0.2
7fa2a324f000-7fa2a3250000 rw-p 00009000 08:02 29100061                   /usr/lib/x86_64-linux-gnu/libXcursor.so.1.0.2
7fa2a3250000-7fa2a325a000 r-xp 00000000 08:02 29105911                   /usr/lib/x86_64-linux-gnu/libXrandr.so.2.2.0
7fa2a325a000-7fa2a3459000 ---p 0000a000 08:02 29105911                   /usr/lib/x86_64-linux-gnu/libXrandr.so.2.2.0
7fa2a3459000-7fa2a345a000 r--p 00009000 08:02 29105911                   /usr/lib/x86_64-linux-gnu/libXrandr.so.2.2.0
7fa2a345a000-7fa2a345b000 rw-p 0000a000 08:02 29105911                   /usr/lib/x86_64-linux-gnu/libXrandr.so.2.2.0
7fa2a345b000-7fa2a346a000 r-xp 00000000 08:02 29105901                   /usr/lib/x86_64-linux-gnu/libXi.so.6.1.0
7fa2a346a000-7fa2a3669000 ---p 0000f000 08:02 29105901                   /usr/lib/x86_64-linux-gnu/libXi.so.6.1.0
7fa2a3669000-7fa2a366a000 r--p 0000e000 08:02 29105901                   /usr/lib/x86_64-linux-gnu/libXi.so.6.1.0
7fa2a366a000-7fa2a366b000 rw-p 0000f000 08:02 29105901                   /usr/lib/x86_64-linux-gnu/libXi.so.6.1.0
7fa2a366b000-7fa2a366d000 r-xp 00000000 08:02 29105903                   /usr/lib/x86_64-linux-gnu/libXinerama.so.1.0.0
7fa2a366d000-7fa2a386c000 ---p 00002000 08:02 29105903                   /usr/lib/x86_64-linux-gnu/libXinerama.so.1.0.0
7fa2a386c000-7fa2a386d000 r--p 00001000 08:02 29105903                   /usr/lib/x86_64-linux-gnu/libXinerama.so.1.0.0
7fa2a386d000-7fa2a386e000 rw-p 00002000 08:02 29105903                   /usr/lib/x86_64-linux-gnu/libXinerama.so.1.0.0
7fa2a386e000-7fa2a3877000 r-xp 00000000 08:02 29105913                   /usr/lib/x86_64-linux-gnu/libXrender.so.1.3.0
7fa2a3877000-7fa2a3a76000 ---p 00009000 08:02 29105913                   /usr/lib/x86_64-linux-gnu/libXrender.so.1.3.0
7fa2a3a76000-7fa2a3a77000 r--p 00008000 08:02 29105913                   /usr/lib/x86_64-linux-gnu/libXrender.so.1.3.0
7fa2a3a77000-7fa2a3a78000 rw-p 00009000 08:02 29105913                   /usr/lib/x86_64-linux-gnu/libXrender.so.1.3.0
7fa2a3a78000-7fa2a3a7d000 r-xp 00000000 08:02 29105893                   /usr/lib/x86_64-linux-gnu/libXfixes.so.3.1.0
7fa2a3a7d000-7fa2a3c7c000 ---p 00005000 08:02 29105893                   /usr/lib/x86_64-linux-gnu/libXfixes.so.3.1.0
7fa2a3c7c000-7fa2a3c7d000 r--p 00004000 08:02 29105893                   /usr/lib/x86_64-linux-gnu/libXfixes.so.3.1.0
7fa2a3c7d000-7fa2a3c7e000 rw-p 00005000 08:02 29105893                   /usr/lib/x86_64-linux-gnu/libXfixes.so.3.1.0
7fa2a3c7e000-7fa2a3df0000 r-xp 00000000 08:02 29098884                   /usr/lib/x86_64-linux-gnu/libstdc++.so.6.0.21
7fa2a3df0000-7fa2a3ff0000 ---p 00172000 08:02 29098884                   /usr/lib/x86_64-linux-gnu/libstdc++.so.6.0.21
7fa2a3ff0000-7fa2a3ffa000 r--p 00172000 08:02 29098884                   /usr/lib/x86_64-linux-gnu/libstdc++.so.6.0.21
7fa2a3ffa000-7fa2a3ffc000 rw-p 0017c000 08:02 29098884                   /usr/lib/x86_64-linux-gnu/libstdc++.so.6.0.21
7fa2a3ffc000-7fa2a4000000 rw-p 00000000 00:00 0 
7fa2a4000000-7fa2a4021000 rw-p 00000000 00:00 0 
7fa2a4021000-7fa2a8000000 ---p 00000000 00:00 0 
7fa2a8000000-7fa2a8001000 r--s 00000000 08:02 14942283                   /var/cache/fontconfig/1ac9eb803944fde146138c791f5cc56a-le64.cache-6
7fa2a8001000-7fa2a8002000 r--s 00000000 08:02 14942315                   /var/cache/fontconfig/dc05db6664285cc2f12bf69c139ae4c3-le64.cache-6
7fa2a8002000-7fa2a8003000 r--s 00000000 08:02 14947237                   /var/cache/fontconfig/4794a0821666d79190d59a36cb4f44b5-le64.cache-6
7fa2a8003000-7fa2a8004000 r--s 00000000 08:02 14942308                   /var/cache/fontconfig/bab58bb527bb656aaa9f116d68a48d89-le64.cache-6
7fa2a8004000-7fa2a8005000 r--s 00000000 08:02 14942292                   /var/cache/fontconfig/56cf4f4769d0f4abc89a4895d7bd3ae1-le64.cache-6
7fa2a8005000-7fa2a8006000 r--s 00000000 08:02 14942307                   /var/cache/fontconfig/b9d506c9ac06c20b433354fa67a72993-le64.cache-6
7fa2a8006000-7fa2a800c000 r--s 00000000 08:02 14942306                   /var/cache/fontconfig/b47c4e1ecd0709278f4910c18777a504-le64.cache-6
7fa2a800c000-7fa2a801f000 r--s 00000000 08:02 14942312                   /var/cache/fontconfig/d52a8644073d54c13679302ca1180695-le64.cache-6
7fa2a801f000-7fa2a8020000 r--s 00000000 08:02 14942291                   /var/cache/fontconfig/551ecf3b0e8b0bca0f25c0944f561853-le64.cache-6
7fa2a8020000-7fa2a802b000 r--s 00000000 08:02 14947967                   /var/cache/fontconfig/d589a48862398ed80a3d6066f4f56f4c-le64.cache-6
7fa2a802b000-7fa2a803d000 r--s 00000000 08:02 14942304                   /var/cache/fontconfig/9b89f8e3dae116d678bbf48e5f21f69b-le64.cache-6
7fa2a803d000-7fa2a8083000 r--p 00000000 08:02 30282256                   /usr/share/glib-2.0/schemas/gschemas.compiled
7fa2a8083000-7fa2a8103000 r-xp 00000000 08:02 48234592                   /lib/x86_64-linux-gnu/libsystemd.so.0.14.0
7fa2a8103000-7fa2a8106000 r--p 0007f000 08:02 48234592                   /lib/x86_64-linux-gnu/libsystemd.so.0.14.0
7fa2a8106000-7fa2a8107000 rw-p 00082000 08:02 48234592                   /lib/x86_64-linux-gnu/libsystemd.so.0.14.0
7fa2a8107000-7fa2a8108000 rw-p 00000000 00:00 0 
7fa2a8108000-7fa2a811e000 r-xp 00000000 08:02 48239064                   /lib/x86_64-linux-gnu/libgcc_s.so.1
7fa2a811e000-7fa2a831d000 ---p 00016000 08:02 48239064                   /lib/x86_64-linux-gnu/libgcc_s.so.1
7fa2a831d000-7fa2a831e000 rw-p 00015000 08:02 48239064                   /lib/x86_64-linux-gnu/libgcc_s.so.1
7fa2a831e000-7fa2a838e000 r-xp 00000000 08:02 29365871                   /usr/lib/x86_64-linux-gnu/mesa/libGL.so.1.2.0
7fa2a838e000-7fa2a858d000 ---p 00070000 08:02 29365871                   /usr/lib/x86_64-linux-gnu/mesa/libGL.so.1.2.0
7fa2a858d000-7fa2a8590000 r--p 0006f000 08:02 29365871                   /usr/lib/x86_64-linux-gnu/mesa/libGL.so.1.2.0
7fa2a8590000-7fa2a8591000 rw-p 00072000 08:02 29365871                   /usr/lib/x86_64-linux-gnu/mesa/libGL.so.1.2.0
7fa2a8591000-7fa2a8592000 rw-p 00000000 00:00 0 
7fa2a8592000-7fa2a8597000 r-xp 00000000 08:02 29105929                   /usr/lib/x86_64-linux-gnu/libXxf86vm.so.1.0.0
7fa2a8597000-7fa2a8796000 ---p 00005000 08:02 29105929                   /usr/lib/x86_64-linux-gnu/libXxf86vm.so.1.0.0
7fa2a8796000-7fa2a8797000 r--p 00004000 08:02 29105929                   /usr/lib/x86_64-linux-gnu/libXxf86vm.so.1.0.0
7fa2a8797000-7fa2a8798000 rw-p 00005000 08:02 29105929                   /usr/lib/x86_64-linux-gnu/libXxf86vm.so.1.0.0
7fa2a8798000-7fa2a88cd000 r-xp 00000000 08:02 29106677                   /usr/lib/x86_64-linux-gnu/libX11.so.6.3.0
7fa2a88cd000-7fa2a8acd000 ---p 00135000 08:02 29106677                   /usr/lib/x86_64-linux-gnu/libX11.so.6.3.0
7fa2a8acd000-7fa2a8ace000 r--p 00135000 08:02 29106677                   /usr/lib/x86_64-linux-gnu/libX11.so.6.3.0
7fa2a8ace000-7fa2a8ad2000 rw-p 00136000 08:02 29106677                   /usr/lib/x86_64-linux-gnu/libX11.so.6.3.0
7fa2a8ad2000-7fa2a8ad7000 r-xp 00000000 08:02 29105919                   /usr/lib/x86_64-linux-gnu/libXtst.so.6.1.0
7fa2a8ad7000-7fa2a8cd6000 ---p 00005000 08:02 29105919                   /usr/lib/x86_64-linux-gnu/libXtst.so.6.1.0
7fa2a8cd6000-7fa2a8cd7000 r--p 00004000 08:02 29105919                   /usr/lib/x86_64-linux-gnu/libXtst.so.6.1.0
7fa2a8cd7000-7fa2a8cd8000 rw-p 00005000 08:02 29105919                   /usr/lib/x86_64-linux-gnu/libXtst.so.6.1.0
7fa2a8cd8000-7fa2a8de7000 r-xp 00000000 08:02 48234827                   /lib/x86_64-linux-gnu/libglib-2.0.so.0.4800.2
7fa2a8de7000-7fa2a8fe6000 ---p 0010f000 08:02 48234827                   /lib/x86_64-linux-gnu/libglib-2.0.so.0.4800.2
7fa2a8fe6000-7fa2a8fe7000 r--p 0010e000 08:02 48234827                   /lib/x86_64-linux-gnu/libglib-2.0.so.0.4800.2
7fa2a8fe7000-7fa2a8fe8000 rw-p 0010f000 08:02 48234827                   /lib/x86_64-linux-gnu/libglib-2.0.so.0.4800.2
7fa2a8fe8000-7fa2a8fe9000 rw-p 00000000 00:00 0 
7fa2a8fe9000-7fa2a8fea000 r-xp 00000000 08:02 29100880                   /usr/lib/x86_64-linux-gnu/libgthread-2.0.so.0.4800.2
7fa2a8fea000-7fa2a91e9000 ---p 00001000 08:02 29100880                   /usr/lib/x86_64-linux-gnu/libgthread-2.0.so.0.4800.2
7fa2a91e9000-7fa2a91ea000 r--p 00000000 08:02 29100880                   /usr/lib/x86_64-linux-gnu/libgthread-2.0.so.0.4800.2
7fa2a91ea000-7fa2a91eb000 rw-p 00001000 08:02 29100880                   /usr/lib/x86_64-linux-gnu/libgthread-2.0.so.0.4800.2
7fa2a91eb000-7fa2a91ee000 r-xp 00000000 08:02 29100877                   /usr/lib/x86_64-linux-gnu/libgmodule-2.0.so.0.4800.2
7fa2a91ee000-7fa2a93ed000 ---p 00003000 08:02 29100877                   /usr/lib/x86_64-linux-gnu/libgmodule-2.0.so.0.4800.2
7fa2a93ed000-7fa2a93ee000 r--p 00002000 08:02 29100877                   /usr/lib/x86_64-linux-gnu/libgmodule-2.0.so.0.4800.2
7fa2a93ee000-7fa2a93ef000 rw-p 00003000 08:02 29100877                   /usr/lib/x86_64-linux-gnu/libgmodule-2.0.so.0.4800.2
7fa2a93ef000-7fa2a9441000 r-xp 00000000 08:02 29100874                   /usr/lib/x86_64-linux-gnu/libgobject-2.0.so.0.4800.2
7fa2a9441000-7fa2a9640000 ---p 00052000 08:02 29100874                   /usr/lib/x86_64-linux-gnu/libgobject-2.0.so.0.4800.2
7fa2a9640000-7fa2a9641000 r--p 00051000 08:02 29100874                   /usr/lib/x86_64-linux-gnu/libgobject-2.0.so.0.4800.2
7fa2a9641000-7fa2a9642000 rw-p 00052000 08:02 29100874                   /usr/lib/x86_64-linux-gnu/libgobject-2.0.so.0.4800.2
7fa2a9642000-7fa2a967f000 r-xp 00000000 08:02 29106282                   /usr/lib/x86_64-linux-gnu/libfontconfig.so.1.9.0
7fa2a967f000-7fa2a987e000 ---p 0003d000 08:02 29106282                   /usr/lib/x86_64-linux-gnu/libfontconfig.so.1.9.0
7fa2a987e000-7fa2a9880000 r--p 0003c000 08:02 29106282                   /usr/lib/x86_64-linux-gnu/libfontconfig.so.1.9.0
7fa2a9880000-7fa2a9885000 rw-p 0003e000 08:02 29106282                   /usr/lib/x86_64-linux-gnu/libfontconfig.so.1.9.0
7fa2a9885000-7fa2a9929000 r-xp 00000000 08:02 29098888                   /usr/lib/x86_64-linux-gnu/libfreetype.so.6.12.1
7fa2a9929000-7fa2a9b28000 ---p 000a4000 08:02 29098888                   /usr/lib/x86_64-linux-gnu/libfreetype.so.6.12.1
7fa2a9b28000-7fa2a9b2e000 r--p 000a3000 08:02 29098888                   /usr/lib/x86_64-linux-gnu/libfreetype.so.6.12.1
7fa2a9b2e000-7fa2a9b2f000 rw-p 000a9000 08:02 29098888                   /usr/lib/x86_64-linux-gnu/libfreetype.so.6.12.1
7fa2a9b2f000-7fa2a9b78000 r-xp 00000000 08:02 29106837                   /usr/lib/x86_64-linux-gnu/libpango-1.0.so.0.3800.1
7fa2a9b78000-7fa2a9d78000 ---p 00049000 08:02 29106837                   /usr/lib/x86_64-linux-gnu/libpango-1.0.so.0.3800.1
7fa2a9d78000-7fa2a9d7a000 r--p 00049000 08:02 29106837                   /usr/lib/x86_64-linux-gnu/libpango-1.0.so.0.3800.1
7fa2a9d7a000-7fa2a9d7b000 rw-p 0004b000 08:02 29106837                   /usr/lib/x86_64-linux-gnu/libpango-1.0.so.0.3800.1
7fa2a9d7b000-7fa2a9e89000 r-xp 00000000 08:02 29106041                   /usr/lib/x86_64-linux-gnu/libcairo.so.2.11400.6
7fa2a9e89000-7fa2aa089000 ---p 0010e000 08:02 29106041                   /usr/lib/x86_64-linux-gnu/libcairo.so.2.11400.6
7fa2aa089000-7fa2aa08c000 r--p 0010e000 08:02 29106041                   /usr/lib/x86_64-linux-gnu/libcairo.so.2.11400.6
7fa2aa08c000-7fa2aa08d000 rw-p 00111000 08:02 29106041                   /usr/lib/x86_64-linux-gnu/libcairo.so.2.11400.6
7fa2aa08d000-7fa2aa08f000 rw-p 00000000 00:00 0 
7fa2aa08f000-7fa2aa09b000 r-xp 00000000 08:02 29106839                   /usr/lib/x86_64-linux-gnu/libpangocairo-1.0.so.0.3800.1
7fa2aa09b000-7fa2aa29a000 ---p 0000c000 08:02 29106839                   /usr/lib/x86_64-linux-gnu/libpangocairo-1.0.so.0.3800.1
7fa2aa29a000-7fa2aa29b000 r--p 0000b000 08:02 29106839                   /usr/lib/x86_64-linux-gnu/libpangocairo-1.0.so.0.3800.1
7fa2aa29b000-7fa2aa29c000 rw-p 0000c000 08:02 29106839                   /usr/lib/x86_64-linux-gnu/libpangocairo-1.0.so.0.3800.1
7fa2aa29c000-7fa2aa2bd000 r-xp 00000000 08:02 29103655                   /usr/lib/x86_64-linux-gnu/libgdk_pixbuf-2.0.so.0.3200.2
7fa2aa2bd000-7fa2aa4bc000 ---p 00021000 08:02 29103655                   /usr/lib/x86_64-linux-gnu/libgdk_pixbuf-2.0.so.0.3200.2
7fa2aa4bc000-7fa2aa4bd000 r--p 00020000 08:02 29103655                   /usr/lib/x86_64-linux-gnu/libgdk_pixbuf-2.0.so.0.3200.2
7fa2aa4bd000-7fa2aa4be000 rw-p 00021000 08:02 29103655                   /usr/lib/x86_64-linux-gnu/libgdk_pixbuf-2.0.so.0.3200.2
7fa2aa4be000-7fa2aa4d2000 r-xp 00000000 08:02 29106841                   /usr/lib/x86_64-linux-gnu/libpangoft2-1.0.so.0.3800.1
7fa2aa4d2000-7fa2aa6d2000 ---p 00014000 08:02 29106841                   /usr/lib/x86_64-linux-gnu/libpangoft2-1.0.so.0.3800.1
7fa2aa6d2000-7fa2aa6d3000 r--p 00014000 08:02 29106841                   /usr/lib/x86_64-linux-gnu/libpangoft2-1.0.so.0.3800.1
7fa2aa6d3000-7fa2aa6d4000 rw-p 00015000 08:02 29106841                   /usr/lib/x86_64-linux-gnu/libpangoft2-1.0.so.0.3800.1
7fa2aa6d4000-7fa2aa854000 r-xp 00000000 08:02 29100879                   /usr/lib/x86_64-linux-gnu/libgio-2.0.so.0.4800.2
7fa2aa854000-7fa2aaa54000 ---p 00180000 08:02 29100879                   /usr/lib/x86_64-linux-gnu/libgio-2.0.so.0.4800.2
7fa2aaa54000-7fa2aaa58000 r--p 00180000 08:02 29100879                   /usr/lib/x86_64-linux-gnu/libgio-2.0.so.0.4800.2
7fa2aaa58000-7fa2aaa5a000 rw-p 00184000 08:02 29100879                   /usr/lib/x86_64-linux-gnu/libgio-2.0.so.0.4800.2
7fa2aaa5a000-7fa2aaa5c000 rw-p 00000000 00:00 0 
7fa2aaa5c000-7fa2aaa7e000 r-xp 00000000 08:02 29105984                   /usr/lib/x86_64-linux-gnu/libatk-1.0.so.0.21809.1
7fa2aaa7e000-7fa2aac7d000 ---p 00022000 08:02 29105984                   /usr/lib/x86_64-linux-gnu/libatk-1.0.so.0.21809.1
7fa2aac7d000-7fa2aac80000 r--p 00021000 08:02 29105984                   /usr/lib/x86_64-linux-gnu/libatk-1.0.so.0.21809.1
7fa2aac80000-7fa2aac81000 rw-p 00024000 08:02 29105984                   /usr/lib/x86_64-linux-gnu/libatk-1.0.so.0.21809.1
7fa2aac81000-7fa2aad31000 r-xp 00000000 08:02 29101405                   /usr/lib/x86_64-linux-gnu/libgdk-x11-2.0.so.0.2400.30
7fa2aad31000-7fa2aaf30000 ---p 000b0000 08:02 29101405                   /usr/lib/x86_64-linux-gnu/libgdk-x11-2.0.so.0.2400.30
7fa2aaf30000-7fa2aaf34000 r--p 000af000 08:02 29101405                   /usr/lib/x86_64-linux-gnu/libgdk-x11-2.0.so.0.2400.30
7fa2aaf34000-7fa2aaf36000 rw-p 000b3000 08:02 29101405                   /usr/lib/x86_64-linux-gnu/libgdk-x11-2.0.so.0.2400.30
7fa2aaf36000-7fa2ab374000 r-xp 00000000 08:02 29101406                   /usr/lib/x86_64-linux-gnu/libgtk-x11-2.0.so.0.2400.30
7fa2ab374000-7fa2ab573000 ---p 0043e000 08:02 29101406                   /usr/lib/x86_64-linux-gnu/libgtk-x11-2.0.so.0.2400.30
7fa2ab573000-7fa2ab57a000 r--p 0043d000 08:02 29101406                   /usr/lib/x86_64-linux-gnu/libgtk-x11-2.0.so.0.2400.30
7fa2ab57a000-7fa2ab57e000 rw-p 00444000 08:02 29101406                   /usr/lib/x86_64-linux-gnu/libgtk-x11-2.0.so.0.2400.30
7fa2ab57e000-7fa2ab581000 rw-p 00000000 00:00 0 
7fa2ab581000-7fa2ab58d000 r-xp 00000000 08:02 29886889                   /usr/lib/jvm/java-8-oracle/jre/lib/amd64/libprism_es2.so
7fa2ab58d000-7fa2ab78c000 ---p 0000c000 08:02 29886889                   /usr/lib/jvm/java-8-oracle/jre/lib/amd64/libprism_es2.so
7fa2ab78c000-7fa2ab78d000 rw-p 0000b000 08:02 29886889                   /usr/lib/jvm/java-8-oracle/jre/lib/amd64/libprism_es2.so
7fa2ab78d000-7fa2ab790000 ---p 00000000 00:00 0 
7fa2ab790000-7fa2ab88e000 rw-p 00000000 00:00 0 
7fa2ab88e000-7fa2ab924000 r--s 0110a000 08:02 29757641                   /usr/lib/jvm/java-8-oracle/jre/lib/ext/jfxrt.jar
7fa2ab924000-7fa2ab925000 ---p 00000000 00:00 0 
7fa2ab925000-7fa2aba25000 rw-p 00000000 00:00 0 
7fa2aba25000-7fa2aba28000 ---p 00000000 00:00 0 
7fa2aba28000-7fa2abb26000 rw-p 00000000 00:00 0 
7fa2abb26000-7fa2abb29000 ---p 00000000 00:00 0 
7fa2abb29000-7fa2abc27000 rw-p 00000000 00:00 0 
7fa2abc27000-7fa2abc2a000 ---p 00000000 00:00 0 
7fa2abc2a000-7fa2abd28000 rw-p 00000000 00:00 0 
7fa2abd28000-7fa2ac000000 r--p 00000000 08:02 29098385                   /usr/lib/locale/locale-archive
7fa2ac000000-7fa2ac021000 rw-p 00000000 00:00 0 
7fa2ac021000-7fa2b0000000 ---p 00000000 00:00 0 
7fa2b0000000-7fa2b0001000 r--s 00000000 08:02 14942286                   /var/cache/fontconfig/30829fa25452a46451e813d634d7f916-le64.cache-6
7fa2b0001000-7fa2b0002000 r--s 00000000 08:02 14942280                   /var/cache/fontconfig/0c9eb80ebd1c36541ebe2852d3bb0c49-le64.cache-6
7fa2b0002000-7fa2b0005000 r--s 00000000 08:02 14942297                   /var/cache/fontconfig/75114ca45c98e8a441da0ff356701271-le64.cache-6
7fa2b0005000-7fa2b0010000 r--s 00000000 08:02 14942300                   /var/cache/fontconfig/83bf95040141907cd45bb53cf7c1c148-le64.cache-6
7fa2b0010000-7fa2b0019000 r--s 00000000 08:02 14947514                   /var/cache/fontconfig/d0972c3d32f097851eb916381fc38920-le64.cache-6
7fa2b0019000-7fa2b0026000 r--s 00000000 08:02 14942316                   /var/cache/fontconfig/e13b20fdb08344e0e664864cc2ede53d-le64.cache-6
7fa2b0026000-7fa2b002a000 r--s 00000000 08:02 14945919                   /var/cache/fontconfig/7ef2298fde41cc6eeb7af42e48b7d293-le64.cache-6
7fa2b002a000-7fa2b002b000 r--s 00003000 08:02 58599470                   /home/kavya/Documents/Sem7/ProjSE/json-simple-1.1.jar
7fa2b002b000-7fa2b0033000 rw-s 00000000 00:19 928                        /i915 (deleted)
7fa2b0033000-7fa2b003b000 rw-s 00000000 00:19 855                        /i915 (deleted)
7fa2b003b000-7fa2b0043000 r--p 00000000 08:02 48497114                   /home/kavya/.config/dconf/user
7fa2b0043000-7fa2b0046000 ---p 00000000 00:00 0 
7fa2b0046000-7fa2b0144000 rw-p 00000000 00:00 0 
7fa2b0144000-7fa2b0147000 ---p 00000000 00:00 0 
7fa2b0147000-7fa2b0245000 rw-p 00000000 00:00 0 
7fa2b0245000-7fa2b0248000 ---p 00000000 00:00 0 
7fa2b0248000-7fa2b0346000 rw-p 00000000 00:00 0 
7fa2b0346000-7fa2b0349000 ---p 00000000 00:00 0 
7fa2b0349000-7fa2b0447000 rw-p 00000000 00:00 0 
7fa2b0447000-7fa2b0448000 ---p 00000000 00:00 0 
7fa2b0448000-7fa2b14fc000 rw-p 00000000 00:00 0 
7fa2b14fc000-7fa2b16d5000 r--s 03d64000 08:02 29756892                   /usr/lib/jvm/java-8-oracle/jre/lib/rt.jar
7fa2b16d5000-7fa2b3ee7000 rw-p 00000000 00:00 0 
7fa2b3ee7000-7fa2b3ee8000 ---p 00000000 00:00 0 
7fa2b3ee8000-7fa2b3fe8000 rw-p 00000000 00:00 0 
7fa2b3fe8000-7fa2b3fe9000 ---p 00000000 00:00 0 
7fa2b3fe9000-7fa2b40e9000 rw-p 00000000 00:00 0 
7fa2b40e9000-7fa2b40ea000 ---p 00000000 00:00 0 
7fa2b40ea000-7fa2b41ea000 rw-p 00000000 00:00 0 
7fa2b41ea000-7fa2b41eb000 ---p 00000000 00:00 0 
7fa2b41eb000-7fa2b42ff000 rw-p 00000000 00:00 0 
7fa2b42ff000-7fa2b4429000 ---p 00000000 00:00 0 
7fa2b4429000-7fa2b443d000 rw-p 00000000 00:00 0 
7fa2b443d000-7fa2b4566000 ---p 00000000 00:00 0 
7fa2b4566000-7fa2b4571000 rw-p 00000000 00:00 0 
7fa2b4571000-7fa2b4605000 ---p 00000000 00:00 0 
7fa2b4605000-7fa2b461a000 rw-p 00000000 00:00 0 
7fa2b461a000-7fa2b49c6000 ---p 00000000 00:00 0 
7fa2b49c6000-7fa2b4eb6000 rwxp 00000000 00:00 0 
7fa2b4eb6000-7fa2c39c6000 ---p 00000000 00:00 0 
7fa2c39c6000-7fa2c39e1000 r-xp 00000000 08:02 29886881                   /usr/lib/jvm/java-8-oracle/jre/lib/amd64/libzip.so
7fa2c39e1000-7fa2c3be1000 ---p 0001b000 08:02 29886881                   /usr/lib/jvm/java-8-oracle/jre/lib/amd64/libzip.so
7fa2c3be1000-7fa2c3be2000 rw-p 0001b000 08:02 29886881                   /usr/lib/jvm/java-8-oracle/jre/lib/amd64/libzip.so
7fa2c3be2000-7fa2c3bed000 r-xp 00000000 08:02 48235699                   /lib/x86_64-linux-gnu/libnss_files-2.23.so
7fa2c3bed000-7fa2c3dec000 ---p 0000b000 08:02 48235699                   /lib/x86_64-linux-gnu/libnss_files-2.23.so
7fa2c3dec000-7fa2c3ded000 r--p 0000a000 08:02 48235699                   /lib/x86_64-linux-gnu/libnss_files-2.23.so
7fa2c3ded000-7fa2c3dee000 rw-p 0000b000 08:02 48235699                   /lib/x86_64-linux-gnu/libnss_files-2.23.so
7fa2c3dee000-7fa2c3df4000 rw-p 00000000 00:00 0 
7fa2c3df4000-7fa2c3dff000 r-xp 00000000 08:02 48235692                   /lib/x86_64-linux-gnu/libnss_nis-2.23.so
7fa2c3dff000-7fa2c3ffe000 ---p 0000b000 08:02 48235692                   /lib/x86_64-linux-gnu/libnss_nis-2.23.so
7fa2c3ffe000-7fa2c3fff000 r--p 0000a000 08:02 48235692                   /lib/x86_64-linux-gnu/libnss_nis-2.23.so
7fa2c3fff000-7fa2c4000000 rw-p 0000b000 08:02 48235692                   /lib/x86_64-linux-gnu/libnss_nis-2.23.so
7fa2c4000000-7fa2c4458000 rw-p 00000000 00:00 0 
7fa2c4458000-7fa2c8000000 ---p 00000000 00:00 0 
7fa2c8001000-7fa2c8002000 rw-s 00000000 00:19 873                        /i915 (deleted)
7fa2c8002000-7fa2c800a000 rw-s 00000000 00:19 835                        /i915 (deleted)
7fa2c800a000-7fa2c800b000 r--s 00000000 00:31 35                         /run/user/1000/dconf/user
7fa2c800b000-7fa2c8021000 r-xp 00000000 08:02 48235697                   /lib/x86_64-linux-gnu/libnsl-2.23.so
7fa2c8021000-7fa2c8220000 ---p 00016000 08:02 48235697                   /lib/x86_64-linux-gnu/libnsl-2.23.so
7fa2c8220000-7fa2c8221000 r--p 00015000 08:02 48235697                   /lib/x86_64-linux-gnu/libnsl-2.23.so
7fa2c8221000-7fa2c8222000 rw-p 00016000 08:02 48235697                   /lib/x86_64-linux-gnu/libnsl-2.23.so
7fa2c8222000-7fa2c8224000 rw-p 00000000 00:00 0 
7fa2c8224000-7fa2c822c000 r-xp 00000000 08:02 48235703                   /lib/x86_64-linux-gnu/libnss_compat-2.23.so
7fa2c822c000-7fa2c842b000 ---p 00008000 08:02 48235703                   /lib/x86_64-linux-gnu/libnss_compat-2.23.so
7fa2c842b000-7fa2c842c000 r--p 00007000 08:02 48235703                   /lib/x86_64-linux-gnu/libnss_compat-2.23.so
7fa2c842c000-7fa2c842d000 rw-p 00008000 08:02 48235703                   /lib/x86_64-linux-gnu/libnss_compat-2.23.so
7fa2c842d000-7fa2c8458000 r-xp 00000000 08:02 29886875                   /usr/lib/jvm/java-8-oracle/jre/lib/amd64/libjava.so
7fa2c8458000-7fa2c8657000 ---p 0002b000 08:02 29886875                   /usr/lib/jvm/java-8-oracle/jre/lib/amd64/libjava.so
7fa2c8657000-7fa2c8659000 rw-p 0002a000 08:02 29886875                   /usr/lib/jvm/java-8-oracle/jre/lib/amd64/libjava.so
7fa2c8659000-7fa2c8666000 r-xp 00000000 08:02 29886880                   /usr/lib/jvm/java-8-oracle/jre/lib/amd64/libverify.so
7fa2c8666000-7fa2c8866000 ---p 0000d000 08:02 29886880                   /usr/lib/jvm/java-8-oracle/jre/lib/amd64/libverify.so
7fa2c8866000-7fa2c8868000 rw-p 0000d000 08:02 29886880                   /usr/lib/jvm/java-8-oracle/jre/lib/amd64/libverify.so
7fa2c8868000-7fa2c886f000 r-xp 00000000 08:02 48235679                   /lib/x86_64-linux-gnu/librt-2.23.so
7fa2c886f000-7fa2c8a6e000 ---p 00007000 08:02 48235679                   /lib/x86_64-linux-gnu/librt-2.23.so
7fa2c8a6e000-7fa2c8a6f000 r--p 00006000 08:02 48235679                   /lib/x86_64-linux-gnu/librt-2.23.so
7fa2c8a6f000-7fa2c8a70000 rw-p 00007000 08:02 48235679                   /lib/x86_64-linux-gnu/librt-2.23.so
7fa2c8a70000-7fa2c8b78000 r-xp 00000000 08:02 48235705                   /lib/x86_64-linux-gnu/libm-2.23.so
7fa2c8b78000-7fa2c8d77000 ---p 00108000 08:02 48235705                   /lib/x86_64-linux-gnu/libm-2.23.so
7fa2c8d77000-7fa2c8d78000 r--p 00107000 08:02 48235705                   /lib/x86_64-linux-gnu/libm-2.23.so
7fa2c8d78000-7fa2c8d79000 rw-p 00108000 08:02 48235705                   /lib/x86_64-linux-gnu/libm-2.23.so
7fa2c8d79000-7fa2c9a52000 r-xp 00000000 08:02 29886493                   /usr/lib/jvm/java-8-oracle/jre/lib/amd64/server/libjvm.so
7fa2c9a52000-7fa2c9c51000 ---p 00cd9000 08:02 29886493                   /usr/lib/jvm/java-8-oracle/jre/lib/amd64/server/libjvm.so
7fa2c9c51000-7fa2c9d2a000 rw-p 00cd8000 08:02 29886493                   /usr/lib/jvm/java-8-oracle/jre/lib/amd64/server/libjvm.so
7fa2c9d2a000-7fa2c9d76000 rw-p 00000000 00:00 0 
7fa2c9d76000-7fa2c9f36000 r-xp 00000000 08:02 48235702                   /lib/x86_64-linux-gnu/libc-2.23.so
7fa2c9f36000-7fa2ca136000 ---p 001c0000 08:02 48235702                   /lib/x86_64-linux-gnu/libc-2.23.so
7fa2ca136000-7fa2ca13a000 r--p 001c0000 08:02 48235702                   /lib/x86_64-linux-gnu/libc-2.23.so
7fa2ca13a000-7fa2ca13c000 rw-p 001c4000 08:02 48235702                   /lib/x86_64-linux-gnu/libc-2.23.so
7fa2ca13c000-7fa2ca140000 rw-p 00000000 00:00 0 
7fa2ca140000-7fa2ca143000 r-xp 00000000 08:02 48235687                   /lib/x86_64-linux-gnu/libdl-2.23.so
7fa2ca143000-7fa2ca342000 ---p 00003000 08:02 48235687                   /lib/x86_64-linux-gnu/libdl-2.23.so
7fa2ca342000-7fa2ca343000 r--p 00002000 08:02 48235687                   /lib/x86_64-linux-gnu/libdl-2.23.so
7fa2ca343000-7fa2ca344000 rw-p 00003000 08:02 48235687                   /lib/x86_64-linux-gnu/libdl-2.23.so
7fa2ca344000-7fa2ca35a000 r-xp 00000000 08:02 29632159                   /usr/lib/jvm/java-8-oracle/lib/amd64/jli/libjli.so
7fa2ca35a000-7fa2ca559000 ---p 00016000 08:02 29632159                   /usr/lib/jvm/java-8-oracle/lib/amd64/jli/libjli.so
7fa2ca559000-7fa2ca55a000 rw-p 00015000 08:02 29632159                   /usr/lib/jvm/java-8-oracle/lib/amd64/jli/libjli.so
7fa2ca55a000-7fa2ca572000 r-xp 00000000 08:02 48235689                   /lib/x86_64-linux-gnu/libpthread-2.23.so
7fa2ca572000-7fa2ca771000 ---p 00018000 08:02 48235689                   /lib/x86_64-linux-gnu/libpthread-2.23.so
7fa2ca771000-7fa2ca772000 r--p 00017000 08:02 48235689                   /lib/x86_64-linux-gnu/libpthread-2.23.so
7fa2ca772000-7fa2ca773000 rw-p 00018000 08:02 48235689                   /lib/x86_64-linux-gnu/libpthread-2.23.so
7fa2ca773000-7fa2ca777000 rw-p 00000000 00:00 0 
7fa2ca777000-7fa2ca79d000 r-xp 00000000 08:02 48235688                   /lib/x86_64-linux-gnu/ld-2.23.so
7fa2ca79d000-7fa2ca79e000 rw-s 00000000 00:19 517                        /i915 (deleted)
7fa2ca79e000-7fa2ca7a6000 rw-s 00000000 00:19 502                        /i915 (deleted)
7fa2ca7a6000-7fa2ca7a7000 rwxp 00000000 00:00 0 
7fa2ca7a7000-7fa2ca879000 rw-p 00000000 00:00 0 
7fa2ca879000-7fa2ca87c000 ---p 00000000 00:00 0 
7fa2ca87c000-7fa2ca992000 rw-p 00000000 00:00 0 
7fa2ca992000-7fa2ca99a000 rw-s 00000000 08:02 3936221                    /tmp/hsperfdata_kavya/17898
7fa2ca99a000-7fa2ca99b000 rw-p 00000000 00:00 0 
7fa2ca99b000-7fa2ca99c000 r--p 00000000 00:00 0 
7fa2ca99c000-7fa2ca99d000 r--p 00025000 08:02 48235688                   /lib/x86_64-linux-gnu/ld-2.23.so
7fa2ca99d000-7fa2ca99e000 rw-p 00026000 08:02 48235688                   /lib/x86_64-linux-gnu/ld-2.23.so
7fa2ca99e000-7fa2ca99f000 rw-p 00000000 00:00 0 
7ffd69e4b000-7ffd69e6c000 rw-p 00000000 00:00 0                          [stack]
7ffd69f61000-7ffd69f64000 r--p 00000000 00:00 0                          [vvar]
7ffd69f64000-7ffd69f66000 r-xp 00000000 00:00 0                          [vdso]
ffffffffff600000-ffffffffff601000 r-xp 00000000 00:00 0                  [vsyscall]

VM Arguments:
jvm_args: -Dfile.encoding=UTF-8 
java_command: LoginFormApplication
java_class_path (initial): /home/kavya/Documents/Sem7/ProjSE/codeEnv/bin:/home/kavya/Documents/Sem7/ProjSE/json-simple-1.1.jar
Launcher Type: SUN_STANDARD

Environment Variables:
JAVA_HOME=/usr/lib/jvm/java-8-oracle
PATH=/home/kavya/anaconda3/bin:/home/kavya/bin:/home/kavya/.local/bin:/usr/local/sbin:/usr/local/bin:/usr/sbin:/usr/bin:/sbin:/bin:/usr/games:/usr/local/games:/snap/bin:/usr/lib/jvm/java-8-oracle/bin:/usr/lib/jvm/java-8-oracle/db/bin:/usr/lib/jvm/java-8-oracle/jre/bin
SHELL=/bin/bash
DISPLAY=:0

Signal Handlers:
SIGSEGV: [libjvm.so+0xad01e0], sa_mask[0]=11111111011111111101111111111110, sa_flags=SA_RESTART|SA_SIGINFO
SIGBUS: [libjvm.so+0xad01e0], sa_mask[0]=11111111011111111101111111111110, sa_flags=SA_RESTART|SA_SIGINFO
SIGFPE: [libjvm.so+0x927fb0], sa_mask[0]=11111111011111111101111111111110, sa_flags=SA_RESTART|SA_SIGINFO
SIGPIPE: SIG_IGN, sa_mask[0]=00000000000010000000000000000000, sa_flags=SA_RESTART
SIGXFSZ: [libjvm.so+0x927fb0], sa_mask[0]=11111111011111111101111111111110, sa_flags=SA_RESTART|SA_SIGINFO
SIGILL: [libjvm.so+0x927fb0], sa_mask[0]=11111111011111111101111111111110, sa_flags=SA_RESTART|SA_SIGINFO
SIGUSR1: SIG_DFL, sa_mask[0]=00000000000000000000000000000000, sa_flags=none
SIGUSR2: [libjvm.so+0x9297f0], sa_mask[0]=00100000000000000000000000000000, sa_flags=SA_RESTART|SA_SIGINFO
SIGHUP: [libjvm.so+0x92abf0], sa_mask[0]=11111111011111111101111111111110, sa_flags=SA_RESTART|SA_SIGINFO
SIGINT: [libjvm.so+0x92abf0], sa_mask[0]=11111111011111111101111111111110, sa_flags=SA_RESTART|SA_SIGINFO
SIGTERM: [libjvm.so+0x92abf0], sa_mask[0]=11111111011111111101111111111110, sa_flags=SA_RESTART|SA_SIGINFO
SIGQUIT: [libjvm.so+0x92abf0], sa_mask[0]=11111111011111111101111111111110, sa_flags=SA_RESTART|SA_SIGINFO


---------------  S Y S T E M  ---------------

OS:DISTRIB_ID=Ubuntu
DISTRIB_RELEASE=16.04
DISTRIB_CODENAME=xenial
DISTRIB_DESCRIPTION="Ubuntu 16.04.6 LTS"

uname:Linux 4.15.0-54-generic #58~16.04.1-Ubuntu SMP Mon Jun 24 13:21:41 UTC 2019 x86_64
libc:glibc 2.23 NPTL 2.23 
rlimit: STACK 8192k, CORE 0k, NPROC 14711, NOFILE 1048576, AS infinity
load average:1.34 1.26 1.10

/proc/meminfo:
MemTotal:        3894376 kB
MemFree:          221664 kB
MemAvailable:     993720 kB
Buffers:          128012 kB
Cached:          1163520 kB
SwapCached:         8012 kB
Active:          2392344 kB
Inactive:         994464 kB
Active(anon):    1838232 kB
Inactive(anon):   606968 kB
Active(file):     554112 kB
Inactive(file):   387496 kB
Unevictable:         112 kB
Mlocked:             112 kB
SwapTotal:       4048892 kB
SwapFree:        4039356 kB
Dirty:               484 kB
Writeback:             0 kB
AnonPages:       2087520 kB
Mapped:           553276 kB
Shmem:            349924 kB
Slab:             166812 kB
SReclaimable:      75856 kB
SUnreclaim:        90956 kB
KernelStack:       14304 kB
PageTables:        49804 kB
NFS_Unstable:          0 kB
Bounce:                0 kB
WritebackTmp:          0 kB
CommitLimit:     5996080 kB
Committed_AS:    9026540 kB
VmallocTotal:   34359738367 kB
VmallocUsed:           0 kB
VmallocChunk:          0 kB
HardwareCorrupted:     0 kB
AnonHugePages:      2048 kB
ShmemHugePages:        0 kB
ShmemPmdMapped:        0 kB
CmaTotal:              0 kB
CmaFree:               0 kB
HugePages_Total:       0
HugePages_Free:        0
HugePages_Rsvd:        0
HugePages_Surp:        0
Hugepagesize:       2048 kB
DirectMap4k:      258844 kB
DirectMap2M:     3790848 kB
DirectMap1G:           0 kB


CPU:total 4 (initial active 4) (2 cores per cpu, 2 threads per core) family 6 model 142 stepping 9, cmov, cx8, fxsr, mmx, sse, sse2, sse3, ssse3, sse4.1, sse4.2, popcnt, avx, avx2, aes, clmul, erms, 3dnowpref, lzcnt, ht, tsc, tscinvbit, bmi1, bmi2, adx

/proc/cpuinfo:
processor	: 0
vendor_id	: GenuineIntel
cpu family	: 6
model		: 142
model name	: Intel(R) Core(TM) i3-7100U CPU @ 2.40GHz
stepping	: 9
microcode	: 0xb4
cpu MHz		: 2400.011
cache size	: 3072 KB
physical id	: 0
siblings	: 4
core id		: 0
cpu cores	: 2
apicid		: 0
initial apicid	: 0
fpu		: yes
fpu_exception	: yes
cpuid level	: 22
wp		: yes
flags		: fpu vme de pse tsc msr pae mce cx8 apic sep mtrr pge mca cmov pat pse36 clflush dts acpi mmx fxsr sse sse2 ss ht tm pbe syscall nx pdpe1gb rdtscp lm constant_tsc art arch_perfmon pebs bts rep_good nopl xtopology nonstop_tsc cpuid aperfmperf tsc_known_freq pni pclmulqdq dtes64 monitor ds_cpl vmx est tm2 ssse3 sdbg fma cx16 xtpr pdcm pcid sse4_1 sse4_2 x2apic movbe popcnt tsc_deadline_timer aes xsave avx f16c rdrand lahf_lm abm 3dnowprefetch cpuid_fault epb invpcid_single pti ssbd ibrs ibpb stibp tpr_shadow vnmi flexpriority ept vpid fsgsbase tsc_adjust bmi1 avx2 smep bmi2 erms invpcid mpx rdseed adx smap clflushopt intel_pt xsaveopt xsavec xgetbv1 xsaves dtherm arat pln pts hwp hwp_notify hwp_act_window hwp_epp md_clear flush_l1d
bugs		: cpu_meltdown spectre_v1 spectre_v2 spec_store_bypass l1tf mds
bogomips	: 4800.00
clflush size	: 64
cache_alignment	: 64
address sizes	: 39 bits physical, 48 bits virtual
power management:

processor	: 1
vendor_id	: GenuineIntel
cpu family	: 6
model		: 142
model name	: Intel(R) Core(TM) i3-7100U CPU @ 2.40GHz
stepping	: 9
microcode	: 0xb4
cpu MHz		: 2400.001
cache size	: 3072 KB
physical id	: 0
siblings	: 4
core id		: 1
cpu cores	: 2
apicid		: 2
initial apicid	: 2
fpu		: yes
fpu_exception	: yes
cpuid level	: 22
wp		: yes
flags		: fpu vme de pse tsc msr pae mce cx8 apic sep mtrr pge mca cmov pat pse36 clflush dts acpi mmx fxsr sse sse2 ss ht tm pbe syscall nx pdpe1gb rdtscp lm constant_tsc art arch_perfmon pebs bts rep_good nopl xtopology nonstop_tsc cpuid aperfmperf tsc_known_freq pni pclmulqdq dtes64 monitor ds_cpl vmx est tm2 ssse3 sdbg fma cx16 xtpr pdcm pcid sse4_1 sse4_2 x2apic movbe popcnt tsc_deadline_timer aes xsave avx f16c rdrand lahf_lm abm 3dnowprefetch cpuid_fault epb invpcid_single pti tpr_shadow vnmi flexpriority ept vpid fsgsbase tsc_adjust bmi1 avx2 smep bmi2 erms invpcid mpx rdseed adx smap clflushopt intel_pt xsaveopt xsavec xgetbv1 xsaves dtherm arat pln pts hwp hwp_notify hwp_act_window hwp_epp
bugs		: cpu_meltdown spectre_v1 spectre_v2 spec_store_bypass l1tf mds
bogomips	: 4800.00
clflush size	: 64
cache_alignment	: 64
address sizes	: 39 bits physical, 48 bits virtual
power management:

processor	: 2
vendor_id	: GenuineIntel
cpu family	: 6
model		: 142
model name	: Intel(R) Core(TM) i3-7100U CPU @ 2.40GHz
stepping	: 9
microcode	: 0xb4
cpu MHz		: 2400.025
cache size	: 3072 KB
physical id	: 0
siblings	: 4
core id		: 0
cpu cores	: 2
apicid		: 1
initial apicid	: 1
fpu		: yes
fpu_exception	: yes
cpuid level	: 22
wp		: yes
flags		: fpu vme de pse tsc msr pae mce cx8 apic sep mtrr pge mca cmov pat pse36 clflush dts acpi mmx fxsr sse sse2 ss ht tm pbe syscall nx pdpe1gb rdtscp lm constant_tsc art arch_perfmon pebs bts rep_good nopl xtopology nonstop_tsc cpuid aperfmperf tsc_known_freq pni pclmulqdq dtes64 monitor ds_cpl vmx est tm2 ssse3 sdbg fma cx16 xtpr pdcm pcid sse4_1 sse4_2 x2apic movbe popcnt tsc_deadline_timer aes xsave avx f16c rdrand lahf_lm abm 3dnowprefetch cpuid_fault epb invpcid_single pti ssbd ibrs ibpb stibp tpr_shadow vnmi flexpriority ept vpid fsgsbase tsc_adjust bmi1 avx2 smep bmi2 erms invpcid mpx rdseed adx smap clflushopt intel_pt xsaveopt xsavec xgetbv1 xsaves dtherm arat pln pts hwp hwp_notify hwp_act_window hwp_epp md_clear flush_l1d
bugs		: cpu_meltdown spectre_v1 spectre_v2 spec_store_bypass l1tf mds
bogomips	: 4800.00
clflush size	: 64
cache_alignment	: 64
address sizes	: 39 bits physical, 48 bits virtual
power management:

processor	: 3
vendor_id	: GenuineIntel
cpu family	: 6
model		: 142
model name	: Intel(R) Core(TM) i3-7100U CPU @ 2.40GHz
stepping	: 9
microcode	: 0xb4
cpu MHz		: 2399.999
cache size	: 3072 KB
physical id	: 0
siblings	: 4
core id		: 1
cpu cores	: 2
apicid		: 3
initial apicid	: 3
fpu		: yes
fpu_exception	: yes
cpuid level	: 22
wp		: yes
flags		: fpu vme de pse tsc msr pae mce cx8 apic sep mtrr pge mca cmov pat pse36 clflush dts acpi mmx fxsr sse sse2 ss ht tm pbe syscall nx pdpe1gb rdtscp lm constant_tsc art arch_perfmon pebs bts rep_good nopl xtopology nonstop_tsc cpuid aperfmperf tsc_known_freq pni pclmulqdq dtes64 monitor ds_cpl vmx est tm2 ssse3 sdbg fma cx16 xtpr pdcm pcid sse4_1 sse4_2 x2apic movbe popcnt tsc_deadline_timer aes xsave avx f16c rdrand lahf_lm abm 3dnowprefetch cpuid_fault epb invpcid_single pti ssbd ibrs ibpb stibp tpr_shadow vnmi flexpriority ept vpid fsgsbase tsc_adjust bmi1 avx2 smep bmi2 erms invpcid mpx rdseed adx smap clflushopt intel_pt xsaveopt xsavec xgetbv1 xsaves dtherm arat pln pts hwp hwp_notify hwp_act_window hwp_epp md_clear flush_l1d
bugs		: cpu_meltdown spectre_v1 spectre_v2 spec_store_bypass l1tf mds
bogomips	: 4800.00
clflush size	: 64
cache_alignment	: 64
address sizes	: 39 bits physical, 48 bits virtual
power management:



Memory: 4k page, physical 3894376k(221664k free), swap 4048892k(4039356k free)

vm_info: Java HotSpot(TM) 64-Bit Server VM (25.161-b12) for linux-amd64 JRE (1.8.0_161-b12), built on Dec 19 2017 16:12:43 by "java_re" with gcc 4.3.0 20080428 (Red Hat 4.3.0-8)

time: Sat Nov 16 16:10:08 2019
elapsed time: 4 seconds (0d 0h 0m 4s)

